Using pre-set license
Built from '2020.3/staging' branch; Version is '2020.3.13f1 (71691879b7f5) revision 7432472'; Using compiler version '192528614'; Build Type 'Release'
OS: 'Windows 10 Home Single Language; OS build 19043.1165; Version 2009; 64bit' Language: 'ru' Physical Memory: 11663 MB
BatchMode: 1, IsHumanControllingUs: 0, StartBugReporterOnCrash: 0, Is64bit: 1, IsPro: 0

 COMMAND LINE ARGUMENTS:
C:\Program Files\Unity\Hub\Editor\2020.3.13f1\Editor\Unity.exe
-adb2
-batchMode
-noUpm
-name
AssetImportWorker0
-projectPath
D:/unityD/GB_Lesson/GB_UnityProject1
-logFile
Logs/AssetImportWorker0.log
-srvPort
57300
Successfully changed project path to: D:/unityD/GB_Lesson/GB_UnityProject1
D:/unityD/GB_Lesson/GB_UnityProject1
Using Asset Import Pipeline V2.
Refreshing native plugins compatible for Editor in 637.22 ms, found 2 plugins.
Preloading 0 native plugins for Editor in 0.00 ms.
Initialize engine version: 2020.3.13f1 (71691879b7f5)
[Subsystems] Discovering subsystems at path C:/Program Files/Unity/Hub/Editor/2020.3.13f1/Editor/Data/Resources/UnitySubsystems
[Subsystems] Discovering subsystems at path D:/unityD/GB_Lesson/GB_UnityProject1/Assets
GfxDevice: creating device client; threaded=0
Direct3D:
    Version:  Direct3D 11.0 [level 11.1]
    Renderer: AMD Radeon R5 Graphics (ID=0x9874)
    Vendor:   
    VRAM:     5831 MB
    Driver:   27.20.1034.6
Initialize mono
Mono path[0] = 'C:/Program Files/Unity/Hub/Editor/2020.3.13f1/Editor/Data/Managed'
Mono path[1] = 'C:/Program Files/Unity/Hub/Editor/2020.3.13f1/Editor/Data/MonoBleedingEdge/lib/mono/unityjit'
Mono config path = 'C:/Program Files/Unity/Hub/Editor/2020.3.13f1/Editor/Data/MonoBleedingEdge/etc'
Using monoOptions --debugger-agent=transport=dt_socket,embedding=1,server=y,suspend=n,address=127.0.0.1:56744
Begin MonoManager ReloadAssembly
Registering precompiled unity dll's ...
Register platform support module: C:/Program Files/Unity/Hub/Editor/2020.3.13f1/Editor/Data/PlaybackEngines/MacStandaloneSupport/UnityEditor.OSXStandalone.Extensions.dll
Register platform support module: C:/Program Files/Unity/Hub/Editor/2020.3.13f1/Editor/Data/PlaybackEngines/WindowsStandaloneSupport/UnityEditor.WindowsStandalone.Extensions.dll
Register platform support module: C:/Program Files/Unity/Hub/Editor/2020.3.13f1/Editor/Data/PlaybackEngines/LinuxStandaloneSupport/UnityEditor.LinuxStandalone.Extensions.dll
Registered in 0.008918 seconds.
Native extension for LinuxStandalone target not found
Native extension for WindowsStandalone target not found
Native extension for OSXStandalone target not found
Refreshing native plugins compatible for Editor in 110.48 ms, found 2 plugins.
Preloading 0 native plugins for Editor in 0.00 ms.
Mono: successfully reloaded assembly
- Completed reload, in 10.923 seconds
Platform modules already initialized, skipping
Registering precompiled user dll's ...
Registered in 0.013245 seconds.
Begin MonoManager ReloadAssembly
Native extension for LinuxStandalone target not found
Native extension for WindowsStandalone target not found
Native extension for OSXStandalone target not found
Refreshing native plugins compatible for Editor in 1.16 ms, found 2 plugins.
Preloading 0 native plugins for Editor in 0.00 ms.
Mono: successfully reloaded assembly
- Completed reload, in  3.117 seconds
Platform modules already initialized, skipping
========================================================================
Worker process is ready to serve import requests
Launched and connected shader compiler UnityShaderCompiler.exe after 0.28 seconds
Refreshing native plugins compatible for Editor in 1.13 ms, found 2 plugins.
Preloading 0 native plugins for Editor in 0.00 ms.
Unloading 1534 Unused Serialized files (Serialized files now loaded: 0)
System memory in use before: 153.1 MB.
System memory in use after: 152.8 MB.

Unloading 21 unused Assets to reduce memory usage. Loaded Objects now: 1982.
Total: 6.740600 ms (FindLiveObjects: 0.505300 ms CreateObjectMapping: 0.178900 ms MarkObjects: 5.062000 ms  DeleteObjects: 0.990300 ms)

AssetImportParameters requested are different than current active one (requested -> active):
  custom:framework-win-MediaFoundation: 216162199b28c13a410421893ffa2e32 -> 
  custom:video-decoder-ogg-theora: a1e56fd34408186e4bbccfd4996cb3dc -> 
  custom:container-muxer-webm: aa71ff27fc2769a1b78a27578f13a17b -> 
  custom:container-demuxer-webm: 4f35f7cbe854078d1ac9338744f61a02 -> 
  custom:container-demuxer-ogg: 62fdf1f143b41e24485cea50d1cbac27 -> 
  custom:video-encoder-webm-vp8: eb34c28f22e8b96e1ab97ce403110664 -> 
  custom:video-decoder-webm-vp8: 9c59270c3fd7afecdb556c50c9e8de78 -> 
  custom:audio-decoder-ogg-vorbis: bf7c407c2cedff20999df2af8eb42d56 -> 
  custom:audio-encoder-webm-vorbis: bf7c407c2cedff20999df2af8eb42d56 -> 
========================================================================
Received Import Request.
  path: Assets/Textures/Image/002.png
  artifactKey: Guid(4df85c82970cc0c4f9a7223800fc33db) Importer(815301076,1909f56bfc062723c751e8b465ee728b)
Start importing Assets/Textures/Image/002.png using Guid(4df85c82970cc0c4f9a7223800fc33db) Importer(815301076,1909f56bfc062723c751e8b465ee728b)  -> (artifact id: 'e6cb79a1970127026049c5207a3e02c2') in 0.400736 seconds 
  Import took 0.408859 seconds .

========================================================================
Received Import Request.
  Time since last request: 36.759441 seconds.
  path: Assets/Materials/Shoot1.mat
  artifactKey: Guid(734374f0dafb1124593bbfbc7b49238c) Importer(815301076,1909f56bfc062723c751e8b465ee728b)
Start importing Assets/Materials/Shoot1.mat using Guid(734374f0dafb1124593bbfbc7b49238c) Importer(815301076,1909f56bfc062723c751e8b465ee728b)  -> (artifact id: '2f28714bbfb8d81fd4943b4f13fafb3a') in 0.156187 seconds 
  Import took 0.163904 seconds .

========================================================================
Received Import Request.
  Time since last request: 584.878777 seconds.
  path: Assets/Scripts/Weapon/Shoot.cs
  artifactKey: Guid(f76cb8c82441b3a43bc7235680ecc560) Importer(815301076,1909f56bfc062723c751e8b465ee728b)
Start importing Assets/Scripts/Weapon/Shoot.cs using Guid(f76cb8c82441b3a43bc7235680ecc560) Importer(815301076,1909f56bfc062723c751e8b465ee728b)  -> (artifact id: 'dd17cb126af4e512357f2db99a5c619a') in 0.177080 seconds 
  Import took 0.232010 seconds .

========================================================================
Received Prepare
Registering precompiled user dll's ...
Registered in 0.011799 seconds.
Begin MonoManager ReloadAssembly
Native extension for LinuxStandalone target not found
Native extension for WindowsStandalone target not found
Native extension for OSXStandalone target not found
Refreshing native plugins compatible for Editor in 1.49 ms, found 2 plugins.
Preloading 0 native plugins for Editor in 0.00 ms.
Mono: successfully reloaded assembly
- Completed reload, in  2.807 seconds
Platform modules already initialized, skipping
Refreshing native plugins compatible for Editor in 0.98 ms, found 2 plugins.
Preloading 0 native plugins for Editor in 0.00 ms.
Unloading 1508 Unused Serialized files (Serialized files now loaded: 0)
System memory in use before: 154.2 MB.
System memory in use after: 153.9 MB.

Unloading 16 unused Assets to reduce memory usage. Loaded Objects now: 2028.
Total: 6.458700 ms (FindLiveObjects: 0.422800 ms CreateObjectMapping: 0.102100 ms MarkObjects: 4.178200 ms  DeleteObjects: 1.751900 ms)

AssetImportParameters requested are different than current active one (requested -> active):
  custom:framework-win-MediaFoundation: 216162199b28c13a410421893ffa2e32 -> 
  custom:video-decoder-ogg-theora: a1e56fd34408186e4bbccfd4996cb3dc -> 
  custom:container-muxer-webm: aa71ff27fc2769a1b78a27578f13a17b -> 
  custom:container-demuxer-webm: 4f35f7cbe854078d1ac9338744f61a02 -> 
  custom:container-demuxer-ogg: 62fdf1f143b41e24485cea50d1cbac27 -> 
  custom:video-encoder-webm-vp8: eb34c28f22e8b96e1ab97ce403110664 -> 
  custom:video-decoder-webm-vp8: 9c59270c3fd7afecdb556c50c9e8de78 -> 
  custom:audio-decoder-ogg-vorbis: bf7c407c2cedff20999df2af8eb42d56 -> 
  custom:audio-encoder-webm-vorbis: bf7c407c2cedff20999df2af8eb42d56 -> 
========================================================================
Received Prepare
Registering precompiled user dll's ...
Registered in 0.017447 seconds.
Begin MonoManager ReloadAssembly
Native extension for LinuxStandalone target not found
Native extension for WindowsStandalone target not found
Native extension for OSXStandalone target not found
Refreshing native plugins compatible for Editor in 1.07 ms, found 2 plugins.
Preloading 0 native plugins for Editor in 0.00 ms.
Mono: successfully reloaded assembly
- Completed reload, in  2.441 seconds
Platform modules already initialized, skipping
Refreshing native plugins compatible for Editor in 0.92 ms, found 2 plugins.
Preloading 0 native plugins for Editor in 0.00 ms.
Unloading 1508 Unused Serialized files (Serialized files now loaded: 0)
System memory in use before: 154.2 MB.
System memory in use after: 153.9 MB.

Unloading 16 unused Assets to reduce memory usage. Loaded Objects now: 2031.
Total: 4.999500 ms (FindLiveObjects: 0.381400 ms CreateObjectMapping: 0.079500 ms MarkObjects: 3.617200 ms  DeleteObjects: 0.917800 ms)

AssetImportParameters requested are different than current active one (requested -> active):
  custom:framework-win-MediaFoundation: 216162199b28c13a410421893ffa2e32 -> 
  custom:video-decoder-ogg-theora: a1e56fd34408186e4bbccfd4996cb3dc -> 
  custom:container-muxer-webm: aa71ff27fc2769a1b78a27578f13a17b -> 
  custom:container-demuxer-webm: 4f35f7cbe854078d1ac9338744f61a02 -> 
  custom:container-demuxer-ogg: 62fdf1f143b41e24485cea50d1cbac27 -> 
  custom:video-encoder-webm-vp8: eb34c28f22e8b96e1ab97ce403110664 -> 
  custom:video-decoder-webm-vp8: 9c59270c3fd7afecdb556c50c9e8de78 -> 
  custom:audio-decoder-ogg-vorbis: bf7c407c2cedff20999df2af8eb42d56 -> 
  custom:audio-encoder-webm-vorbis: bf7c407c2cedff20999df2af8eb42d56 -> 
========================================================================
Received Import Request.
  Time since last request: 268.700353 seconds.
  path: Assets/Prefabs/FPSController.prefab
  artifactKey: Guid(03c0114438e3c864c8624cada32a24fa) Importer(815301076,1909f56bfc062723c751e8b465ee728b)
Start importing Assets/Prefabs/FPSController.prefab using Guid(03c0114438e3c864c8624cada32a24fa) Importer(815301076,1909f56bfc062723c751e8b465ee728b)  -> (artifact id: '1d3581ba8fc73d78869476fdd31fa8ea') in 0.192176 seconds 
  Import took 0.200583 seconds .

========================================================================
Received Import Request.
  Time since last request: 7.719573 seconds.
  path: Assets/Prefabs/Shell/Shoot.prefab
  artifactKey: Guid(54aaba72e323254438662f588064e756) Importer(815301076,1909f56bfc062723c751e8b465ee728b)
Start importing Assets/Prefabs/Shell/Shoot.prefab using Guid(54aaba72e323254438662f588064e756) Importer(815301076,1909f56bfc062723c751e8b465ee728b)  -> (artifact id: '8ee5ef1994809ef152979a1c6b73d7b0') in 0.063476 seconds 
  Import took 0.071449 seconds .

========================================================================
Received Import Request.
  Time since last request: 4.863177 seconds.
  path: Assets/Prefabs/Shell/Shoot01.prefab
  artifactKey: Guid(54aaba72e323254438662f588064e756) Importer(815301076,1909f56bfc062723c751e8b465ee728b)
Start importing Assets/Prefabs/Shell/Shoot01.prefab using Guid(54aaba72e323254438662f588064e756) Importer(815301076,1909f56bfc062723c751e8b465ee728b)  -> (artifact id: 'f7baabba3a6c570673b41366d634e2fd') in 0.713943 seconds 
  Import took 0.721089 seconds .

========================================================================
Received Prepare
Registering precompiled user dll's ...
Registered in 0.019445 seconds.
Begin MonoManager ReloadAssembly
Native extension for LinuxStandalone target not found
Native extension for WindowsStandalone target not found
Native extension for OSXStandalone target not found
Refreshing native plugins compatible for Editor in 1.06 ms, found 2 plugins.
Preloading 0 native plugins for Editor in 0.00 ms.
Mono: successfully reloaded assembly
- Completed reload, in  3.024 seconds
Platform modules already initialized, skipping
Refreshing native plugins compatible for Editor in 0.99 ms, found 2 plugins.
Preloading 0 native plugins for Editor in 0.00 ms.
Unloading 1508 Unused Serialized files (Serialized files now loaded: 0)
System memory in use before: 154.3 MB.
System memory in use after: 154.1 MB.

Unloading 18 unused Assets to reduce memory usage. Loaded Objects now: 2037.
Total: 5.453500 ms (FindLiveObjects: 0.429000 ms CreateObjectMapping: 0.105000 ms MarkObjects: 3.951400 ms  DeleteObjects: 0.964700 ms)

AssetImportParameters requested are different than current active one (requested -> active):
  custom:framework-win-MediaFoundation: 216162199b28c13a410421893ffa2e32 -> 
  custom:video-decoder-ogg-theora: a1e56fd34408186e4bbccfd4996cb3dc -> 
  custom:container-muxer-webm: aa71ff27fc2769a1b78a27578f13a17b -> 
  custom:container-demuxer-webm: 4f35f7cbe854078d1ac9338744f61a02 -> 
  custom:container-demuxer-ogg: 62fdf1f143b41e24485cea50d1cbac27 -> 
  custom:video-encoder-webm-vp8: eb34c28f22e8b96e1ab97ce403110664 -> 
  custom:video-decoder-webm-vp8: 9c59270c3fd7afecdb556c50c9e8de78 -> 
  custom:audio-decoder-ogg-vorbis: bf7c407c2cedff20999df2af8eb42d56 -> 
  custom:audio-encoder-webm-vorbis: bf7c407c2cedff20999df2af8eb42d56 -> 
========================================================================
Received Prepare
Registering precompiled user dll's ...
Registered in 0.047908 seconds.
Begin MonoManager ReloadAssembly
Native extension for LinuxStandalone target not found
Native extension for WindowsStandalone target not found
Native extension for OSXStandalone target not found
Refreshing native plugins compatible for Editor in 1.30 ms, found 2 plugins.
Preloading 0 native plugins for Editor in 0.00 ms.
Mono: successfully reloaded assembly
- Completed reload, in  7.862 seconds
Platform modules already initialized, skipping
Refreshing native plugins compatible for Editor in 1.14 ms, found 2 plugins.
Preloading 0 native plugins for Editor in 0.00 ms.
Unloading 1508 Unused Serialized files (Serialized files now loaded: 0)
System memory in use before: 154.4 MB.
System memory in use after: 154.1 MB.

Unloading 16 unused Assets to reduce memory usage. Loaded Objects now: 2040.
Total: 6.313100 ms (FindLiveObjects: 0.445300 ms CreateObjectMapping: 0.118800 ms MarkObjects: 4.702000 ms  DeleteObjects: 1.043700 ms)

AssetImportParameters requested are different than current active one (requested -> active):
  custom:framework-win-MediaFoundation: 216162199b28c13a410421893ffa2e32 -> 
  custom:video-decoder-ogg-theora: a1e56fd34408186e4bbccfd4996cb3dc -> 
  custom:container-muxer-webm: aa71ff27fc2769a1b78a27578f13a17b -> 
  custom:container-demuxer-webm: 4f35f7cbe854078d1ac9338744f61a02 -> 
  custom:container-demuxer-ogg: 62fdf1f143b41e24485cea50d1cbac27 -> 
  custom:video-encoder-webm-vp8: eb34c28f22e8b96e1ab97ce403110664 -> 
  custom:video-decoder-webm-vp8: 9c59270c3fd7afecdb556c50c9e8de78 -> 
  custom:audio-decoder-ogg-vorbis: bf7c407c2cedff20999df2af8eb42d56 -> 
  custom:audio-encoder-webm-vorbis: bf7c407c2cedff20999df2af8eb42d56 -> 
========================================================================
Received Prepare
Registering precompiled user dll's ...
Registered in 0.024972 seconds.
Begin MonoManager ReloadAssembly
Native extension for LinuxStandalone target not found
Native extension for WindowsStandalone target not found
Native extension for OSXStandalone target not found
Refreshing native plugins compatible for Editor in 1.10 ms, found 2 plugins.
Preloading 0 native plugins for Editor in 0.00 ms.
Mono: successfully reloaded assembly
- Completed reload, in  7.490 seconds
Platform modules already initialized, skipping
Refreshing native plugins compatible for Editor in 0.94 ms, found 2 plugins.
Preloading 0 native plugins for Editor in 0.00 ms.
Unloading 1508 Unused Serialized files (Serialized files now loaded: 0)
System memory in use before: 154.4 MB.
System memory in use after: 154.1 MB.

Unloading 16 unused Assets to reduce memory usage. Loaded Objects now: 2043.
Total: 6.812300 ms (FindLiveObjects: 0.470400 ms CreateObjectMapping: 0.102600 ms MarkObjects: 5.177100 ms  DeleteObjects: 1.058700 ms)

AssetImportParameters requested are different than current active one (requested -> active):
  custom:framework-win-MediaFoundation: 216162199b28c13a410421893ffa2e32 -> 
  custom:video-decoder-ogg-theora: a1e56fd34408186e4bbccfd4996cb3dc -> 
  custom:container-muxer-webm: aa71ff27fc2769a1b78a27578f13a17b -> 
  custom:container-demuxer-webm: 4f35f7cbe854078d1ac9338744f61a02 -> 
  custom:container-demuxer-ogg: 62fdf1f143b41e24485cea50d1cbac27 -> 
  custom:video-encoder-webm-vp8: eb34c28f22e8b96e1ab97ce403110664 -> 
  custom:video-decoder-webm-vp8: 9c59270c3fd7afecdb556c50c9e8de78 -> 
  custom:audio-decoder-ogg-vorbis: bf7c407c2cedff20999df2af8eb42d56 -> 
  custom:audio-encoder-webm-vorbis: bf7c407c2cedff20999df2af8eb42d56 -> 
========================================================================
Received Import Request.
  Time since last request: 2217.425657 seconds.
  path: Assets/Prefabs/Shell/Shoot01.prefab
  artifactKey: Guid(54aaba72e323254438662f588064e756) Importer(815301076,1909f56bfc062723c751e8b465ee728b)
Start importing Assets/Prefabs/Shell/Shoot01.prefab using Guid(54aaba72e323254438662f588064e756) Importer(815301076,1909f56bfc062723c751e8b465ee728b)  -> (artifact id: 'd428e618ccedab317b03f48fd174e96d') in 0.161485 seconds 
  Import took 0.169483 seconds .

========================================================================
Received Prepare
Registering precompiled user dll's ...
Registered in 0.066818 seconds.
Begin MonoManager ReloadAssembly
Native extension for LinuxStandalone target not found
Native extension for WindowsStandalone target not found
Native extension for OSXStandalone target not found
Refreshing native plugins compatible for Editor in 1.02 ms, found 2 plugins.
Preloading 0 native plugins for Editor in 0.00 ms.
Mono: successfully reloaded assembly
- Completed reload, in  2.742 seconds
Platform modules already initialized, skipping
Refreshing native plugins compatible for Editor in 0.97 ms, found 2 plugins.
Preloading 0 native plugins for Editor in 0.00 ms.
Unloading 1508 Unused Serialized files (Serialized files now loaded: 0)
System memory in use before: 154.4 MB.
System memory in use after: 154.1 MB.

Unloading 18 unused Assets to reduce memory usage. Loaded Objects now: 2047.
Total: 6.471800 ms (FindLiveObjects: 0.470500 ms CreateObjectMapping: 0.113500 ms MarkObjects: 4.773300 ms  DeleteObjects: 1.110200 ms)

AssetImportParameters requested are different than current active one (requested -> active):
  custom:framework-win-MediaFoundation: 216162199b28c13a410421893ffa2e32 -> 
  custom:video-decoder-ogg-theora: a1e56fd34408186e4bbccfd4996cb3dc -> 
  custom:container-muxer-webm: aa71ff27fc2769a1b78a27578f13a17b -> 
  custom:container-demuxer-webm: 4f35f7cbe854078d1ac9338744f61a02 -> 
  custom:container-demuxer-ogg: 62fdf1f143b41e24485cea50d1cbac27 -> 
  custom:video-encoder-webm-vp8: eb34c28f22e8b96e1ab97ce403110664 -> 
  custom:video-decoder-webm-vp8: 9c59270c3fd7afecdb556c50c9e8de78 -> 
  custom:audio-decoder-ogg-vorbis: bf7c407c2cedff20999df2af8eb42d56 -> 
  custom:audio-encoder-webm-vorbis: bf7c407c2cedff20999df2af8eb42d56 -> 
========================================================================
Received Prepare
Registering precompiled user dll's ...
Registered in 0.018203 seconds.
Begin MonoManager ReloadAssembly
Native extension for LinuxStandalone target not found
Native extension for WindowsStandalone target not found
Native extension for OSXStandalone target not found
Refreshing native plugins compatible for Editor in 0.86 ms, found 2 plugins.
Preloading 0 native plugins for Editor in 0.00 ms.
Mono: successfully reloaded assembly
- Completed reload, in  2.663 seconds
Platform modules already initialized, skipping
Refreshing native plugins compatible for Editor in 1.10 ms, found 2 plugins.
Preloading 0 native plugins for Editor in 0.00 ms.
Unloading 1508 Unused Serialized files (Serialized files now loaded: 0)
System memory in use before: 154.4 MB.
System memory in use after: 154.1 MB.

Unloading 16 unused Assets to reduce memory usage. Loaded Objects now: 2050.
Total: 7.104800 ms (FindLiveObjects: 0.550900 ms CreateObjectMapping: 0.195300 ms MarkObjects: 4.706400 ms  DeleteObjects: 1.648500 ms)

AssetImportParameters requested are different than current active one (requested -> active):
  custom:framework-win-MediaFoundation: 216162199b28c13a410421893ffa2e32 -> 
  custom:video-decoder-ogg-theora: a1e56fd34408186e4bbccfd4996cb3dc -> 
  custom:container-muxer-webm: aa71ff27fc2769a1b78a27578f13a17b -> 
  custom:container-demuxer-webm: 4f35f7cbe854078d1ac9338744f61a02 -> 
  custom:container-demuxer-ogg: 62fdf1f143b41e24485cea50d1cbac27 -> 
  custom:video-encoder-webm-vp8: eb34c28f22e8b96e1ab97ce403110664 -> 
  custom:video-decoder-webm-vp8: 9c59270c3fd7afecdb556c50c9e8de78 -> 
  custom:audio-decoder-ogg-vorbis: bf7c407c2cedff20999df2af8eb42d56 -> 
  custom:audio-encoder-webm-vorbis: bf7c407c2cedff20999df2af8eb42d56 -> 
========================================================================
Received Prepare
Registering precompiled user dll's ...
Registered in 0.013412 seconds.
Begin MonoManager ReloadAssembly
Native extension for LinuxStandalone target not found
Native extension for WindowsStandalone target not found
Native extension for OSXStandalone target not found
Refreshing native plugins compatible for Editor in 1.02 ms, found 2 plugins.
Preloading 0 native plugins for Editor in 0.00 ms.
Mono: successfully reloaded assembly
- Completed reload, in  2.256 seconds
Platform modules already initialized, skipping
Refreshing native plugins compatible for Editor in 1.79 ms, found 2 plugins.
Preloading 0 native plugins for Editor in 0.00 ms.
Unloading 1508 Unused Serialized files (Serialized files now loaded: 0)
System memory in use before: 154.4 MB.
System memory in use after: 154.1 MB.

Unloading 16 unused Assets to reduce memory usage. Loaded Objects now: 2053.
Total: 5.819200 ms (FindLiveObjects: 0.418500 ms CreateObjectMapping: 0.102100 ms MarkObjects: 4.224900 ms  DeleteObjects: 1.070200 ms)

AssetImportParameters requested are different than current active one (requested -> active):
  custom:framework-win-MediaFoundation: 216162199b28c13a410421893ffa2e32 -> 
  custom:video-decoder-ogg-theora: a1e56fd34408186e4bbccfd4996cb3dc -> 
  custom:container-muxer-webm: aa71ff27fc2769a1b78a27578f13a17b -> 
  custom:container-demuxer-webm: 4f35f7cbe854078d1ac9338744f61a02 -> 
  custom:container-demuxer-ogg: 62fdf1f143b41e24485cea50d1cbac27 -> 
  custom:video-encoder-webm-vp8: eb34c28f22e8b96e1ab97ce403110664 -> 
  custom:video-decoder-webm-vp8: 9c59270c3fd7afecdb556c50c9e8de78 -> 
  custom:audio-decoder-ogg-vorbis: bf7c407c2cedff20999df2af8eb42d56 -> 
  custom:audio-encoder-webm-vorbis: bf7c407c2cedff20999df2af8eb42d56 -> 
========================================================================
Received Prepare
Registering precompiled user dll's ...
Registered in 0.012206 seconds.
Begin MonoManager ReloadAssembly
Native extension for LinuxStandalone target not found
Native extension for WindowsStandalone target not found
Native extension for OSXStandalone target not found
Refreshing native plugins compatible for Editor in 1.31 ms, found 2 plugins.
Preloading 0 native plugins for Editor in 0.00 ms.
Mono: successfully reloaded assembly
- Completed reload, in  3.762 seconds
Platform modules already initialized, skipping
Refreshing native plugins compatible for Editor in 1.08 ms, found 2 plugins.
Preloading 0 native plugins for Editor in 0.00 ms.
Unloading 1508 Unused Serialized files (Serialized files now loaded: 0)
System memory in use before: 154.5 MB.
System memory in use after: 154.2 MB.

Unloading 16 unused Assets to reduce memory usage. Loaded Objects now: 2056.
Total: 5.912900 ms (FindLiveObjects: 0.491900 ms CreateObjectMapping: 0.156500 ms MarkObjects: 4.141400 ms  DeleteObjects: 1.120400 ms)

AssetImportParameters requested are different than current active one (requested -> active):
  custom:framework-win-MediaFoundation: 216162199b28c13a410421893ffa2e32 -> 
  custom:video-decoder-ogg-theora: a1e56fd34408186e4bbccfd4996cb3dc -> 
  custom:container-muxer-webm: aa71ff27fc2769a1b78a27578f13a17b -> 
  custom:container-demuxer-webm: 4f35f7cbe854078d1ac9338744f61a02 -> 
  custom:container-demuxer-ogg: 62fdf1f143b41e24485cea50d1cbac27 -> 
  custom:video-encoder-webm-vp8: eb34c28f22e8b96e1ab97ce403110664 -> 
  custom:video-decoder-webm-vp8: 9c59270c3fd7afecdb556c50c9e8de78 -> 
  custom:audio-decoder-ogg-vorbis: bf7c407c2cedff20999df2af8eb42d56 -> 
  custom:audio-encoder-webm-vorbis: bf7c407c2cedff20999df2af8eb42d56 -> 
========================================================================
Received Prepare
Registering precompiled user dll's ...
Registered in 0.020429 seconds.
Begin MonoManager ReloadAssembly
Native extension for LinuxStandalone target not found
Native extension for WindowsStandalone target not found
Native extension for OSXStandalone target not found
Refreshing native plugins compatible for Editor in 2.03 ms, found 2 plugins.
Preloading 0 native plugins for Editor in 0.00 ms.
Mono: successfully reloaded assembly
- Completed reload, in  3.060 seconds
Platform modules already initialized, skipping
Refreshing native plugins compatible for Editor in 0.97 ms, found 2 plugins.
Preloading 0 native plugins for Editor in 0.00 ms.
Unloading 1508 Unused Serialized files (Serialized files now loaded: 0)
System memory in use before: 154.4 MB.
System memory in use after: 154.2 MB.

Unloading 16 unused Assets to reduce memory usage. Loaded Objects now: 2059.
Total: 5.501700 ms (FindLiveObjects: 0.463800 ms CreateObjectMapping: 0.112700 ms MarkObjects: 3.934400 ms  DeleteObjects: 0.988000 ms)

AssetImportParameters requested are different than current active one (requested -> active):
  custom:framework-win-MediaFoundation: 216162199b28c13a410421893ffa2e32 -> 
  custom:video-decoder-ogg-theora: a1e56fd34408186e4bbccfd4996cb3dc -> 
  custom:container-muxer-webm: aa71ff27fc2769a1b78a27578f13a17b -> 
  custom:container-demuxer-webm: 4f35f7cbe854078d1ac9338744f61a02 -> 
  custom:container-demuxer-ogg: 62fdf1f143b41e24485cea50d1cbac27 -> 
  custom:video-encoder-webm-vp8: eb34c28f22e8b96e1ab97ce403110664 -> 
  custom:video-decoder-webm-vp8: 9c59270c3fd7afecdb556c50c9e8de78 -> 
  custom:audio-decoder-ogg-vorbis: bf7c407c2cedff20999df2af8eb42d56 -> 
  custom:audio-encoder-webm-vorbis: bf7c407c2cedff20999df2af8eb42d56 -> 
========================================================================
Received Prepare
Registering precompiled user dll's ...
Registered in 0.010937 seconds.
Begin MonoManager ReloadAssembly
Native extension for LinuxStandalone target not found
Native extension for WindowsStandalone target not found
Native extension for OSXStandalone target not found
Refreshing native plugins compatible for Editor in 1.07 ms, found 2 plugins.
Preloading 0 native plugins for Editor in 0.00 ms.
Mono: successfully reloaded assembly
- Completed reload, in  2.474 seconds
Platform modules already initialized, skipping
Refreshing native plugins compatible for Editor in 1.09 ms, found 2 plugins.
Preloading 0 native plugins for Editor in 0.00 ms.
Unloading 1508 Unused Serialized files (Serialized files now loaded: 0)
System memory in use before: 154.5 MB.
System memory in use after: 154.2 MB.

Unloading 16 unused Assets to reduce memory usage. Loaded Objects now: 2062.
Total: 5.959900 ms (FindLiveObjects: 0.472100 ms CreateObjectMapping: 0.100600 ms MarkObjects: 4.261800 ms  DeleteObjects: 1.121900 ms)

AssetImportParameters requested are different than current active one (requested -> active):
  custom:framework-win-MediaFoundation: 216162199b28c13a410421893ffa2e32 -> 
  custom:video-decoder-ogg-theora: a1e56fd34408186e4bbccfd4996cb3dc -> 
  custom:container-muxer-webm: aa71ff27fc2769a1b78a27578f13a17b -> 
  custom:container-demuxer-webm: 4f35f7cbe854078d1ac9338744f61a02 -> 
  custom:container-demuxer-ogg: 62fdf1f143b41e24485cea50d1cbac27 -> 
  custom:video-encoder-webm-vp8: eb34c28f22e8b96e1ab97ce403110664 -> 
  custom:video-decoder-webm-vp8: 9c59270c3fd7afecdb556c50c9e8de78 -> 
  custom:audio-decoder-ogg-vorbis: bf7c407c2cedff20999df2af8eb42d56 -> 
  custom:audio-encoder-webm-vorbis: bf7c407c2cedff20999df2af8eb42d56 -> 
========================================================================
Received Prepare
Registering precompiled user dll's ...
Registered in 0.039370 seconds.
Begin MonoManager ReloadAssembly
Native extension for LinuxStandalone target not found
Native extension for WindowsStandalone target not found
Native extension for OSXStandalone target not found
Refreshing native plugins compatible for Editor in 0.98 ms, found 2 plugins.
Preloading 0 native plugins for Editor in 0.00 ms.
Mono: successfully reloaded assembly
- Completed reload, in  2.741 seconds
Platform modules already initialized, skipping
Refreshing native plugins compatible for Editor in 1.04 ms, found 2 plugins.
Preloading 0 native plugins for Editor in 0.00 ms.
Unloading 1508 Unused Serialized files (Serialized files now loaded: 0)
System memory in use before: 154.5 MB.
System memory in use after: 154.2 MB.

Unloading 16 unused Assets to reduce memory usage. Loaded Objects now: 2065.
Total: 5.407200 ms (FindLiveObjects: 0.384500 ms CreateObjectMapping: 0.077300 ms MarkObjects: 3.946500 ms  DeleteObjects: 0.996000 ms)

AssetImportParameters requested are different than current active one (requested -> active):
  custom:framework-win-MediaFoundation: 216162199b28c13a410421893ffa2e32 -> 
  custom:video-decoder-ogg-theora: a1e56fd34408186e4bbccfd4996cb3dc -> 
  custom:container-muxer-webm: aa71ff27fc2769a1b78a27578f13a17b -> 
  custom:container-demuxer-webm: 4f35f7cbe854078d1ac9338744f61a02 -> 
  custom:container-demuxer-ogg: 62fdf1f143b41e24485cea50d1cbac27 -> 
  custom:video-encoder-webm-vp8: eb34c28f22e8b96e1ab97ce403110664 -> 
  custom:video-decoder-webm-vp8: 9c59270c3fd7afecdb556c50c9e8de78 -> 
  custom:audio-decoder-ogg-vorbis: bf7c407c2cedff20999df2af8eb42d56 -> 
  custom:audio-encoder-webm-vorbis: bf7c407c2cedff20999df2af8eb42d56 -> 
========================================================================
Received Import Request.
  Time since last request: 2499.823631 seconds.
  path: Assets/Prefabs/Weapons/Boolet000.prefab
  artifactKey: Guid(9a5040a8290abde48a1b988e09976f61) Importer(815301076,1909f56bfc062723c751e8b465ee728b)
Start importing Assets/Prefabs/Weapons/Boolet000.prefab using Guid(9a5040a8290abde48a1b988e09976f61) Importer(815301076,1909f56bfc062723c751e8b465ee728b)  -> (artifact id: '62feb28db5cae00d8ccba61bca255e32') in 0.164197 seconds 
  Import took 0.170578 seconds .

========================================================================
Received Import Request.
  Time since last request: 15.926831 seconds.
  path: Assets/Prefabs/Shell/Shoot01.prefab
  artifactKey: Guid(54aaba72e323254438662f588064e756) Importer(815301076,1909f56bfc062723c751e8b465ee728b)
Start importing Assets/Prefabs/Shell/Shoot01.prefab using Guid(54aaba72e323254438662f588064e756) Importer(815301076,1909f56bfc062723c751e8b465ee728b)  -> (artifact id: 'fce086927600c3424590988a5b983a4b') in 0.072913 seconds 
  Import took 0.082869 seconds .

========================================================================
Received Import Request.
  Time since last request: 11.291248 seconds.
  path: Assets/Prefabs/Shell/Shoot01.prefab
  artifactKey: Guid(54aaba72e323254438662f588064e756) Importer(815301076,1909f56bfc062723c751e8b465ee728b)
Start importing Assets/Prefabs/Shell/Shoot01.prefab using Guid(54aaba72e323254438662f588064e756) Importer(815301076,1909f56bfc062723c751e8b465ee728b)  -> (artifact id: '131f4b75ec0f1441019b38c5fa2b93c9') in 0.307776 seconds 
  Import took 0.326944 seconds .

========================================================================
Received Import Request.
  Time since last request: 29.312888 seconds.
  path: Assets/Prefabs/Shell/Shoot.prefab
  artifactKey: Guid(8327cd41e1468844e8eb6721aa202971) Importer(815301076,1909f56bfc062723c751e8b465ee728b)
Start importing Assets/Prefabs/Shell/Shoot.prefab using Guid(8327cd41e1468844e8eb6721aa202971) Importer(815301076,1909f56bfc062723c751e8b465ee728b)  -> (artifact id: '455c621e6d75d402349422cd3d7f3cfe') in 0.074801 seconds 
  Import took 0.082199 seconds .

========================================================================
Received Import Request.
  Time since last request: 0.007749 seconds.
  path: Assets/Prefabs/Shell/Shoot.prefab
  artifactKey: Guid(8327cd41e1468844e8eb6721aa202971) Importer(815301076,1909f56bfc062723c751e8b465ee728b)
Start importing Assets/Prefabs/Shell/Shoot.prefab using Guid(8327cd41e1468844e8eb6721aa202971) Importer(815301076,1909f56bfc062723c751e8b465ee728b)  -> (artifact id: '455c621e6d75d402349422cd3d7f3cfe') in 0.062143 seconds 
  Import took 0.068184 seconds .

========================================================================
Received Import Request.
  Time since last request: 21.523870 seconds.
  path: Assets/Prefabs/Shell/Shoot001.prefab
  artifactKey: Guid(8327cd41e1468844e8eb6721aa202971) Importer(815301076,1909f56bfc062723c751e8b465ee728b)
Start importing Assets/Prefabs/Shell/Shoot001.prefab using Guid(8327cd41e1468844e8eb6721aa202971) Importer(815301076,1909f56bfc062723c751e8b465ee728b)  -> (artifact id: 'e73319d6cd9c12bbe680e500089a3c99') in 0.096028 seconds 
  Import took 0.103904 seconds .

========================================================================
Received Prepare
Registering precompiled user dll's ...
Registered in 0.010062 seconds.
Begin MonoManager ReloadAssembly
Native extension for LinuxStandalone target not found
Native extension for WindowsStandalone target not found
Native extension for OSXStandalone target not found
Refreshing native plugins compatible for Editor in 1.06 ms, found 2 plugins.
Preloading 0 native plugins for Editor in 0.00 ms.
Mono: successfully reloaded assembly
- Completed reload, in  2.318 seconds
Platform modules already initialized, skipping
Refreshing native plugins compatible for Editor in 0.98 ms, found 2 plugins.
Preloading 0 native plugins for Editor in 0.00 ms.
Unloading 1508 Unused Serialized files (Serialized files now loaded: 0)
System memory in use before: 154.5 MB.
System memory in use after: 154.3 MB.

Unloading 18 unused Assets to reduce memory usage. Loaded Objects now: 2069.
Total: 5.610200 ms (FindLiveObjects: 0.428100 ms CreateObjectMapping: 0.103300 ms MarkObjects: 4.063900 ms  DeleteObjects: 1.011200 ms)

AssetImportParameters requested are different than current active one (requested -> active):
  custom:framework-win-MediaFoundation: 216162199b28c13a410421893ffa2e32 -> 
  custom:video-decoder-ogg-theora: a1e56fd34408186e4bbccfd4996cb3dc -> 
  custom:container-muxer-webm: aa71ff27fc2769a1b78a27578f13a17b -> 
  custom:container-demuxer-webm: 4f35f7cbe854078d1ac9338744f61a02 -> 
  custom:container-demuxer-ogg: 62fdf1f143b41e24485cea50d1cbac27 -> 
  custom:video-encoder-webm-vp8: eb34c28f22e8b96e1ab97ce403110664 -> 
  custom:video-decoder-webm-vp8: 9c59270c3fd7afecdb556c50c9e8de78 -> 
  custom:audio-decoder-ogg-vorbis: bf7c407c2cedff20999df2af8eb42d56 -> 
  custom:audio-encoder-webm-vorbis: bf7c407c2cedff20999df2af8eb42d56 -> 
========================================================================
Received Import Request.
  Time since last request: 172.673952 seconds.
  path: Assets/Prefabs/Weapons/Boolet
  artifactKey: Guid(0ee7bd3b57bc1a844897023a5bac9d97) Importer(815301076,1909f56bfc062723c751e8b465ee728b)
Start importing Assets/Prefabs/Weapons/Boolet using Guid(0ee7bd3b57bc1a844897023a5bac9d97) Importer(815301076,1909f56bfc062723c751e8b465ee728b)  -> (artifact id: 'e5d86d2dba91d7747c8ee337a893630a') in 0.031570 seconds 
  Import took 0.038749 seconds .

========================================================================
Received Import Request.
  Time since last request: 0.010441 seconds.
  path: Assets/Prefabs/Weapons/Boolet
  artifactKey: Guid(0ee7bd3b57bc1a844897023a5bac9d97) Importer(815301076,1909f56bfc062723c751e8b465ee728b)
Start importing Assets/Prefabs/Weapons/Boolet using Guid(0ee7bd3b57bc1a844897023a5bac9d97) Importer(815301076,1909f56bfc062723c751e8b465ee728b)  -> (artifact id: 'e5d86d2dba91d7747c8ee337a893630a') in 0.034325 seconds 
  Import took 0.048421 seconds .

========================================================================
Received Import Request.
  Time since last request: 41.898830 seconds.
  path: Assets/Prefabs/Weapons/Boolet/Boolet000.prefab
  artifactKey: Guid(9a5040a8290abde48a1b988e09976f61) Importer(815301076,1909f56bfc062723c751e8b465ee728b)
Start importing Assets/Prefabs/Weapons/Boolet/Boolet000.prefab using Guid(9a5040a8290abde48a1b988e09976f61) Importer(815301076,1909f56bfc062723c751e8b465ee728b)  -> (artifact id: '1ed25ff17da7bf1d35d32d6c75fe2ed5') in 0.666155 seconds 
  Import took 0.706995 seconds .

========================================================================
Received Import Request.
  Time since last request: 11.665403 seconds.
  path: Assets/Prefabs/Weapons/Boolet/Boolet000.prefab
  artifactKey: Guid(9a5040a8290abde48a1b988e09976f61) Importer(815301076,1909f56bfc062723c751e8b465ee728b)
Start importing Assets/Prefabs/Weapons/Boolet/Boolet000.prefab using Guid(9a5040a8290abde48a1b988e09976f61) Importer(815301076,1909f56bfc062723c751e8b465ee728b)  -> (artifact id: 'fe7ac92079d7f9aafbac66b2065a6c9d') in 0.052196 seconds 
  Import took 0.060209 seconds .

========================================================================
Received Import Request.
  Time since last request: 18.020784 seconds.
  path: Assets/Prefabs/Weapons/Boolet/Boolet000.prefab
  artifactKey: Guid(9a5040a8290abde48a1b988e09976f61) Importer(815301076,1909f56bfc062723c751e8b465ee728b)
Start importing Assets/Prefabs/Weapons/Boolet/Boolet000.prefab using Guid(9a5040a8290abde48a1b988e09976f61) Importer(815301076,1909f56bfc062723c751e8b465ee728b)  -> (artifact id: '5646d53c851414882a000fa7d271781d') in 0.038601 seconds 
  Import took 0.046618 seconds .

========================================================================
Received Import Request.
  Time since last request: 2.514873 seconds.
  path: Assets/Prefabs/Weapons/Boolet/Boolet000.prefab
  artifactKey: Guid(9a5040a8290abde48a1b988e09976f61) Importer(815301076,1909f56bfc062723c751e8b465ee728b)
Start importing Assets/Prefabs/Weapons/Boolet/Boolet000.prefab using Guid(9a5040a8290abde48a1b988e09976f61) Importer(815301076,1909f56bfc062723c751e8b465ee728b)  -> (artifact id: '5bd4684023479b886469a8d9c8797af8') in 0.043719 seconds 
  Import took 0.053988 seconds .

========================================================================
Received Import Request.
  Time since last request: 2.974814 seconds.
  path: Assets/Prefabs/Weapons/Boolet/Boolet000.prefab
  artifactKey: Guid(9a5040a8290abde48a1b988e09976f61) Importer(815301076,1909f56bfc062723c751e8b465ee728b)
Start importing Assets/Prefabs/Weapons/Boolet/Boolet000.prefab using Guid(9a5040a8290abde48a1b988e09976f61) Importer(815301076,1909f56bfc062723c751e8b465ee728b)  -> (artifact id: '672dda6034c99aedd899d893453812b3') in 0.037679 seconds 
  Import took 0.047521 seconds .

========================================================================
Received Import Request.
  Time since last request: 3.549424 seconds.
  path: Assets/Prefabs/Weapons/Boolet/Boolet000.prefab
  artifactKey: Guid(9a5040a8290abde48a1b988e09976f61) Importer(815301076,1909f56bfc062723c751e8b465ee728b)
Start importing Assets/Prefabs/Weapons/Boolet/Boolet000.prefab using Guid(9a5040a8290abde48a1b988e09976f61) Importer(815301076,1909f56bfc062723c751e8b465ee728b)  -> (artifact id: '77abec45023f64fc79c900d6e43ac528') in 0.037197 seconds 
  Import took 0.044092 seconds .

========================================================================
Received Import Request.
  Time since last request: 7.605885 seconds.
  path: Assets/Prefabs/Weapons/Boolet/Boolet000.prefab
  artifactKey: Guid(9a5040a8290abde48a1b988e09976f61) Importer(815301076,1909f56bfc062723c751e8b465ee728b)
Start importing Assets/Prefabs/Weapons/Boolet/Boolet000.prefab using Guid(9a5040a8290abde48a1b988e09976f61) Importer(815301076,1909f56bfc062723c751e8b465ee728b)  -> (artifact id: '95a1109447d5d49bd82a7376b3eb44c5') in 0.051105 seconds 
  Import took 0.059909 seconds .

========================================================================
Received Import Request.
  Time since last request: 1.944074 seconds.
  path: Assets/Prefabs/Weapons/Boolet/Boolet000.prefab
  artifactKey: Guid(9a5040a8290abde48a1b988e09976f61) Importer(815301076,1909f56bfc062723c751e8b465ee728b)
Start importing Assets/Prefabs/Weapons/Boolet/Boolet000.prefab using Guid(9a5040a8290abde48a1b988e09976f61) Importer(815301076,1909f56bfc062723c751e8b465ee728b)  -> (artifact id: '284b4cbbf18bc37f1d11014ddf688365') in 0.047698 seconds 
  Import took 0.053900 seconds .

========================================================================
Received Import Request.
  Time since last request: 18.409601 seconds.
  path: Assets/Prefabs/Weapons/Boolet/Boolet000.prefab
  artifactKey: Guid(9a5040a8290abde48a1b988e09976f61) Importer(815301076,1909f56bfc062723c751e8b465ee728b)
Start importing Assets/Prefabs/Weapons/Boolet/Boolet000.prefab using Guid(9a5040a8290abde48a1b988e09976f61) Importer(815301076,1909f56bfc062723c751e8b465ee728b)  -> (artifact id: '8486bc58ef2660443ac8c0289c686f98') in 0.041167 seconds 
  Import took 0.049413 seconds .

========================================================================
Received Import Request.
  Time since last request: 1.148292 seconds.
  path: Assets/Prefabs/Weapons/Boolet/Boolet000.prefab
  artifactKey: Guid(9a5040a8290abde48a1b988e09976f61) Importer(815301076,1909f56bfc062723c751e8b465ee728b)
Start importing Assets/Prefabs/Weapons/Boolet/Boolet000.prefab using Guid(9a5040a8290abde48a1b988e09976f61) Importer(815301076,1909f56bfc062723c751e8b465ee728b)  -> (artifact id: 'd2da318aecb839612715e4f158e72e8b') in 0.056241 seconds 
  Import took 0.063678 seconds .

========================================================================
Received Import Request.
  Time since last request: 33.830013 seconds.
  path: Assets/Prefabs/Weapons/Boolet/Boolet000.prefab
  artifactKey: Guid(9a5040a8290abde48a1b988e09976f61) Importer(815301076,1909f56bfc062723c751e8b465ee728b)
Start importing Assets/Prefabs/Weapons/Boolet/Boolet000.prefab using Guid(9a5040a8290abde48a1b988e09976f61) Importer(815301076,1909f56bfc062723c751e8b465ee728b)  -> (artifact id: 'bc69f985de86e7b9dbd2502b86ff6d5c') in 0.047172 seconds 
  Import took 0.055176 seconds .

========================================================================
Received Import Request.
  Time since last request: 26.642370 seconds.
  path: Assets/Prefabs/Weapons/Boolet/Boolet000.prefab
  artifactKey: Guid(9a5040a8290abde48a1b988e09976f61) Importer(815301076,1909f56bfc062723c751e8b465ee728b)
Start importing Assets/Prefabs/Weapons/Boolet/Boolet000.prefab using Guid(9a5040a8290abde48a1b988e09976f61) Importer(815301076,1909f56bfc062723c751e8b465ee728b)  -> (artifact id: 'ad4d3984ebb34b51afbd178f3fb523fb') in 0.058565 seconds 
  Import took 0.069960 seconds .

========================================================================
Received Import Request.
  Time since last request: 16.341291 seconds.
  path: Assets/Prefabs/Weapons/Boolet/Boolet000.prefab
  artifactKey: Guid(9a5040a8290abde48a1b988e09976f61) Importer(815301076,1909f56bfc062723c751e8b465ee728b)
Start importing Assets/Prefabs/Weapons/Boolet/Boolet000.prefab using Guid(9a5040a8290abde48a1b988e09976f61) Importer(815301076,1909f56bfc062723c751e8b465ee728b)  -> (artifact id: 'c488eeb53663b60693e3c5c61f88c4fb') in 0.041623 seconds 
  Import took 0.049260 seconds .

========================================================================
Received Import Request.
  Time since last request: 5.771210 seconds.
  path: Assets/Prefabs/Weapons/Boolet/Boolet000.prefab
  artifactKey: Guid(9a5040a8290abde48a1b988e09976f61) Importer(815301076,1909f56bfc062723c751e8b465ee728b)
Start importing Assets/Prefabs/Weapons/Boolet/Boolet000.prefab using Guid(9a5040a8290abde48a1b988e09976f61) Importer(815301076,1909f56bfc062723c751e8b465ee728b)  -> (artifact id: '0baffc48a431e1f34d32be91ec8560ce') in 0.032913 seconds 
  Import took 0.039202 seconds .

========================================================================
Received Import Request.
  Time since last request: 2.011989 seconds.
  path: Assets/Prefabs/Weapons/Boolet/Boolet000.prefab
  artifactKey: Guid(9a5040a8290abde48a1b988e09976f61) Importer(815301076,1909f56bfc062723c751e8b465ee728b)
Start importing Assets/Prefabs/Weapons/Boolet/Boolet000.prefab using Guid(9a5040a8290abde48a1b988e09976f61) Importer(815301076,1909f56bfc062723c751e8b465ee728b)  -> (artifact id: '08e836ef86d1bb61ba429b997052cd65') in 0.033960 seconds 
  Import took 0.043517 seconds .

========================================================================
Received Import Request.
  Time since last request: 2.069003 seconds.
  path: Assets/Prefabs/Weapons/Boolet/Boolet000.prefab
  artifactKey: Guid(9a5040a8290abde48a1b988e09976f61) Importer(815301076,1909f56bfc062723c751e8b465ee728b)
Start importing Assets/Prefabs/Weapons/Boolet/Boolet000.prefab using Guid(9a5040a8290abde48a1b988e09976f61) Importer(815301076,1909f56bfc062723c751e8b465ee728b)  -> (artifact id: 'ccc101361e430f0e27cd524bb59f6f4e') in 0.045462 seconds 
  Import took 0.053540 seconds .

========================================================================
Received Import Request.
  Time since last request: 7.692543 seconds.
  path: Assets/Prefabs/Weapons/Boolet/Boolet000.prefab
  artifactKey: Guid(9a5040a8290abde48a1b988e09976f61) Importer(815301076,1909f56bfc062723c751e8b465ee728b)
Start importing Assets/Prefabs/Weapons/Boolet/Boolet000.prefab using Guid(9a5040a8290abde48a1b988e09976f61) Importer(815301076,1909f56bfc062723c751e8b465ee728b)  -> (artifact id: 'd978ca1fd61ed67385c7215d18191554') in 0.035706 seconds 
  Import took 0.043910 seconds .

========================================================================
Received Import Request.
  Time since last request: 2.931937 seconds.
  path: Assets/Prefabs/Weapons/Boolet/Boolet000.prefab
  artifactKey: Guid(9a5040a8290abde48a1b988e09976f61) Importer(815301076,1909f56bfc062723c751e8b465ee728b)
Start importing Assets/Prefabs/Weapons/Boolet/Boolet000.prefab using Guid(9a5040a8290abde48a1b988e09976f61) Importer(815301076,1909f56bfc062723c751e8b465ee728b)  -> (artifact id: '34f04707732f54ad3b4ce3d7216475e6') in 0.037865 seconds 
  Import took 0.045640 seconds .

========================================================================
Received Import Request.
  Time since last request: 2.537812 seconds.
  path: Assets/Prefabs/Weapons/Boolet/Boolet000.prefab
  artifactKey: Guid(9a5040a8290abde48a1b988e09976f61) Importer(815301076,1909f56bfc062723c751e8b465ee728b)
Start importing Assets/Prefabs/Weapons/Boolet/Boolet000.prefab using Guid(9a5040a8290abde48a1b988e09976f61) Importer(815301076,1909f56bfc062723c751e8b465ee728b)  -> (artifact id: 'ea53bff9ae03b05f9d93f78d1acb1990') in 0.038998 seconds 
  Import took 0.046563 seconds .

========================================================================
Received Import Request.
  Time since last request: 25.517073 seconds.
  path: Assets/Materials/Shoot1.mat
  artifactKey: Guid(734374f0dafb1124593bbfbc7b49238c) Importer(815301076,1909f56bfc062723c751e8b465ee728b)
Start importing Assets/Materials/Shoot1.mat using Guid(734374f0dafb1124593bbfbc7b49238c) Importer(815301076,1909f56bfc062723c751e8b465ee728b)  -> (artifact id: 'bee802dbdb5b28b2eedacca84ec3b1dc') in 0.066207 seconds 
  Import took 0.074085 seconds .

========================================================================
Received Import Request.
  Time since last request: 12.975830 seconds.
  path: Assets/Materials/New Material.mat
  artifactKey: Guid(8163c327d8c684045a0f07525a27da6d) Importer(815301076,1909f56bfc062723c751e8b465ee728b)
Start importing Assets/Materials/New Material.mat using Guid(8163c327d8c684045a0f07525a27da6d) Importer(815301076,1909f56bfc062723c751e8b465ee728b)  -> (artifact id: 'be097b8df78a068cd92221902100183e') in 0.042737 seconds 
  Import took 0.053018 seconds .

========================================================================
Received Import Request.
  Time since last request: 30.469370 seconds.
  path: Assets/Textures/Image/perforation-1.jpg
  artifactKey: Guid(fdfc9818b3405a4479d35227bc0fa009) Importer(815301076,1909f56bfc062723c751e8b465ee728b)
Start importing Assets/Textures/Image/perforation-1.jpg using Guid(fdfc9818b3405a4479d35227bc0fa009) Importer(815301076,1909f56bfc062723c751e8b465ee728b)  -> (artifact id: '980e448de2cc5a7c3974c1f017233ea6') in 0.075906 seconds 
  Import took 0.084840 seconds .

========================================================================
Received Import Request.
  Time since last request: 4.983040 seconds.
  path: Assets/Textures/Image/streszczenie-tle-z-grunge-metalowych-tekstury_1048-4168.jpg
  artifactKey: Guid(6f5aa952de30a8e4c8202223c846846c) Importer(815301076,1909f56bfc062723c751e8b465ee728b)
Start importing Assets/Textures/Image/streszczenie-tle-z-grunge-metalowych-tekstury_1048-4168.jpg using Guid(6f5aa952de30a8e4c8202223c846846c) Importer(815301076,1909f56bfc062723c751e8b465ee728b)  -> (artifact id: '19815a9908b5ab6d7832899d7fafc221') in 0.052210 seconds 
  Import took 0.061103 seconds .

========================================================================
Received Import Request.
  Time since last request: 0.000448 seconds.
  path: Assets/Textures/Image/Tekstury-0202.jpg
  artifactKey: Guid(b52991e1305ff1547806680d2dadd17b) Importer(815301076,1909f56bfc062723c751e8b465ee728b)
Start importing Assets/Textures/Image/Tekstury-0202.jpg using Guid(b52991e1305ff1547806680d2dadd17b) Importer(815301076,1909f56bfc062723c751e8b465ee728b)  -> (artifact id: 'f1c824077153ab3a0acf2fb5131d0f3e') in 0.075734 seconds 
  Import took 0.081966 seconds .

========================================================================
Received Import Request.
  Time since last request: 65.326513 seconds.
  path: Assets/Textures/Image/textura_thumb  .png
  artifactKey: Guid(ef7dc17eda4fe59409709f4ad6b13555) Importer(815301076,1909f56bfc062723c751e8b465ee728b)
Start importing Assets/Textures/Image/textura_thumb  .png using Guid(ef7dc17eda4fe59409709f4ad6b13555) Importer(815301076,1909f56bfc062723c751e8b465ee728b)  -> (artifact id: 'de857b2f43b8ed5daaf65f1449a2eb70') in 0.053833 seconds 
  Import took 0.068768 seconds .

========================================================================
Received Import Request.
  Time since last request: 14.470758 seconds.
  path: Assets/Textures/Image/textura_thumb.png
  artifactKey: Guid(d01f47f643fbc1a4cb13d66ddae6ce56) Importer(815301076,1909f56bfc062723c751e8b465ee728b)
Start importing Assets/Textures/Image/textura_thumb.png using Guid(d01f47f643fbc1a4cb13d66ddae6ce56) Importer(815301076,1909f56bfc062723c751e8b465ee728b)  -> (artifact id: '6a339d85d0ee9c1341eb532b51a949d0') in 0.126331 seconds 
  Import took 0.133166 seconds .

========================================================================
Received Import Request.
  Time since last request: 7.074400 seconds.
  path: Assets/Textures/Image/textura_thumb  .png
  artifactKey: Guid(ef7dc17eda4fe59409709f4ad6b13555) Importer(815301076,1909f56bfc062723c751e8b465ee728b)
Start importing Assets/Textures/Image/textura_thumb  .png using Guid(ef7dc17eda4fe59409709f4ad6b13555) Importer(815301076,1909f56bfc062723c751e8b465ee728b)  -> (artifact id: 'c2b274465034cc5d2ac6174481be6bf9') in 1.367656 seconds 
  Import took 1.375304 seconds .

========================================================================
Received Import Request.
  Time since last request: 30.761415 seconds.
  path: Assets/Materials/Bool001Material.mat
  artifactKey: Guid(8163c327d8c684045a0f07525a27da6d) Importer(815301076,1909f56bfc062723c751e8b465ee728b)
Start importing Assets/Materials/Bool001Material.mat using Guid(8163c327d8c684045a0f07525a27da6d) Importer(815301076,1909f56bfc062723c751e8b465ee728b)  -> (artifact id: '1b051b24637b0af2f914798545f63644') in 0.048220 seconds 
  Import took 0.059316 seconds .

========================================================================
Received Prepare
Registering precompiled user dll's ...
Registered in 0.014501 seconds.
Begin MonoManager ReloadAssembly
Native extension for LinuxStandalone target not found
Native extension for WindowsStandalone target not found
Native extension for OSXStandalone target not found
Refreshing native plugins compatible for Editor in 1.02 ms, found 2 plugins.
Preloading 0 native plugins for Editor in 0.00 ms.
Mono: successfully reloaded assembly
- Completed reload, in  2.752 seconds
Platform modules already initialized, skipping
Refreshing native plugins compatible for Editor in 1.17 ms, found 2 plugins.
Preloading 0 native plugins for Editor in 0.00 ms.
Unloading 1508 Unused Serialized files (Serialized files now loaded: 0)
System memory in use before: 154.6 MB.
System memory in use after: 154.3 MB.

Unloading 19 unused Assets to reduce memory usage. Loaded Objects now: 2076.
Total: 11.307000 ms (FindLiveObjects: 4.946400 ms CreateObjectMapping: 0.309300 ms MarkObjects: 4.716700 ms  DeleteObjects: 1.315700 ms)

AssetImportParameters requested are different than current active one (requested -> active):
  custom:framework-win-MediaFoundation: 216162199b28c13a410421893ffa2e32 -> 
  custom:video-decoder-ogg-theora: a1e56fd34408186e4bbccfd4996cb3dc -> 
  custom:container-muxer-webm: aa71ff27fc2769a1b78a27578f13a17b -> 
  custom:container-demuxer-webm: 4f35f7cbe854078d1ac9338744f61a02 -> 
  custom:container-demuxer-ogg: 62fdf1f143b41e24485cea50d1cbac27 -> 
  custom:video-encoder-webm-vp8: eb34c28f22e8b96e1ab97ce403110664 -> 
  custom:video-decoder-webm-vp8: 9c59270c3fd7afecdb556c50c9e8de78 -> 
  custom:audio-decoder-ogg-vorbis: bf7c407c2cedff20999df2af8eb42d56 -> 
  custom:audio-encoder-webm-vorbis: bf7c407c2cedff20999df2af8eb42d56 -> 
========================================================================
Received Prepare
Registering precompiled user dll's ...
Registered in 0.013622 seconds.
Begin MonoManager ReloadAssembly
Native extension for LinuxStandalone target not found
Native extension for WindowsStandalone target not found
Native extension for OSXStandalone target not found
Refreshing native plugins compatible for Editor in 0.97 ms, found 2 plugins.
Preloading 0 native plugins for Editor in 0.00 ms.
Mono: successfully reloaded assembly
- Completed reload, in  2.245 seconds
Platform modules already initialized, skipping
Refreshing native plugins compatible for Editor in 0.99 ms, found 2 plugins.
Preloading 0 native plugins for Editor in 0.00 ms.
Unloading 1508 Unused Serialized files (Serialized files now loaded: 0)
System memory in use before: 154.6 MB.
System memory in use after: 154.3 MB.

Unloading 16 unused Assets to reduce memory usage. Loaded Objects now: 2079.
Total: 5.531100 ms (FindLiveObjects: 0.424000 ms CreateObjectMapping: 0.102500 ms MarkObjects: 3.960900 ms  DeleteObjects: 1.040800 ms)

AssetImportParameters requested are different than current active one (requested -> active):
  custom:framework-win-MediaFoundation: 216162199b28c13a410421893ffa2e32 -> 
  custom:video-decoder-ogg-theora: a1e56fd34408186e4bbccfd4996cb3dc -> 
  custom:container-muxer-webm: aa71ff27fc2769a1b78a27578f13a17b -> 
  custom:container-demuxer-webm: 4f35f7cbe854078d1ac9338744f61a02 -> 
  custom:container-demuxer-ogg: 62fdf1f143b41e24485cea50d1cbac27 -> 
  custom:video-encoder-webm-vp8: eb34c28f22e8b96e1ab97ce403110664 -> 
  custom:video-decoder-webm-vp8: 9c59270c3fd7afecdb556c50c9e8de78 -> 
  custom:audio-decoder-ogg-vorbis: bf7c407c2cedff20999df2af8eb42d56 -> 
  custom:audio-encoder-webm-vorbis: bf7c407c2cedff20999df2af8eb42d56 -> 
========================================================================
Received Import Request.
  Time since last request: 542.880638 seconds.
  path: Assets/Prefabs/FPSController.prefab
  artifactKey: Guid(03c0114438e3c864c8624cada32a24fa) Importer(815301076,1909f56bfc062723c751e8b465ee728b)
Start importing Assets/Prefabs/FPSController.prefab using Guid(03c0114438e3c864c8624cada32a24fa) Importer(815301076,1909f56bfc062723c751e8b465ee728b)  -> (artifact id: '1776019345179e89bb328771380ace86') in 0.165514 seconds 
  Import took 0.174137 seconds .

========================================================================
Received Prepare
Registering precompiled user dll's ...
Registered in 0.014927 seconds.
Begin MonoManager ReloadAssembly
Native extension for LinuxStandalone target not found
Native extension for WindowsStandalone target not found
Native extension for OSXStandalone target not found
Refreshing native plugins compatible for Editor in 1.12 ms, found 2 plugins.
Preloading 0 native plugins for Editor in 0.00 ms.
Mono: successfully reloaded assembly
- Completed reload, in  2.461 seconds
Platform modules already initialized, skipping
Refreshing native plugins compatible for Editor in 1.09 ms, found 2 plugins.
Preloading 0 native plugins for Editor in 0.00 ms.
Unloading 1508 Unused Serialized files (Serialized files now loaded: 0)
System memory in use before: 154.6 MB.
System memory in use after: 154.3 MB.

Unloading 16 unused Assets to reduce memory usage. Loaded Objects now: 2083.
Total: 5.678100 ms (FindLiveObjects: 0.478600 ms CreateObjectMapping: 0.103700 ms MarkObjects: 4.050300 ms  DeleteObjects: 1.041300 ms)

AssetImportParameters requested are different than current active one (requested -> active):
  custom:framework-win-MediaFoundation: 216162199b28c13a410421893ffa2e32 -> 
  custom:video-decoder-ogg-theora: a1e56fd34408186e4bbccfd4996cb3dc -> 
  custom:container-muxer-webm: aa71ff27fc2769a1b78a27578f13a17b -> 
  custom:container-demuxer-webm: 4f35f7cbe854078d1ac9338744f61a02 -> 
  custom:container-demuxer-ogg: 62fdf1f143b41e24485cea50d1cbac27 -> 
  custom:video-encoder-webm-vp8: eb34c28f22e8b96e1ab97ce403110664 -> 
  custom:video-decoder-webm-vp8: 9c59270c3fd7afecdb556c50c9e8de78 -> 
  custom:audio-decoder-ogg-vorbis: bf7c407c2cedff20999df2af8eb42d56 -> 
  custom:audio-encoder-webm-vorbis: bf7c407c2cedff20999df2af8eb42d56 -> 
========================================================================
Received Import Request.
  Time since last request: 133.417518 seconds.
  path: Assets/Prefabs/Shot/Shoot001.prefab
  artifactKey: Guid(8327cd41e1468844e8eb6721aa202971) Importer(815301076,1909f56bfc062723c751e8b465ee728b)
Start importing Assets/Prefabs/Shot/Shoot001.prefab using Guid(8327cd41e1468844e8eb6721aa202971) Importer(815301076,1909f56bfc062723c751e8b465ee728b)  -> (artifact id: '97890119813bc819a8f09019de31eb72') in 0.143039 seconds 
  Import took 0.149805 seconds .

========================================================================
Received Prepare
Registering precompiled user dll's ...
Registered in 0.026128 seconds.
Begin MonoManager ReloadAssembly
Native extension for LinuxStandalone target not found
Native extension for WindowsStandalone target not found
Native extension for OSXStandalone target not found
Refreshing native plugins compatible for Editor in 1.09 ms, found 2 plugins.
Preloading 0 native plugins for Editor in 0.00 ms.
Mono: successfully reloaded assembly
- Completed reload, in  2.346 seconds
Platform modules already initialized, skipping
Refreshing native plugins compatible for Editor in 0.96 ms, found 2 plugins.
Preloading 0 native plugins for Editor in 0.00 ms.
Unloading 1508 Unused Serialized files (Serialized files now loaded: 0)
System memory in use before: 154.7 MB.
System memory in use after: 154.4 MB.

Unloading 18 unused Assets to reduce memory usage. Loaded Objects now: 2087.
Total: 6.088800 ms (FindLiveObjects: 0.426500 ms CreateObjectMapping: 0.103300 ms MarkObjects: 3.993000 ms  DeleteObjects: 1.562800 ms)

AssetImportParameters requested are different than current active one (requested -> active):
  custom:framework-win-MediaFoundation: 216162199b28c13a410421893ffa2e32 -> 
  custom:video-decoder-ogg-theora: a1e56fd34408186e4bbccfd4996cb3dc -> 
  custom:container-muxer-webm: aa71ff27fc2769a1b78a27578f13a17b -> 
  custom:container-demuxer-webm: 4f35f7cbe854078d1ac9338744f61a02 -> 
  custom:container-demuxer-ogg: 62fdf1f143b41e24485cea50d1cbac27 -> 
  custom:video-encoder-webm-vp8: eb34c28f22e8b96e1ab97ce403110664 -> 
  custom:video-decoder-webm-vp8: 9c59270c3fd7afecdb556c50c9e8de78 -> 
  custom:audio-decoder-ogg-vorbis: bf7c407c2cedff20999df2af8eb42d56 -> 
  custom:audio-encoder-webm-vorbis: bf7c407c2cedff20999df2af8eb42d56 -> 
========================================================================
Received Import Request.
  Time since last request: 272.797796 seconds.
  path: Assets/Prefabs/Shot/Grenade.prefab
  artifactKey: Guid(093d1443222a10e4d9e861d00ee20366) Importer(815301076,1909f56bfc062723c751e8b465ee728b)
Start importing Assets/Prefabs/Shot/Grenade.prefab using Guid(093d1443222a10e4d9e861d00ee20366) Importer(815301076,1909f56bfc062723c751e8b465ee728b)  -> (artifact id: '3ac912b7895d954cdffd12eabd80a6c8') in 0.160084 seconds 
  Import took 0.166750 seconds .

========================================================================
Received Prepare
Registering precompiled user dll's ...
Registered in 0.010997 seconds.
Begin MonoManager ReloadAssembly
Native extension for LinuxStandalone target not found
Native extension for WindowsStandalone target not found
Native extension for OSXStandalone target not found
Refreshing native plugins compatible for Editor in 1.24 ms, found 2 plugins.
Preloading 0 native plugins for Editor in 0.00 ms.
Mono: successfully reloaded assembly
- Completed reload, in  3.289 seconds
Platform modules already initialized, skipping
Refreshing native plugins compatible for Editor in 1.12 ms, found 2 plugins.
Preloading 0 native plugins for Editor in 0.00 ms.
Unloading 1508 Unused Serialized files (Serialized files now loaded: 0)
System memory in use before: 154.7 MB.
System memory in use after: 154.4 MB.

Unloading 16 unused Assets to reduce memory usage. Loaded Objects now: 2091.
Total: 5.584700 ms (FindLiveObjects: 0.443600 ms CreateObjectMapping: 0.106700 ms MarkObjects: 3.827600 ms  DeleteObjects: 1.203900 ms)

AssetImportParameters requested are different than current active one (requested -> active):
  custom:framework-win-MediaFoundation: 216162199b28c13a410421893ffa2e32 -> 
  custom:video-decoder-ogg-theora: a1e56fd34408186e4bbccfd4996cb3dc -> 
  custom:container-muxer-webm: aa71ff27fc2769a1b78a27578f13a17b -> 
  custom:container-demuxer-webm: 4f35f7cbe854078d1ac9338744f61a02 -> 
  custom:container-demuxer-ogg: 62fdf1f143b41e24485cea50d1cbac27 -> 
  custom:video-encoder-webm-vp8: eb34c28f22e8b96e1ab97ce403110664 -> 
  custom:video-decoder-webm-vp8: 9c59270c3fd7afecdb556c50c9e8de78 -> 
  custom:audio-decoder-ogg-vorbis: bf7c407c2cedff20999df2af8eb42d56 -> 
  custom:audio-encoder-webm-vorbis: bf7c407c2cedff20999df2af8eb42d56 -> 
AssetImportWorkerClient::OnTransportError - code=2 error=End of file
