Using pre-set license
Built from '2020.3/staging' branch; Version is '2020.3.13f1 (71691879b7f5) revision 7432472'; Using compiler version '192528614'; Build Type 'Release'
OS: 'Windows 10 Home Single Language; OS build 19043.1165; Version 2009; 64bit' Language: 'ru' Physical Memory: 11663 MB
BatchMode: 1, IsHumanControllingUs: 0, StartBugReporterOnCrash: 0, Is64bit: 1, IsPro: 0

 COMMAND LINE ARGUMENTS:
C:\Program Files\Unity\Hub\Editor\2020.3.13f1\Editor\Unity.exe
-adb2
-batchMode
-noUpm
-name
AssetImportWorker4
-projectPath
D:/unityD/GB_Lesson/GB_UnityProject1
-logFile
Logs/AssetImportWorker4.log
-srvPort
62703
Successfully changed project path to: D:/unityD/GB_Lesson/GB_UnityProject1
D:/unityD/GB_Lesson/GB_UnityProject1
Using Asset Import Pipeline V2.
Refreshing native plugins compatible for Editor in 179.33 ms, found 2 plugins.
Preloading 0 native plugins for Editor in 0.00 ms.
Initialize engine version: 2020.3.13f1 (71691879b7f5)
[Subsystems] Discovering subsystems at path C:/Program Files/Unity/Hub/Editor/2020.3.13f1/Editor/Data/Resources/UnitySubsystems
[Subsystems] Discovering subsystems at path D:/unityD/GB_Lesson/GB_UnityProject1/Assets
GfxDevice: creating device client; threaded=0
Direct3D:
    Version:  Direct3D 11.0 [level 11.1]
    Renderer: AMD Radeon R5 Graphics (ID=0x9874)
    Vendor:   
    VRAM:     5831 MB
    Driver:   27.20.1034.6
Initialize mono
Mono path[0] = 'C:/Program Files/Unity/Hub/Editor/2020.3.13f1/Editor/Data/Managed'
Mono path[1] = 'C:/Program Files/Unity/Hub/Editor/2020.3.13f1/Editor/Data/MonoBleedingEdge/lib/mono/unityjit'
Mono config path = 'C:/Program Files/Unity/Hub/Editor/2020.3.13f1/Editor/Data/MonoBleedingEdge/etc'
Using monoOptions --debugger-agent=transport=dt_socket,embedding=1,server=y,suspend=n,address=127.0.0.1:56048
Begin MonoManager ReloadAssembly
Registering precompiled unity dll's ...
Register platform support module: C:/Program Files/Unity/Hub/Editor/2020.3.13f1/Editor/Data/PlaybackEngines/MacStandaloneSupport/UnityEditor.OSXStandalone.Extensions.dll
Register platform support module: C:/Program Files/Unity/Hub/Editor/2020.3.13f1/Editor/Data/PlaybackEngines/WindowsStandaloneSupport/UnityEditor.WindowsStandalone.Extensions.dll
Register platform support module: C:/Program Files/Unity/Hub/Editor/2020.3.13f1/Editor/Data/PlaybackEngines/LinuxStandaloneSupport/UnityEditor.LinuxStandalone.Extensions.dll
Registered in 0.010077 seconds.
Native extension for LinuxStandalone target not found
Native extension for WindowsStandalone target not found
Native extension for OSXStandalone target not found
Refreshing native plugins compatible for Editor in 116.71 ms, found 2 plugins.
Preloading 0 native plugins for Editor in 0.00 ms.
Mono: successfully reloaded assembly
- Completed reload, in 10.054 seconds
Platform modules already initialized, skipping
Registering precompiled user dll's ...
Registered in 0.015047 seconds.
Begin MonoManager ReloadAssembly
Native extension for LinuxStandalone target not found
Native extension for WindowsStandalone target not found
Native extension for OSXStandalone target not found
Refreshing native plugins compatible for Editor in 1.15 ms, found 2 plugins.
Preloading 0 native plugins for Editor in 0.00 ms.
Mono: successfully reloaded assembly
- Completed reload, in  9.034 seconds
Platform modules already initialized, skipping
========================================================================
Worker process is ready to serve import requests
Launched and connected shader compiler UnityShaderCompiler.exe after 0.34 seconds
Refreshing native plugins compatible for Editor in 1.13 ms, found 2 plugins.
Preloading 0 native plugins for Editor in 0.00 ms.
Unloading 1534 Unused Serialized files (Serialized files now loaded: 0)
System memory in use before: 153.1 MB.
System memory in use after: 152.8 MB.

Unloading 21 unused Assets to reduce memory usage. Loaded Objects now: 1982.
Total: 21.023600 ms (FindLiveObjects: 3.577500 ms CreateObjectMapping: 0.216800 ms MarkObjects: 16.071400 ms  DeleteObjects: 1.151900 ms)

AssetImportParameters requested are different than current active one (requested -> active):
  custom:framework-win-MediaFoundation: 216162199b28c13a410421893ffa2e32 -> 
  custom:video-decoder-ogg-theora: a1e56fd34408186e4bbccfd4996cb3dc -> 
  custom:container-muxer-webm: aa71ff27fc2769a1b78a27578f13a17b -> 
  custom:container-demuxer-webm: 4f35f7cbe854078d1ac9338744f61a02 -> 
  custom:container-demuxer-ogg: 62fdf1f143b41e24485cea50d1cbac27 -> 
  custom:video-encoder-webm-vp8: eb34c28f22e8b96e1ab97ce403110664 -> 
  custom:video-decoder-webm-vp8: 9c59270c3fd7afecdb556c50c9e8de78 -> 
  custom:audio-decoder-ogg-vorbis: bf7c407c2cedff20999df2af8eb42d56 -> 
  custom:audio-encoder-webm-vorbis: bf7c407c2cedff20999df2af8eb42d56 -> 
========================================================================
Received Import Request.
  path: Assets/Scripts/Room/OpenDoor.cs
  artifactKey: Guid(437f487b5176ca44fa17230be49dc4dc) Importer(815301076,1909f56bfc062723c751e8b465ee728b)
Start importing Assets/Scripts/Room/OpenDoor.cs using Guid(437f487b5176ca44fa17230be49dc4dc) Importer(815301076,1909f56bfc062723c751e8b465ee728b)  -> (artifact id: '1c48aceff48321f0b22ae099de8f325a') in 0.326029 seconds 
  Import took 0.338372 seconds .

========================================================================
Received Import Request.
  Time since last request: 0.000659 seconds.
  path: Assets/Materials/Obj1.mat
  artifactKey: Guid(79be7226866a3f049939ddaf01bfbf53) Importer(815301076,1909f56bfc062723c751e8b465ee728b)
Start importing Assets/Materials/Obj1.mat using Guid(79be7226866a3f049939ddaf01bfbf53) Importer(815301076,1909f56bfc062723c751e8b465ee728b)  -> (artifact id: '91da6f1a91b26ebe6ddc8dc31c8ecb81') in 0.889331 seconds 
  Import took 0.896095 seconds .

========================================================================
Received Import Request.
  Time since last request: 0.005228 seconds.
  path: Assets/Materials/Obj2.mat
  artifactKey: Guid(fd602399940309445939b0564051033e) Importer(815301076,1909f56bfc062723c751e8b465ee728b)
Start importing Assets/Materials/Obj2.mat using Guid(fd602399940309445939b0564051033e) Importer(815301076,1909f56bfc062723c751e8b465ee728b)  -> (artifact id: '5dea3c12c972ef86dec8d676d3708a7f') in 0.262076 seconds 
  Import took 0.275938 seconds .

========================================================================
Received Import Request.
  Time since last request: 30.335043 seconds.
  path: Assets/Scripts/Room/OpenDoor.cs
  artifactKey: Guid(437f487b5176ca44fa17230be49dc4dc) Importer(815301076,1909f56bfc062723c751e8b465ee728b)
Start importing Assets/Scripts/Room/OpenDoor.cs using Guid(437f487b5176ca44fa17230be49dc4dc) Importer(815301076,1909f56bfc062723c751e8b465ee728b)  -> (artifact id: 'a8b916445350dbe4be80d21989e307ab') in 0.013573 seconds 
  Import took 0.020734 seconds .

========================================================================
Received Prepare
Registering precompiled user dll's ...
Registered in 0.014716 seconds.
Begin MonoManager ReloadAssembly
Native extension for LinuxStandalone target not found
Native extension for WindowsStandalone target not found
Native extension for OSXStandalone target not found
Refreshing native plugins compatible for Editor in 1.00 ms, found 2 plugins.
Preloading 0 native plugins for Editor in 0.00 ms.
Mono: successfully reloaded assembly
- Completed reload, in  2.630 seconds
Platform modules already initialized, skipping
Refreshing native plugins compatible for Editor in 1.01 ms, found 2 plugins.
Preloading 0 native plugins for Editor in 0.00 ms.
Unloading 1507 Unused Serialized files (Serialized files now loaded: 0)
System memory in use before: 154.2 MB.
System memory in use after: 153.9 MB.

Unloading 16 unused Assets to reduce memory usage. Loaded Objects now: 2025.
Total: 5.077200 ms (FindLiveObjects: 0.417000 ms CreateObjectMapping: 0.099900 ms MarkObjects: 3.758700 ms  DeleteObjects: 0.798500 ms)

AssetImportParameters requested are different than current active one (requested -> active):
  custom:framework-win-MediaFoundation: 216162199b28c13a410421893ffa2e32 -> 
  custom:video-decoder-ogg-theora: a1e56fd34408186e4bbccfd4996cb3dc -> 
  custom:container-muxer-webm: aa71ff27fc2769a1b78a27578f13a17b -> 
  custom:container-demuxer-webm: 4f35f7cbe854078d1ac9338744f61a02 -> 
  custom:container-demuxer-ogg: 62fdf1f143b41e24485cea50d1cbac27 -> 
  custom:video-encoder-webm-vp8: eb34c28f22e8b96e1ab97ce403110664 -> 
  custom:video-decoder-webm-vp8: 9c59270c3fd7afecdb556c50c9e8de78 -> 
  custom:audio-decoder-ogg-vorbis: bf7c407c2cedff20999df2af8eb42d56 -> 
  custom:audio-encoder-webm-vorbis: bf7c407c2cedff20999df2af8eb42d56 -> 
========================================================================
Received Prepare
Registering precompiled user dll's ...
Registered in 0.011732 seconds.
Begin MonoManager ReloadAssembly
Native extension for LinuxStandalone target not found
Native extension for WindowsStandalone target not found
Native extension for OSXStandalone target not found
Refreshing native plugins compatible for Editor in 0.98 ms, found 2 plugins.
Preloading 0 native plugins for Editor in 0.00 ms.
Mono: successfully reloaded assembly
- Completed reload, in  2.828 seconds
Platform modules already initialized, skipping
Refreshing native plugins compatible for Editor in 1.05 ms, found 2 plugins.
Preloading 0 native plugins for Editor in 0.00 ms.
Unloading 1507 Unused Serialized files (Serialized files now loaded: 0)
System memory in use before: 154.2 MB.
System memory in use after: 153.9 MB.

Unloading 16 unused Assets to reduce memory usage. Loaded Objects now: 2028.
Total: 5.663500 ms (FindLiveObjects: 0.456200 ms CreateObjectMapping: 0.111900 ms MarkObjects: 4.169500 ms  DeleteObjects: 0.922600 ms)

AssetImportParameters requested are different than current active one (requested -> active):
  custom:framework-win-MediaFoundation: 216162199b28c13a410421893ffa2e32 -> 
  custom:video-decoder-ogg-theora: a1e56fd34408186e4bbccfd4996cb3dc -> 
  custom:container-muxer-webm: aa71ff27fc2769a1b78a27578f13a17b -> 
  custom:container-demuxer-webm: 4f35f7cbe854078d1ac9338744f61a02 -> 
  custom:container-demuxer-ogg: 62fdf1f143b41e24485cea50d1cbac27 -> 
  custom:video-encoder-webm-vp8: eb34c28f22e8b96e1ab97ce403110664 -> 
  custom:video-decoder-webm-vp8: 9c59270c3fd7afecdb556c50c9e8de78 -> 
  custom:audio-decoder-ogg-vorbis: bf7c407c2cedff20999df2af8eb42d56 -> 
  custom:audio-encoder-webm-vorbis: bf7c407c2cedff20999df2af8eb42d56 -> 
========================================================================
Received Import Request.
  Time since last request: 858.897165 seconds.
  path: Assets/Scripts/Room/OpenDoor.cs
  artifactKey: Guid(437f487b5176ca44fa17230be49dc4dc) Importer(815301076,1909f56bfc062723c751e8b465ee728b)
Start importing Assets/Scripts/Room/OpenDoor.cs using Guid(437f487b5176ca44fa17230be49dc4dc) Importer(815301076,1909f56bfc062723c751e8b465ee728b)  -> (artifact id: 'ae828d4bc3a8d46310c921a942743ab6') in 0.012502 seconds 
  Import took 0.018898 seconds .

========================================================================
Received Import Request.
  Time since last request: 9.891998 seconds.
  path: Assets/Prefabs/ShluzPrefab/Shluz.prefab
  artifactKey: Guid(aec95c50ab0331049a16ee7b15d7407a) Importer(815301076,1909f56bfc062723c751e8b465ee728b)
Start importing Assets/Prefabs/ShluzPrefab/Shluz.prefab using Guid(aec95c50ab0331049a16ee7b15d7407a) Importer(815301076,1909f56bfc062723c751e8b465ee728b)  -> (artifact id: '988dc2944915e84a24f8bc3b031f8607') in 0.383379 seconds 
  Import took 0.391523 seconds .

========================================================================
Received Import Request.
  Time since last request: 68.896099 seconds.
  path: Assets/Prefabs/ShluzPrefab/Shluz.prefab
  artifactKey: Guid(aec95c50ab0331049a16ee7b15d7407a) Importer(815301076,1909f56bfc062723c751e8b465ee728b)
Start importing Assets/Prefabs/ShluzPrefab/Shluz.prefab using Guid(aec95c50ab0331049a16ee7b15d7407a) Importer(815301076,1909f56bfc062723c751e8b465ee728b)  -> (artifact id: 'ed2c6c99696ee3e698b5d494a596510c') in 0.089599 seconds 
  Import took 0.096034 seconds .

========================================================================
Received Import Request.
  Time since last request: 15.944753 seconds.
  path: Assets/Prefabs/ShluzPrefab/Shluz.prefab
  artifactKey: Guid(aec95c50ab0331049a16ee7b15d7407a) Importer(815301076,1909f56bfc062723c751e8b465ee728b)
Start importing Assets/Prefabs/ShluzPrefab/Shluz.prefab using Guid(aec95c50ab0331049a16ee7b15d7407a) Importer(815301076,1909f56bfc062723c751e8b465ee728b)  -> (artifact id: '1874b979032ac3efedd642ea5e8f9329') in 0.068074 seconds 
  Import took 0.075660 seconds .

========================================================================
Received Import Request.
  Time since last request: 10.755443 seconds.
  path: Assets/Prefabs/ShluzPrefab/Shluz.prefab
  artifactKey: Guid(aec95c50ab0331049a16ee7b15d7407a) Importer(815301076,1909f56bfc062723c751e8b465ee728b)
Start importing Assets/Prefabs/ShluzPrefab/Shluz.prefab using Guid(aec95c50ab0331049a16ee7b15d7407a) Importer(815301076,1909f56bfc062723c751e8b465ee728b)  -> (artifact id: '6a9b60457af57ea925acccf92325cb50') in 0.068410 seconds 
  Import took 0.079687 seconds .

========================================================================
Received Import Request.
  Time since last request: 9.104156 seconds.
  path: Assets/Prefabs/ShluzPrefab/Shluz.prefab
  artifactKey: Guid(aec95c50ab0331049a16ee7b15d7407a) Importer(815301076,1909f56bfc062723c751e8b465ee728b)
Start importing Assets/Prefabs/ShluzPrefab/Shluz.prefab using Guid(aec95c50ab0331049a16ee7b15d7407a) Importer(815301076,1909f56bfc062723c751e8b465ee728b)  -> (artifact id: 'b351b8c8b470c82c515fe956fa10962e') in 0.070060 seconds 
  Import took 0.076607 seconds .

========================================================================
Received Import Request.
  Time since last request: 5.735457 seconds.
  path: Assets/Prefabs/ShluzPrefab/Shluz.prefab
  artifactKey: Guid(aec95c50ab0331049a16ee7b15d7407a) Importer(815301076,1909f56bfc062723c751e8b465ee728b)
Start importing Assets/Prefabs/ShluzPrefab/Shluz.prefab using Guid(aec95c50ab0331049a16ee7b15d7407a) Importer(815301076,1909f56bfc062723c751e8b465ee728b)  -> (artifact id: 'f0ef01ff0d18e47dbf6e83242c7b8350') in 0.067374 seconds 
  Import took 0.075049 seconds .

========================================================================
Received Import Request.
  Time since last request: 41.011879 seconds.
  path: Assets/Prefabs/ShluzPrefab/Shluz.prefab
  artifactKey: Guid(aec95c50ab0331049a16ee7b15d7407a) Importer(815301076,1909f56bfc062723c751e8b465ee728b)
Start importing Assets/Prefabs/ShluzPrefab/Shluz.prefab using Guid(aec95c50ab0331049a16ee7b15d7407a) Importer(815301076,1909f56bfc062723c751e8b465ee728b)  -> (artifact id: '942463391af31a1d37af39525ae84600') in 0.085187 seconds 
  Import took 0.095836 seconds .

========================================================================
Received Import Request.
  Time since last request: 6.236190 seconds.
  path: Assets/Prefabs/ShluzPrefab/Shluz.prefab
  artifactKey: Guid(aec95c50ab0331049a16ee7b15d7407a) Importer(815301076,1909f56bfc062723c751e8b465ee728b)
Start importing Assets/Prefabs/ShluzPrefab/Shluz.prefab using Guid(aec95c50ab0331049a16ee7b15d7407a) Importer(815301076,1909f56bfc062723c751e8b465ee728b)  -> (artifact id: '80dfc310d9076e61f8eb9bc52a146885') in 0.075387 seconds 
  Import took 0.083378 seconds .

========================================================================
Received Import Request.
  Time since last request: 3.059816 seconds.
  path: Assets/Prefabs/ShluzPrefab/Shluz.prefab
  artifactKey: Guid(aec95c50ab0331049a16ee7b15d7407a) Importer(815301076,1909f56bfc062723c751e8b465ee728b)
Start importing Assets/Prefabs/ShluzPrefab/Shluz.prefab using Guid(aec95c50ab0331049a16ee7b15d7407a) Importer(815301076,1909f56bfc062723c751e8b465ee728b)  -> (artifact id: 'cb2325b0c329e0bae04b26a2303886e2') in 0.073280 seconds 
  Import took 0.095288 seconds .

========================================================================
Received Import Request.
  Time since last request: 2.504283 seconds.
  path: Assets/Prefabs/ShluzPrefab/Shluz.prefab
  artifactKey: Guid(aec95c50ab0331049a16ee7b15d7407a) Importer(815301076,1909f56bfc062723c751e8b465ee728b)
Start importing Assets/Prefabs/ShluzPrefab/Shluz.prefab using Guid(aec95c50ab0331049a16ee7b15d7407a) Importer(815301076,1909f56bfc062723c751e8b465ee728b)  -> (artifact id: '57e5e22ddd2fcc544b9cf2553f97bc6e') in 0.064672 seconds 
  Import took 0.073820 seconds .

========================================================================
Received Import Request.
  Time since last request: 18.531652 seconds.
  path: Assets/Prefabs/ShluzPrefab/Shluz.prefab
  artifactKey: Guid(aec95c50ab0331049a16ee7b15d7407a) Importer(815301076,1909f56bfc062723c751e8b465ee728b)
Start importing Assets/Prefabs/ShluzPrefab/Shluz.prefab using Guid(aec95c50ab0331049a16ee7b15d7407a) Importer(815301076,1909f56bfc062723c751e8b465ee728b)  -> (artifact id: 'a3b90df5022d09446cf59a9bad473815') in 0.067084 seconds 
  Import took 0.074650 seconds .

========================================================================
Received Import Request.
  Time since last request: 116.489705 seconds.
  path: Assets/Prefabs/ShluzPrefab/Shluz.prefab
  artifactKey: Guid(aec95c50ab0331049a16ee7b15d7407a) Importer(815301076,1909f56bfc062723c751e8b465ee728b)
Start importing Assets/Prefabs/ShluzPrefab/Shluz.prefab using Guid(aec95c50ab0331049a16ee7b15d7407a) Importer(815301076,1909f56bfc062723c751e8b465ee728b)  -> (artifact id: '36ca81120f8a8aaea1df3ec3feb825f9') in 0.090962 seconds 
  Import took 0.103202 seconds .

========================================================================
Received Import Request.
  Time since last request: 0.019488 seconds.
  path: Assets/Prefabs/ShluzPrefab/Shluz.prefab
  artifactKey: Guid(aec95c50ab0331049a16ee7b15d7407a) Importer(815301076,1909f56bfc062723c751e8b465ee728b)
Start importing Assets/Prefabs/ShluzPrefab/Shluz.prefab using Guid(aec95c50ab0331049a16ee7b15d7407a) Importer(815301076,1909f56bfc062723c751e8b465ee728b)  -> (artifact id: '36ca81120f8a8aaea1df3ec3feb825f9') in 0.083990 seconds 
  Import took 0.091524 seconds .

========================================================================
Received Import Request.
  Time since last request: 15.643356 seconds.
  path: Assets/Prefabs/ShluzPrefab/Shluz.prefab
  artifactKey: Guid(aec95c50ab0331049a16ee7b15d7407a) Importer(815301076,1909f56bfc062723c751e8b465ee728b)
Start importing Assets/Prefabs/ShluzPrefab/Shluz.prefab using Guid(aec95c50ab0331049a16ee7b15d7407a) Importer(815301076,1909f56bfc062723c751e8b465ee728b)  -> (artifact id: 'e54b8acb3da0cfc7d03b879e0c533407') in 0.074068 seconds 
  Import took 0.082170 seconds .

========================================================================
Received Import Request.
  Time since last request: 3.631119 seconds.
  path: Assets/Prefabs/ShluzPrefab/Shluz.prefab
  artifactKey: Guid(aec95c50ab0331049a16ee7b15d7407a) Importer(815301076,1909f56bfc062723c751e8b465ee728b)
Start importing Assets/Prefabs/ShluzPrefab/Shluz.prefab using Guid(aec95c50ab0331049a16ee7b15d7407a) Importer(815301076,1909f56bfc062723c751e8b465ee728b)  -> (artifact id: '77864753eb3eaa04bee98c3ee85d6a3d') in 0.075288 seconds 
  Import took 0.083397 seconds .

========================================================================
Received Import Request.
  Time since last request: 16.537479 seconds.
  path: Assets/Prefabs/ShluzPrefab/Shluz.prefab
  artifactKey: Guid(aec95c50ab0331049a16ee7b15d7407a) Importer(815301076,1909f56bfc062723c751e8b465ee728b)
Start importing Assets/Prefabs/ShluzPrefab/Shluz.prefab using Guid(aec95c50ab0331049a16ee7b15d7407a) Importer(815301076,1909f56bfc062723c751e8b465ee728b)  -> (artifact id: '444bcda92e7d6fde70de78384e0c9a15') in 0.070821 seconds 
  Import took 0.079057 seconds .

========================================================================
Received Import Request.
  Time since last request: 4.557482 seconds.
  path: Assets/Prefabs/ShluzPrefab/Shluz.prefab
  artifactKey: Guid(aec95c50ab0331049a16ee7b15d7407a) Importer(815301076,1909f56bfc062723c751e8b465ee728b)
Start importing Assets/Prefabs/ShluzPrefab/Shluz.prefab using Guid(aec95c50ab0331049a16ee7b15d7407a) Importer(815301076,1909f56bfc062723c751e8b465ee728b)  -> (artifact id: 'e9b57438d27d2f6b8fc1294227198820') in 0.071125 seconds 
  Import took 0.079057 seconds .

========================================================================
Received Import Request.
  Time since last request: 11.519001 seconds.
  path: Assets/Prefabs/ShluzPrefab/Shluz.prefab
  artifactKey: Guid(aec95c50ab0331049a16ee7b15d7407a) Importer(815301076,1909f56bfc062723c751e8b465ee728b)
Start importing Assets/Prefabs/ShluzPrefab/Shluz.prefab using Guid(aec95c50ab0331049a16ee7b15d7407a) Importer(815301076,1909f56bfc062723c751e8b465ee728b)  -> (artifact id: '03d65ede9dd65202b5dae759cd97920b') in 0.079084 seconds 
  Import took 0.087439 seconds .

========================================================================
Received Import Request.
  Time since last request: 4.352457 seconds.
  path: Assets/Prefabs/ShluzPrefab/Shluz.prefab
  artifactKey: Guid(aec95c50ab0331049a16ee7b15d7407a) Importer(815301076,1909f56bfc062723c751e8b465ee728b)
Start importing Assets/Prefabs/ShluzPrefab/Shluz.prefab using Guid(aec95c50ab0331049a16ee7b15d7407a) Importer(815301076,1909f56bfc062723c751e8b465ee728b)  -> (artifact id: '86924bbf20c910965b540d023fa37f38') in 0.067123 seconds 
  Import took 0.075290 seconds .

========================================================================
Received Import Request.
  Time since last request: 4.732015 seconds.
  path: Assets/Prefabs/ShluzPrefab/Shluz.prefab
  artifactKey: Guid(aec95c50ab0331049a16ee7b15d7407a) Importer(815301076,1909f56bfc062723c751e8b465ee728b)
Start importing Assets/Prefabs/ShluzPrefab/Shluz.prefab using Guid(aec95c50ab0331049a16ee7b15d7407a) Importer(815301076,1909f56bfc062723c751e8b465ee728b)  -> (artifact id: 'bf5d5d7d5e2d402d9054a4ed8c8b04d5') in 0.096523 seconds 
  Import took 0.106096 seconds .

========================================================================
Received Import Request.
  Time since last request: 4.574768 seconds.
  path: Assets/Prefabs/ShluzPrefab/Shluz.prefab
  artifactKey: Guid(aec95c50ab0331049a16ee7b15d7407a) Importer(815301076,1909f56bfc062723c751e8b465ee728b)
Start importing Assets/Prefabs/ShluzPrefab/Shluz.prefab using Guid(aec95c50ab0331049a16ee7b15d7407a) Importer(815301076,1909f56bfc062723c751e8b465ee728b)  -> (artifact id: 'd8261daacd9c06af8cf6c67e990d94f3') in 0.076176 seconds 
  Import took 0.084762 seconds .

========================================================================
Received Import Request.
  Time since last request: 4.347740 seconds.
  path: Assets/Prefabs/ShluzPrefab/Shluz.prefab
  artifactKey: Guid(aec95c50ab0331049a16ee7b15d7407a) Importer(815301076,1909f56bfc062723c751e8b465ee728b)
Start importing Assets/Prefabs/ShluzPrefab/Shluz.prefab using Guid(aec95c50ab0331049a16ee7b15d7407a) Importer(815301076,1909f56bfc062723c751e8b465ee728b)  -> (artifact id: '93de86bcdfaf6a73a7dfa8c760abcb86') in 0.065844 seconds 
  Import took 0.104590 seconds .

========================================================================
Received Import Request.
  Time since last request: 25.204762 seconds.
  path: Assets/Prefabs/ShluzPrefab/Shluz.prefab
  artifactKey: Guid(aec95c50ab0331049a16ee7b15d7407a) Importer(815301076,1909f56bfc062723c751e8b465ee728b)
Start importing Assets/Prefabs/ShluzPrefab/Shluz.prefab using Guid(aec95c50ab0331049a16ee7b15d7407a) Importer(815301076,1909f56bfc062723c751e8b465ee728b)  -> (artifact id: '665dba66ac3c3d375873d4c77bf50a63') in 0.068609 seconds 
  Import took 0.076249 seconds .

========================================================================
Received Import Request.
  Time since last request: 8.562493 seconds.
  path: Assets/Prefabs/ShluzPrefab/Shluz.prefab
  artifactKey: Guid(aec95c50ab0331049a16ee7b15d7407a) Importer(815301076,1909f56bfc062723c751e8b465ee728b)
Start importing Assets/Prefabs/ShluzPrefab/Shluz.prefab using Guid(aec95c50ab0331049a16ee7b15d7407a) Importer(815301076,1909f56bfc062723c751e8b465ee728b)  -> (artifact id: '89eebe218806545c012cd986bf76c6c0') in 0.073600 seconds 
  Import took 0.082829 seconds .

========================================================================
Received Prepare
Registering precompiled user dll's ...
Registered in 0.078176 seconds.
Begin MonoManager ReloadAssembly
Native extension for LinuxStandalone target not found
Native extension for WindowsStandalone target not found
Native extension for OSXStandalone target not found
Refreshing native plugins compatible for Editor in 0.98 ms, found 2 plugins.
Preloading 0 native plugins for Editor in 0.00 ms.
Mono: successfully reloaded assembly
- Completed reload, in  2.509 seconds
Platform modules already initialized, skipping
Refreshing native plugins compatible for Editor in 1.70 ms, found 2 plugins.
Preloading 0 native plugins for Editor in 0.00 ms.
Unloading 1507 Unused Serialized files (Serialized files now loaded: 0)
System memory in use before: 154.4 MB.
System memory in use after: 154.1 MB.

Unloading 17 unused Assets to reduce memory usage. Loaded Objects now: 2034.
Total: 115.735800 ms (FindLiveObjects: 100.841900 ms CreateObjectMapping: 3.625100 ms MarkObjects: 9.792200 ms  DeleteObjects: 1.471700 ms)

AssetImportParameters requested are different than current active one (requested -> active):
  custom:framework-win-MediaFoundation: 216162199b28c13a410421893ffa2e32 -> 
  custom:video-decoder-ogg-theora: a1e56fd34408186e4bbccfd4996cb3dc -> 
  custom:container-muxer-webm: aa71ff27fc2769a1b78a27578f13a17b -> 
  custom:container-demuxer-webm: 4f35f7cbe854078d1ac9338744f61a02 -> 
  custom:container-demuxer-ogg: 62fdf1f143b41e24485cea50d1cbac27 -> 
  custom:video-encoder-webm-vp8: eb34c28f22e8b96e1ab97ce403110664 -> 
  custom:video-decoder-webm-vp8: 9c59270c3fd7afecdb556c50c9e8de78 -> 
  custom:audio-decoder-ogg-vorbis: bf7c407c2cedff20999df2af8eb42d56 -> 
  custom:audio-encoder-webm-vorbis: bf7c407c2cedff20999df2af8eb42d56 -> 
========================================================================
Received Prepare
Registering precompiled user dll's ...
Registered in 0.011384 seconds.
Begin MonoManager ReloadAssembly
Native extension for LinuxStandalone target not found
Native extension for WindowsStandalone target not found
Native extension for OSXStandalone target not found
Refreshing native plugins compatible for Editor in 1.10 ms, found 2 plugins.
Preloading 0 native plugins for Editor in 0.00 ms.
Mono: successfully reloaded assembly
- Completed reload, in  2.471 seconds
Platform modules already initialized, skipping
Refreshing native plugins compatible for Editor in 0.85 ms, found 2 plugins.
Preloading 0 native plugins for Editor in 0.00 ms.
Unloading 1507 Unused Serialized files (Serialized files now loaded: 0)
System memory in use before: 154.4 MB.
System memory in use after: 154.1 MB.

Unloading 16 unused Assets to reduce memory usage. Loaded Objects now: 2037.
Total: 4.936200 ms (FindLiveObjects: 0.494200 ms CreateObjectMapping: 0.144600 ms MarkObjects: 3.312200 ms  DeleteObjects: 0.981800 ms)

AssetImportParameters requested are different than current active one (requested -> active):
  custom:framework-win-MediaFoundation: 216162199b28c13a410421893ffa2e32 -> 
  custom:video-decoder-ogg-theora: a1e56fd34408186e4bbccfd4996cb3dc -> 
  custom:container-muxer-webm: aa71ff27fc2769a1b78a27578f13a17b -> 
  custom:container-demuxer-webm: 4f35f7cbe854078d1ac9338744f61a02 -> 
  custom:container-demuxer-ogg: 62fdf1f143b41e24485cea50d1cbac27 -> 
  custom:video-encoder-webm-vp8: eb34c28f22e8b96e1ab97ce403110664 -> 
  custom:video-decoder-webm-vp8: 9c59270c3fd7afecdb556c50c9e8de78 -> 
  custom:audio-decoder-ogg-vorbis: bf7c407c2cedff20999df2af8eb42d56 -> 
  custom:audio-encoder-webm-vorbis: bf7c407c2cedff20999df2af8eb42d56 -> 
========================================================================
Received Prepare
Registering precompiled user dll's ...
Registered in 0.043591 seconds.
Begin MonoManager ReloadAssembly
Native extension for LinuxStandalone target not found
Native extension for WindowsStandalone target not found
Native extension for OSXStandalone target not found
Refreshing native plugins compatible for Editor in 1.15 ms, found 2 plugins.
Preloading 0 native plugins for Editor in 0.00 ms.
Mono: successfully reloaded assembly
- Completed reload, in  2.328 seconds
Platform modules already initialized, skipping
Refreshing native plugins compatible for Editor in 0.95 ms, found 2 plugins.
Preloading 0 native plugins for Editor in 0.00 ms.
Unloading 1507 Unused Serialized files (Serialized files now loaded: 0)
System memory in use before: 154.4 MB.
System memory in use after: 154.1 MB.

Unloading 16 unused Assets to reduce memory usage. Loaded Objects now: 2040.
Total: 5.627400 ms (FindLiveObjects: 0.416600 ms CreateObjectMapping: 0.101600 ms MarkObjects: 4.165200 ms  DeleteObjects: 0.941000 ms)

AssetImportParameters requested are different than current active one (requested -> active):
  custom:framework-win-MediaFoundation: 216162199b28c13a410421893ffa2e32 -> 
  custom:video-decoder-ogg-theora: a1e56fd34408186e4bbccfd4996cb3dc -> 
  custom:container-muxer-webm: aa71ff27fc2769a1b78a27578f13a17b -> 
  custom:container-demuxer-webm: 4f35f7cbe854078d1ac9338744f61a02 -> 
  custom:container-demuxer-ogg: 62fdf1f143b41e24485cea50d1cbac27 -> 
  custom:video-encoder-webm-vp8: eb34c28f22e8b96e1ab97ce403110664 -> 
  custom:video-decoder-webm-vp8: 9c59270c3fd7afecdb556c50c9e8de78 -> 
  custom:audio-decoder-ogg-vorbis: bf7c407c2cedff20999df2af8eb42d56 -> 
  custom:audio-encoder-webm-vorbis: bf7c407c2cedff20999df2af8eb42d56 -> 
========================================================================
Received Import Request.
  Time since last request: 889.180598 seconds.
  path: Assets/Prefabs/ShluzPrefab/Shluz.prefab
  artifactKey: Guid(aec95c50ab0331049a16ee7b15d7407a) Importer(815301076,1909f56bfc062723c751e8b465ee728b)
Start importing Assets/Prefabs/ShluzPrefab/Shluz.prefab using Guid(aec95c50ab0331049a16ee7b15d7407a) Importer(815301076,1909f56bfc062723c751e8b465ee728b)  -> (artifact id: '0e2e079cc67636143fb0374acea3f915') in 0.178314 seconds 
  Import took 0.186687 seconds .

========================================================================
Received Prepare
Registering precompiled user dll's ...
Registered in 0.013043 seconds.
Begin MonoManager ReloadAssembly
Native extension for LinuxStandalone target not found
Native extension for WindowsStandalone target not found
Native extension for OSXStandalone target not found
Refreshing native plugins compatible for Editor in 1.16 ms, found 2 plugins.
Preloading 0 native plugins for Editor in 0.00 ms.
Mono: successfully reloaded assembly
- Completed reload, in  2.602 seconds
Platform modules already initialized, skipping
Refreshing native plugins compatible for Editor in 1.30 ms, found 2 plugins.
Preloading 0 native plugins for Editor in 0.00 ms.
Unloading 1507 Unused Serialized files (Serialized files now loaded: 0)
System memory in use before: 154.4 MB.
System memory in use after: 154.1 MB.

Unloading 17 unused Assets to reduce memory usage. Loaded Objects now: 2044.
Total: 9.190300 ms (FindLiveObjects: 0.498100 ms CreateObjectMapping: 0.189800 ms MarkObjects: 6.857300 ms  DeleteObjects: 1.639000 ms)

AssetImportParameters requested are different than current active one (requested -> active):
  custom:framework-win-MediaFoundation: 216162199b28c13a410421893ffa2e32 -> 
  custom:video-decoder-ogg-theora: a1e56fd34408186e4bbccfd4996cb3dc -> 
  custom:container-muxer-webm: aa71ff27fc2769a1b78a27578f13a17b -> 
  custom:container-demuxer-webm: 4f35f7cbe854078d1ac9338744f61a02 -> 
  custom:container-demuxer-ogg: 62fdf1f143b41e24485cea50d1cbac27 -> 
  custom:video-encoder-webm-vp8: eb34c28f22e8b96e1ab97ce403110664 -> 
  custom:video-decoder-webm-vp8: 9c59270c3fd7afecdb556c50c9e8de78 -> 
  custom:audio-decoder-ogg-vorbis: bf7c407c2cedff20999df2af8eb42d56 -> 
  custom:audio-encoder-webm-vorbis: bf7c407c2cedff20999df2af8eb42d56 -> 
========================================================================
Received Prepare
Registering precompiled user dll's ...
Registered in 0.021644 seconds.
Begin MonoManager ReloadAssembly
Native extension for LinuxStandalone target not found
Native extension for WindowsStandalone target not found
Native extension for OSXStandalone target not found
Refreshing native plugins compatible for Editor in 1.15 ms, found 2 plugins.
Preloading 0 native plugins for Editor in 0.00 ms.
Mono: successfully reloaded assembly
- Completed reload, in  2.795 seconds
Platform modules already initialized, skipping
Refreshing native plugins compatible for Editor in 1.37 ms, found 2 plugins.
Preloading 0 native plugins for Editor in 0.00 ms.
Unloading 1507 Unused Serialized files (Serialized files now loaded: 0)
System memory in use before: 154.4 MB.
System memory in use after: 154.1 MB.

Unloading 16 unused Assets to reduce memory usage. Loaded Objects now: 2047.
Total: 13.658800 ms (FindLiveObjects: 0.515700 ms CreateObjectMapping: 2.210600 ms MarkObjects: 9.436600 ms  DeleteObjects: 1.491200 ms)

AssetImportParameters requested are different than current active one (requested -> active):
  custom:framework-win-MediaFoundation: 216162199b28c13a410421893ffa2e32 -> 
  custom:video-decoder-ogg-theora: a1e56fd34408186e4bbccfd4996cb3dc -> 
  custom:container-muxer-webm: aa71ff27fc2769a1b78a27578f13a17b -> 
  custom:container-demuxer-webm: 4f35f7cbe854078d1ac9338744f61a02 -> 
  custom:container-demuxer-ogg: 62fdf1f143b41e24485cea50d1cbac27 -> 
  custom:video-encoder-webm-vp8: eb34c28f22e8b96e1ab97ce403110664 -> 
  custom:video-decoder-webm-vp8: 9c59270c3fd7afecdb556c50c9e8de78 -> 
  custom:audio-decoder-ogg-vorbis: bf7c407c2cedff20999df2af8eb42d56 -> 
  custom:audio-encoder-webm-vorbis: bf7c407c2cedff20999df2af8eb42d56 -> 
========================================================================
Received Import Request.
  Time since last request: 1518.615410 seconds.
  path: Assets/Prefabs/ShluzPrefab/Shluz.prefab
  artifactKey: Guid(aec95c50ab0331049a16ee7b15d7407a) Importer(815301076,1909f56bfc062723c751e8b465ee728b)
Start importing Assets/Prefabs/ShluzPrefab/Shluz.prefab using Guid(aec95c50ab0331049a16ee7b15d7407a) Importer(815301076,1909f56bfc062723c751e8b465ee728b)  -> (artifact id: '69b0386711550e08d34b58a6a82145fe') in 0.336999 seconds 
  Import took 0.346838 seconds .

========================================================================
Received Prepare
Registering precompiled user dll's ...
Registered in 0.014023 seconds.
Begin MonoManager ReloadAssembly
Native extension for LinuxStandalone target not found
Native extension for WindowsStandalone target not found
Native extension for OSXStandalone target not found
Refreshing native plugins compatible for Editor in 1.16 ms, found 2 plugins.
Preloading 0 native plugins for Editor in 0.00 ms.
Mono: successfully reloaded assembly
- Completed reload, in  2.860 seconds
Platform modules already initialized, skipping
Refreshing native plugins compatible for Editor in 1.08 ms, found 2 plugins.
Preloading 0 native plugins for Editor in 0.00 ms.
Unloading 1507 Unused Serialized files (Serialized files now loaded: 0)
System memory in use before: 154.4 MB.
System memory in use after: 154.2 MB.

Unloading 17 unused Assets to reduce memory usage. Loaded Objects now: 2051.
Total: 5.341600 ms (FindLiveObjects: 0.440000 ms CreateObjectMapping: 0.101500 ms MarkObjects: 3.809400 ms  DeleteObjects: 0.986800 ms)

AssetImportParameters requested are different than current active one (requested -> active):
  custom:framework-win-MediaFoundation: 216162199b28c13a410421893ffa2e32 -> 
  custom:video-decoder-ogg-theora: a1e56fd34408186e4bbccfd4996cb3dc -> 
  custom:container-muxer-webm: aa71ff27fc2769a1b78a27578f13a17b -> 
  custom:container-demuxer-webm: 4f35f7cbe854078d1ac9338744f61a02 -> 
  custom:container-demuxer-ogg: 62fdf1f143b41e24485cea50d1cbac27 -> 
  custom:video-encoder-webm-vp8: eb34c28f22e8b96e1ab97ce403110664 -> 
  custom:video-decoder-webm-vp8: 9c59270c3fd7afecdb556c50c9e8de78 -> 
  custom:audio-decoder-ogg-vorbis: bf7c407c2cedff20999df2af8eb42d56 -> 
  custom:audio-encoder-webm-vorbis: bf7c407c2cedff20999df2af8eb42d56 -> 
========================================================================
Received Import Request.
  Time since last request: 867.532406 seconds.
  path: Assets/Textures/Image/935d1.jpg
  artifactKey: Guid(ca4196e10b8989e4fabe89d1a0bdd724) Importer(815301076,1909f56bfc062723c751e8b465ee728b)
Start importing Assets/Textures/Image/935d1.jpg using Guid(ca4196e10b8989e4fabe89d1a0bdd724) Importer(815301076,1909f56bfc062723c751e8b465ee728b)  -> (artifact id: '3845537ecfcece5483c7e0d111fc839e') in 0.299224 seconds 
  Import took 0.308027 seconds .

========================================================================
Received Import Request.
  Time since last request: 0.000681 seconds.
  path: Assets/Textures/Image/2425647181 1.png
  artifactKey: Guid(3220916e7b5fe1c4a974bfc33c69b3e1) Importer(815301076,1909f56bfc062723c751e8b465ee728b)
Start importing Assets/Textures/Image/2425647181 1.png using Guid(3220916e7b5fe1c4a974bfc33c69b3e1) Importer(815301076,1909f56bfc062723c751e8b465ee728b)  -> (artifact id: '1f7b1da40fb7405e661587c8ccccddf9') in 0.079499 seconds 
  Import took 0.092314 seconds .

========================================================================
Received Import Request.
  Time since last request: 0.000816 seconds.
  path: Assets/Textures/Image/935d1.jpg
  artifactKey: Guid(ca4196e10b8989e4fabe89d1a0bdd724) Importer(815301076,1909f56bfc062723c751e8b465ee728b)
Start importing Assets/Textures/Image/935d1.jpg using Guid(ca4196e10b8989e4fabe89d1a0bdd724) Importer(815301076,1909f56bfc062723c751e8b465ee728b)  -> (artifact id: '3845537ecfcece5483c7e0d111fc839e') in 0.062198 seconds 
  Import took 0.070985 seconds .

========================================================================
Received Import Request.
  Time since last request: 0.003637 seconds.
  path: Assets/Textures/Image/935d2.jpg
  artifactKey: Guid(5eea0df2edaf97c4282bb576965d6b1c) Importer(815301076,1909f56bfc062723c751e8b465ee728b)
Start importing Assets/Textures/Image/935d2.jpg using Guid(5eea0df2edaf97c4282bb576965d6b1c) Importer(815301076,1909f56bfc062723c751e8b465ee728b)  -> (artifact id: '377d1af5b2ba72ade026583650d7522a') in 0.097760 seconds 
  Import took 0.106722 seconds .

========================================================================
Received Import Request.
  Time since last request: 3.911197 seconds.
  path: Assets/Textures/Image/perforation-1.jpg
  artifactKey: Guid(fdfc9818b3405a4479d35227bc0fa009) Importer(815301076,1909f56bfc062723c751e8b465ee728b)
Start importing Assets/Textures/Image/perforation-1.jpg using Guid(fdfc9818b3405a4479d35227bc0fa009) Importer(815301076,1909f56bfc062723c751e8b465ee728b)  -> (artifact id: '5e5a2b357c37ca6acface279a2e2c5ac') in 0.044592 seconds 
  Import took 0.051631 seconds .

========================================================================
Received Import Request.
  Time since last request: 0.008769 seconds.
  path: Assets/Textures/Image/perforation-1.jpg
  artifactKey: Guid(fdfc9818b3405a4479d35227bc0fa009) Importer(815301076,1909f56bfc062723c751e8b465ee728b)
Start importing Assets/Textures/Image/perforation-1.jpg using Guid(fdfc9818b3405a4479d35227bc0fa009) Importer(815301076,1909f56bfc062723c751e8b465ee728b)  -> (artifact id: '5e5a2b357c37ca6acface279a2e2c5ac') in 0.054754 seconds 
  Import took 0.062321 seconds .

========================================================================
Received Import Request.
  Time since last request: 56.670186 seconds.
  path: Assets/Textures/Image/Tekstury-1.jpg
  artifactKey: Guid(76f5a439545718642959a287ded54586) Importer(815301076,1909f56bfc062723c751e8b465ee728b)
Start importing Assets/Textures/Image/Tekstury-1.jpg using Guid(76f5a439545718642959a287ded54586) Importer(815301076,1909f56bfc062723c751e8b465ee728b)  -> (artifact id: '02222db8e6b05451a6053971c661e024') in 0.081345 seconds 
  Import took 0.087762 seconds .

========================================================================
Received Import Request.
  Time since last request: 0.001823 seconds.
  path: Assets/Textures/Image/Tekstury-1.jpg
  artifactKey: Guid(76f5a439545718642959a287ded54586) Importer(815301076,1909f56bfc062723c751e8b465ee728b)
Start importing Assets/Textures/Image/Tekstury-1.jpg using Guid(76f5a439545718642959a287ded54586) Importer(815301076,1909f56bfc062723c751e8b465ee728b)  -> (artifact id: '02222db8e6b05451a6053971c661e024') in 0.059360 seconds 
  Import took 0.065504 seconds .

========================================================================
Received Import Request.
  Time since last request: 4.722080 seconds.
  path: Assets/Textures/Image/streszczenie-1.jpg
  artifactKey: Guid(b4122dd5e25620e45b0c4af8d704f033) Importer(815301076,1909f56bfc062723c751e8b465ee728b)
Start importing Assets/Textures/Image/streszczenie-1.jpg using Guid(b4122dd5e25620e45b0c4af8d704f033) Importer(815301076,1909f56bfc062723c751e8b465ee728b)  -> (artifact id: 'a1ee3812bcfccf16cbd2389e631a9dd6') in 0.066304 seconds 
  Import took 0.071805 seconds .

========================================================================
Received Import Request.
  Time since last request: 0.013817 seconds.
  path: Assets/Textures/Image/streszczenie-1.jpg
  artifactKey: Guid(b4122dd5e25620e45b0c4af8d704f033) Importer(815301076,1909f56bfc062723c751e8b465ee728b)
Start importing Assets/Textures/Image/streszczenie-1.jpg using Guid(b4122dd5e25620e45b0c4af8d704f033) Importer(815301076,1909f56bfc062723c751e8b465ee728b)  -> (artifact id: 'a1ee3812bcfccf16cbd2389e631a9dd6') in 0.048057 seconds 
  Import took 0.056088 seconds .

========================================================================
Received Import Request.
  Time since last request: 16.710209 seconds.
  path: Assets/Materials/Wall1.mat
  artifactKey: Guid(29b493412ceb59744891e8b98fa155c7) Importer(815301076,1909f56bfc062723c751e8b465ee728b)
Start importing Assets/Materials/Wall1.mat using Guid(29b493412ceb59744891e8b98fa155c7) Importer(815301076,1909f56bfc062723c751e8b465ee728b)  -> (artifact id: '3cfb937a64597624bcae2305ccee188a') in 0.191901 seconds 
  Import took 0.208701 seconds .

AssetImportWorkerClient::OnTransportError - code=2 error=End of file
