Using pre-set license
Built from '2020.3/staging' branch; Version is '2020.3.13f1 (71691879b7f5) revision 7432472'; Using compiler version '192528614'; Build Type 'Release'
OS: 'Windows 10 Home Single Language; OS build 19043.1237; Version 2009; 64bit' Language: 'ru' Physical Memory: 11663 MB
BatchMode: 1, IsHumanControllingUs: 0, StartBugReporterOnCrash: 0, Is64bit: 1, IsPro: 0

 COMMAND LINE ARGUMENTS:
C:\Program Files\Unity\Hub\Editor\2020.3.13f1\Editor\Unity.exe
-adb2
-batchMode
-noUpm
-name
AssetImportWorker9
-projectPath
D:/unityD/GB_Lesson/GB_UnityProject1
-logFile
Logs/AssetImportWorker9.log
-srvPort
52871
Successfully changed project path to: D:/unityD/GB_Lesson/GB_UnityProject1
D:/unityD/GB_Lesson/GB_UnityProject1
Using Asset Import Pipeline V2.
Refreshing native plugins compatible for Editor in 276.29 ms, found 3 plugins.
Preloading 0 native plugins for Editor in 0.00 ms.
Initialize engine version: 2020.3.13f1 (71691879b7f5)
[Subsystems] Discovering subsystems at path C:/Program Files/Unity/Hub/Editor/2020.3.13f1/Editor/Data/Resources/UnitySubsystems
[Subsystems] Discovering subsystems at path D:/unityD/GB_Lesson/GB_UnityProject1/Assets
GfxDevice: creating device client; threaded=0
Direct3D:
    Version:  Direct3D 11.0 [level 11.1]
    Renderer: AMD Radeon R5 Graphics (ID=0x9874)
    Vendor:   
    VRAM:     5831 MB
    Driver:   27.20.1034.6
Initialize mono
Mono path[0] = 'C:/Program Files/Unity/Hub/Editor/2020.3.13f1/Editor/Data/Managed'
Mono path[1] = 'C:/Program Files/Unity/Hub/Editor/2020.3.13f1/Editor/Data/MonoBleedingEdge/lib/mono/unityjit'
Mono config path = 'C:/Program Files/Unity/Hub/Editor/2020.3.13f1/Editor/Data/MonoBleedingEdge/etc'
Using monoOptions --debugger-agent=transport=dt_socket,embedding=1,server=y,suspend=n,address=127.0.0.1:56352
Begin MonoManager ReloadAssembly
Registering precompiled unity dll's ...
Register platform support module: C:/Program Files/Unity/Hub/Editor/2020.3.13f1/Editor/Data/PlaybackEngines/MacStandaloneSupport/UnityEditor.OSXStandalone.Extensions.dll
Register platform support module: C:/Program Files/Unity/Hub/Editor/2020.3.13f1/Editor/Data/PlaybackEngines/WindowsStandaloneSupport/UnityEditor.WindowsStandalone.Extensions.dll
Register platform support module: C:/Program Files/Unity/Hub/Editor/2020.3.13f1/Editor/Data/PlaybackEngines/LinuxStandaloneSupport/UnityEditor.LinuxStandalone.Extensions.dll
Registered in 0.025312 seconds.
Native extension for LinuxStandalone target not found
Native extension for WindowsStandalone target not found
Native extension for OSXStandalone target not found
Refreshing native plugins compatible for Editor in 193.26 ms, found 3 plugins.
Preloading 0 native plugins for Editor in 0.00 ms.
Mono: successfully reloaded assembly
- Completed reload, in 16.488 seconds
Platform modules already initialized, skipping
Registering precompiled user dll's ...
Registered in 0.106884 seconds.
Begin MonoManager ReloadAssembly
Native extension for LinuxStandalone target not found
Native extension for WindowsStandalone target not found
Native extension for OSXStandalone target not found
Refreshing native plugins compatible for Editor in 1.97 ms, found 3 plugins.
Preloading 0 native plugins for Editor in 0.00 ms.
Mono: successfully reloaded assembly
- Completed reload, in  6.219 seconds
Platform modules already initialized, skipping
========================================================================
Worker process is ready to serve import requests
Launched and connected shader compiler UnityShaderCompiler.exe after 0.50 seconds
Refreshing native plugins compatible for Editor in 1.86 ms, found 3 plugins.
Preloading 0 native plugins for Editor in 0.00 ms.
Unloading 1563 Unused Serialized files (Serialized files now loaded: 0)
System memory in use before: 155.1 MB.
System memory in use after: 154.8 MB.

Unloading 37 unused Assets to reduce memory usage. Loaded Objects now: 2081.
Total: 9.748400 ms (FindLiveObjects: 0.566100 ms CreateObjectMapping: 0.556000 ms MarkObjects: 7.143400 ms  DeleteObjects: 1.477300 ms)

AssetImportParameters requested are different than current active one (requested -> active):
  custom:framework-win-MediaFoundation: 216162199b28c13a410421893ffa2e32 -> 
  custom:video-decoder-ogg-theora: a1e56fd34408186e4bbccfd4996cb3dc -> 
  custom:container-muxer-webm: aa71ff27fc2769a1b78a27578f13a17b -> 
  custom:container-demuxer-webm: 4f35f7cbe854078d1ac9338744f61a02 -> 
  custom:container-demuxer-ogg: 62fdf1f143b41e24485cea50d1cbac27 -> 
  custom:video-encoder-webm-vp8: eb34c28f22e8b96e1ab97ce403110664 -> 
  custom:video-decoder-webm-vp8: 9c59270c3fd7afecdb556c50c9e8de78 -> 
  custom:audio-decoder-ogg-vorbis: bf7c407c2cedff20999df2af8eb42d56 -> 
  custom:audio-encoder-webm-vorbis: bf7c407c2cedff20999df2af8eb42d56 -> 
========================================================================
Received Import Request.
  path: Assets/Prefabs/FPSController.prefab
  artifactKey: Guid(03c0114438e3c864c8624cada32a24fa) Importer(815301076,1909f56bfc062723c751e8b465ee728b)
Start importing Assets/Prefabs/FPSController.prefab using Guid(03c0114438e3c864c8624cada32a24fa) Importer(815301076,1909f56bfc062723c751e8b465ee728b)  -> (artifact id: '0422cd0056bb46c390e10b75922e1568') in 1.295829 seconds 
  Import took 1.316995 seconds .

========================================================================
Received Import Request.
  Time since last request: 83.691764 seconds.
  path: Assets/Sond/AudioMixer.mixer
  artifactKey: Guid(4b07b9ffc7655a74496f1c4c1f6b51e7) Importer(815301076,1909f56bfc062723c751e8b465ee728b)
Start importing Assets/Sond/AudioMixer.mixer using Guid(4b07b9ffc7655a74496f1c4c1f6b51e7) Importer(815301076,1909f56bfc062723c751e8b465ee728b)  -> (artifact id: 'e99f0069a62631d5ff8eb746073b088e') in 0.036092 seconds 
  Import took 0.050351 seconds .

========================================================================
Received Import Request.
  Time since last request: 11.178428 seconds.
  path: Assets/Sond/AudioMixer.mixer
  artifactKey: Guid(4b07b9ffc7655a74496f1c4c1f6b51e7) Importer(815301076,1909f56bfc062723c751e8b465ee728b)
Start importing Assets/Sond/AudioMixer.mixer using Guid(4b07b9ffc7655a74496f1c4c1f6b51e7) Importer(815301076,1909f56bfc062723c751e8b465ee728b)  -> (artifact id: '0818d7cd671b0fdfd895fd854a1a561c') in 0.018179 seconds 
  Import took 0.025387 seconds .

========================================================================
Received Import Request.
  Time since last request: 0.592610 seconds.
  path: Assets/Sond/AudioMixer.mixer
  artifactKey: Guid(4b07b9ffc7655a74496f1c4c1f6b51e7) Importer(815301076,1909f56bfc062723c751e8b465ee728b)
Start importing Assets/Sond/AudioMixer.mixer using Guid(4b07b9ffc7655a74496f1c4c1f6b51e7) Importer(815301076,1909f56bfc062723c751e8b465ee728b)  -> (artifact id: '0818d7cd671b0fdfd895fd854a1a561c') in 0.119982 seconds 
  Import took 0.136078 seconds .

========================================================================
Received Import Request.
  Time since last request: 8.817772 seconds.
  path: Assets/Sond/AudioMixer.mixer
  artifactKey: Guid(4b07b9ffc7655a74496f1c4c1f6b51e7) Importer(815301076,1909f56bfc062723c751e8b465ee728b)
Start importing Assets/Sond/AudioMixer.mixer using Guid(4b07b9ffc7655a74496f1c4c1f6b51e7) Importer(815301076,1909f56bfc062723c751e8b465ee728b)  -> (artifact id: '69d1150481fde7b2befb6e580d7483a9') in 0.120014 seconds 
  Import took 0.137467 seconds .

========================================================================
Received Import Request.
  Time since last request: 52.756189 seconds.
  path: Assets/Sond/AudioMixer.mixer
  artifactKey: Guid(4b07b9ffc7655a74496f1c4c1f6b51e7) Importer(815301076,1909f56bfc062723c751e8b465ee728b)
Start importing Assets/Sond/AudioMixer.mixer using Guid(4b07b9ffc7655a74496f1c4c1f6b51e7) Importer(815301076,1909f56bfc062723c751e8b465ee728b)  -> (artifact id: '86f57de533abf8f4905b02a0b64a2a58') in 0.026548 seconds 
  Import took 0.037426 seconds .

========================================================================
Received Import Request.
  Time since last request: 0.180777 seconds.
  path: Assets/Sond/AudioMixer.mixer
  artifactKey: Guid(4b07b9ffc7655a74496f1c4c1f6b51e7) Importer(815301076,1909f56bfc062723c751e8b465ee728b)
Start importing Assets/Sond/AudioMixer.mixer using Guid(4b07b9ffc7655a74496f1c4c1f6b51e7) Importer(815301076,1909f56bfc062723c751e8b465ee728b)  -> (artifact id: '86f57de533abf8f4905b02a0b64a2a58') in 0.017565 seconds 
  Import took 0.093993 seconds .

========================================================================
Received Import Request.
  Time since last request: 12.288954 seconds.
  path: Assets/Sond/AudioMixer.mixer
  artifactKey: Guid(4b07b9ffc7655a74496f1c4c1f6b51e7) Importer(815301076,1909f56bfc062723c751e8b465ee728b)
Start importing Assets/Sond/AudioMixer.mixer using Guid(4b07b9ffc7655a74496f1c4c1f6b51e7) Importer(815301076,1909f56bfc062723c751e8b465ee728b)  -> (artifact id: 'e26ac24776906beb7b56e23cec8ca487') in 0.153399 seconds 
  Import took 0.170782 seconds .

========================================================================
Received Import Request.
  Time since last request: 131.613961 seconds.
  path: Assets/Prefabs/Room/ShluzPrefab/Shluz.prefab
  artifactKey: Guid(aec95c50ab0331049a16ee7b15d7407a) Importer(815301076,1909f56bfc062723c751e8b465ee728b)
Start importing Assets/Prefabs/Room/ShluzPrefab/Shluz.prefab using Guid(aec95c50ab0331049a16ee7b15d7407a) Importer(815301076,1909f56bfc062723c751e8b465ee728b)  -> (artifact id: '35ea70252500a521960939d0bc0c7a54') in 0.515461 seconds 
  Import took 0.537154 seconds .

========================================================================
Received Import Request.
  Time since last request: 23.997530 seconds.
  path: Assets/Prefabs/Shot/Grenade.prefab
  artifactKey: Guid(093d1443222a10e4d9e861d00ee20366) Importer(815301076,1909f56bfc062723c751e8b465ee728b)
Start importing Assets/Prefabs/Shot/Grenade.prefab using Guid(093d1443222a10e4d9e861d00ee20366) Importer(815301076,1909f56bfc062723c751e8b465ee728b)  -> (artifact id: 'adfb1f08167906fdfc5e0ed18f0f3c11') in 0.149185 seconds 
  Import took 0.158051 seconds .

========================================================================
Received Import Request.
  Time since last request: 8.586660 seconds.
  path: Assets/Prefabs/Shot/Grenade.prefab
  artifactKey: Guid(093d1443222a10e4d9e861d00ee20366) Importer(815301076,1909f56bfc062723c751e8b465ee728b)
Start importing Assets/Prefabs/Shot/Grenade.prefab using Guid(093d1443222a10e4d9e861d00ee20366) Importer(815301076,1909f56bfc062723c751e8b465ee728b)  -> (artifact id: 'dc4c0143e322a9c38b2752c99557e4a7') in 0.217638 seconds 
  Import took 0.233905 seconds .

========================================================================
Received Import Request.
  Time since last request: 8.780492 seconds.
  path: Assets/Prefabs/Shot/Shoot001.prefab
  artifactKey: Guid(8327cd41e1468844e8eb6721aa202971) Importer(815301076,1909f56bfc062723c751e8b465ee728b)
Start importing Assets/Prefabs/Shot/Shoot001.prefab using Guid(8327cd41e1468844e8eb6721aa202971) Importer(815301076,1909f56bfc062723c751e8b465ee728b)  -> (artifact id: '7691a2cfeb176c3e14957a9b79b9bbbe') in 0.170916 seconds 
  Import took 0.206663 seconds .

========================================================================
Received Import Request.
  Time since last request: 35.095596 seconds.
  path: Assets/Prefabs/EnemyPrefabs/spider_myOldOneBleack.prefab
  artifactKey: Guid(be48371e39f6a6a4cb945adb7996c345) Importer(815301076,1909f56bfc062723c751e8b465ee728b)
Start importing Assets/Prefabs/EnemyPrefabs/spider_myOldOneBleack.prefab using Guid(be48371e39f6a6a4cb945adb7996c345) Importer(815301076,1909f56bfc062723c751e8b465ee728b)  -> (artifact id: '1362cbc397bbf5dfa77c6800c1e9588a') in 0.374207 seconds 
  Import took 0.390678 seconds .

========================================================================
Received Import Request.
  Time since last request: 0.000770 seconds.
  path: Assets/Prefabs/EnemyPrefabs/spider_myOldOneBleackPatrul.prefab
  artifactKey: Guid(e51afc7fee9b1574fad810e8d611a229) Importer(815301076,1909f56bfc062723c751e8b465ee728b)
Start importing Assets/Prefabs/EnemyPrefabs/spider_myOldOneBleackPatrul.prefab using Guid(e51afc7fee9b1574fad810e8d611a229) Importer(815301076,1909f56bfc062723c751e8b465ee728b)  -> (artifact id: '1d02b78135ca46fc6ab261e00662ba87') in 0.130854 seconds 
  Import took 0.139138 seconds .

========================================================================
Received Import Request.
  Time since last request: 1109.454594 seconds.
  path: Assets/Prefabs/UI
  artifactKey: Guid(39f177ce1508d8c4e8020bf714a82f77) Importer(815301076,1909f56bfc062723c751e8b465ee728b)
Start importing Assets/Prefabs/UI using Guid(39f177ce1508d8c4e8020bf714a82f77) Importer(815301076,1909f56bfc062723c751e8b465ee728b)  -> (artifact id: 'a68e544f024de0024c450793122263dc') in 0.048492 seconds 
  Import took 0.060138 seconds .

========================================================================
Received Import Request.
  Time since last request: 37.929981 seconds.
  path: Assets/Prefabs/UI/SettingPanel.prefab
  artifactKey: Guid(ed8d46dd67bdb5549ba65964800cfb47) Importer(815301076,1909f56bfc062723c751e8b465ee728b)
Start importing Assets/Prefabs/UI/SettingPanel.prefab using Guid(ed8d46dd67bdb5549ba65964800cfb47) Importer(815301076,1909f56bfc062723c751e8b465ee728b)  -> (artifact id: '889d4e03c315513cc0349cfca440db87') in 0.113307 seconds 
  Import took 0.120746 seconds .

========================================================================
Received Import Request.
  Time since last request: 52.560035 seconds.
  path: Assets/Scripts/UI/SettingSound.cs
  artifactKey: Guid(793415199f1143248a7422d93c03bfa3) Importer(815301076,1909f56bfc062723c751e8b465ee728b)
Start importing Assets/Scripts/UI/SettingSound.cs using Guid(793415199f1143248a7422d93c03bfa3) Importer(815301076,1909f56bfc062723c751e8b465ee728b)  -> (artifact id: '1429949e99d77001db2e788657462bdd') in 0.111053 seconds 
  Import took 0.118339 seconds .

========================================================================
Received Prepare
Registering precompiled user dll's ...
Registered in 0.167019 seconds.
Begin MonoManager ReloadAssembly
Native extension for LinuxStandalone target not found
Native extension for WindowsStandalone target not found
Native extension for OSXStandalone target not found
Refreshing native plugins compatible for Editor in 1.32 ms, found 3 plugins.
Preloading 0 native plugins for Editor in 0.00 ms.
Mono: successfully reloaded assembly
- Completed reload, in  3.321 seconds
Platform modules already initialized, skipping
Refreshing native plugins compatible for Editor in 1.44 ms, found 3 plugins.
Preloading 0 native plugins for Editor in 0.00 ms.
Unloading 1537 Unused Serialized files (Serialized files now loaded: 0)
System memory in use before: 156.2 MB.
System memory in use after: 155.9 MB.

Unloading 37 unused Assets to reduce memory usage. Loaded Objects now: 2095.
Total: 6.876100 ms (FindLiveObjects: 0.514100 ms CreateObjectMapping: 0.209800 ms MarkObjects: 4.760200 ms  DeleteObjects: 1.388200 ms)

AssetImportParameters requested are different than current active one (requested -> active):
  custom:framework-win-MediaFoundation: 216162199b28c13a410421893ffa2e32 -> 
  custom:video-decoder-ogg-theora: a1e56fd34408186e4bbccfd4996cb3dc -> 
  custom:container-muxer-webm: aa71ff27fc2769a1b78a27578f13a17b -> 
  custom:container-demuxer-webm: 4f35f7cbe854078d1ac9338744f61a02 -> 
  custom:container-demuxer-ogg: 62fdf1f143b41e24485cea50d1cbac27 -> 
  custom:video-encoder-webm-vp8: eb34c28f22e8b96e1ab97ce403110664 -> 
  custom:video-decoder-webm-vp8: 9c59270c3fd7afecdb556c50c9e8de78 -> 
  custom:audio-decoder-ogg-vorbis: bf7c407c2cedff20999df2af8eb42d56 -> 
  custom:audio-encoder-webm-vorbis: bf7c407c2cedff20999df2af8eb42d56 -> 
========================================================================
Received Import Request.
  Time since last request: 94.287898 seconds.
  path: Assets/Prefabs/UI/SettingPanel.prefab
  artifactKey: Guid(ed8d46dd67bdb5549ba65964800cfb47) Importer(815301076,1909f56bfc062723c751e8b465ee728b)
Start importing Assets/Prefabs/UI/SettingPanel.prefab using Guid(ed8d46dd67bdb5549ba65964800cfb47) Importer(815301076,1909f56bfc062723c751e8b465ee728b)  -> (artifact id: 'bebb983dd8e8963defb33211387b4340') in 0.133556 seconds 
  Import took 0.142354 seconds .

========================================================================
Received Import Request.
  Time since last request: 27.929710 seconds.
  path: Assets/Prefabs/UI/Exit.prefab
  artifactKey: Guid(8e32f1002f76aae4996dd703c1bb3418) Importer(815301076,1909f56bfc062723c751e8b465ee728b)
Start importing Assets/Prefabs/UI/Exit.prefab using Guid(8e32f1002f76aae4996dd703c1bb3418) Importer(815301076,1909f56bfc062723c751e8b465ee728b)  -> (artifact id: '1fa2245508e97b7c90b9e67ec0d2a528') in 0.033916 seconds 
  Import took 0.041057 seconds .

========================================================================
Received Import Request.
  Time since last request: 0.007393 seconds.
  path: Assets/Prefabs/UI/Exit.prefab
  artifactKey: Guid(8e32f1002f76aae4996dd703c1bb3418) Importer(815301076,1909f56bfc062723c751e8b465ee728b)
Start importing Assets/Prefabs/UI/Exit.prefab using Guid(8e32f1002f76aae4996dd703c1bb3418) Importer(815301076,1909f56bfc062723c751e8b465ee728b)  -> (artifact id: '1fa2245508e97b7c90b9e67ec0d2a528') in 0.024821 seconds 
  Import took 0.031120 seconds .

========================================================================
Received Import Request.
  Time since last request: 22.894475 seconds.
  path: Assets/Prefabs/UI/SettingPanel.prefab
  artifactKey: Guid(ed8d46dd67bdb5549ba65964800cfb47) Importer(815301076,1909f56bfc062723c751e8b465ee728b)
Start importing Assets/Prefabs/UI/SettingPanel.prefab using Guid(ed8d46dd67bdb5549ba65964800cfb47) Importer(815301076,1909f56bfc062723c751e8b465ee728b)  -> (artifact id: '48ecfda1ca3fe50f5d0e39b0e835ad59') in 0.049201 seconds 
  Import took 0.061304 seconds .

========================================================================
Received Import Request.
  Time since last request: 4.908532 seconds.
  path: Assets/Prefabs/UI/SettingPanel.prefab
  artifactKey: Guid(ed8d46dd67bdb5549ba65964800cfb47) Importer(815301076,1909f56bfc062723c751e8b465ee728b)
Start importing Assets/Prefabs/UI/SettingPanel.prefab using Guid(ed8d46dd67bdb5549ba65964800cfb47) Importer(815301076,1909f56bfc062723c751e8b465ee728b)  -> (artifact id: 'd40b4c8ed15d3d89e14db2f09151a576') in 0.032654 seconds 
  Import took 0.040427 seconds .

========================================================================
Received Import Request.
  Time since last request: 29.822910 seconds.
  path: Assets/Prefabs/UI/SettingPanel.prefab
  artifactKey: Guid(ed8d46dd67bdb5549ba65964800cfb47) Importer(815301076,1909f56bfc062723c751e8b465ee728b)
Start importing Assets/Prefabs/UI/SettingPanel.prefab using Guid(ed8d46dd67bdb5549ba65964800cfb47) Importer(815301076,1909f56bfc062723c751e8b465ee728b)  -> (artifact id: 'ac88d6c87368de5d90910ded7b1d4ec0') in 0.032621 seconds 
  Import took 0.042427 seconds .

========================================================================
Received Import Request.
  Time since last request: 3.734909 seconds.
  path: Assets/Prefabs/UI/SettingPanel.prefab
  artifactKey: Guid(ed8d46dd67bdb5549ba65964800cfb47) Importer(815301076,1909f56bfc062723c751e8b465ee728b)
Start importing Assets/Prefabs/UI/SettingPanel.prefab using Guid(ed8d46dd67bdb5549ba65964800cfb47) Importer(815301076,1909f56bfc062723c751e8b465ee728b)  -> (artifact id: 'e9d46f598eaa9d74f24945ecd3374b5e') in 0.039210 seconds 
  Import took 0.047888 seconds .

========================================================================
Received Import Request.
  Time since last request: 28.436800 seconds.
  path: Assets/Prefabs/UI/SettingPanel.prefab
  artifactKey: Guid(ed8d46dd67bdb5549ba65964800cfb47) Importer(815301076,1909f56bfc062723c751e8b465ee728b)
Start importing Assets/Prefabs/UI/SettingPanel.prefab using Guid(ed8d46dd67bdb5549ba65964800cfb47) Importer(815301076,1909f56bfc062723c751e8b465ee728b)  -> (artifact id: 'a618341d6ac086c18117cae1c84f7bc7') in 0.053285 seconds 
  Import took 0.064837 seconds .

========================================================================
Received Prepare
Registering precompiled user dll's ...
Registered in 0.040374 seconds.
Begin MonoManager ReloadAssembly
Native extension for LinuxStandalone target not found
Native extension for WindowsStandalone target not found
Native extension for OSXStandalone target not found
Refreshing native plugins compatible for Editor in 2.14 ms, found 3 plugins.
Preloading 0 native plugins for Editor in 0.00 ms.
Mono: successfully reloaded assembly
- Completed reload, in  3.084 seconds
Platform modules already initialized, skipping
Refreshing native plugins compatible for Editor in 2.03 ms, found 3 plugins.
Preloading 0 native plugins for Editor in 0.00 ms.
Unloading 1537 Unused Serialized files (Serialized files now loaded: 0)
System memory in use before: 156.2 MB.
System memory in use after: 155.9 MB.

Unloading 34 unused Assets to reduce memory usage. Loaded Objects now: 2098.
Total: 5.694000 ms (FindLiveObjects: 0.500500 ms CreateObjectMapping: 0.105300 ms MarkObjects: 4.156700 ms  DeleteObjects: 0.928900 ms)

AssetImportParameters requested are different than current active one (requested -> active):
  custom:framework-win-MediaFoundation: 216162199b28c13a410421893ffa2e32 -> 
  custom:video-decoder-ogg-theora: a1e56fd34408186e4bbccfd4996cb3dc -> 
  custom:container-muxer-webm: aa71ff27fc2769a1b78a27578f13a17b -> 
  custom:container-demuxer-webm: 4f35f7cbe854078d1ac9338744f61a02 -> 
  custom:container-demuxer-ogg: 62fdf1f143b41e24485cea50d1cbac27 -> 
  custom:video-encoder-webm-vp8: eb34c28f22e8b96e1ab97ce403110664 -> 
  custom:video-decoder-webm-vp8: 9c59270c3fd7afecdb556c50c9e8de78 -> 
  custom:audio-decoder-ogg-vorbis: bf7c407c2cedff20999df2af8eb42d56 -> 
  custom:audio-encoder-webm-vorbis: bf7c407c2cedff20999df2af8eb42d56 -> 
========================================================================
Received Import Request.
  Time since last request: 1787.148552 seconds.
  path: Assets/Prefabs/UI/SettingPanel.prefab
  artifactKey: Guid(ed8d46dd67bdb5549ba65964800cfb47) Importer(815301076,1909f56bfc062723c751e8b465ee728b)
Start importing Assets/Prefabs/UI/SettingPanel.prefab using Guid(ed8d46dd67bdb5549ba65964800cfb47) Importer(815301076,1909f56bfc062723c751e8b465ee728b)  -> (artifact id: '76e6bfdb4cd87ce841224ea042828e28') in 0.130103 seconds 
  Import took 0.137096 seconds .

========================================================================
Received Import Request.
  Time since last request: 1411.144295 seconds.
  path: Assets/Sond/AudioMixer.mixer
  artifactKey: Guid(4b07b9ffc7655a74496f1c4c1f6b51e7) Importer(815301076,1909f56bfc062723c751e8b465ee728b)
Start importing Assets/Sond/AudioMixer.mixer using Guid(4b07b9ffc7655a74496f1c4c1f6b51e7) Importer(815301076,1909f56bfc062723c751e8b465ee728b)  -> (artifact id: '15f06a1d0180c36fc929b817fecb0ba5') in 0.135259 seconds 
  Import took 0.163536 seconds .

========================================================================
Received Import Request.
  Time since last request: 0.001059 seconds.
  path: Assets/Sond/staryiy-igrovoy-avtomat-vyiigryish-30641.mp3
  artifactKey: Guid(a8b21200c3e8a26419786733f9178d57) Importer(815301076,1909f56bfc062723c751e8b465ee728b)
Start importing Assets/Sond/staryiy-igrovoy-avtomat-vyiigryish-30641.mp3 using Guid(a8b21200c3e8a26419786733f9178d57) Importer(815301076,1909f56bfc062723c751e8b465ee728b)  -> (artifact id: '9bfe5613314a10830625b0b3ac53d445') in 0.399172 seconds 
  Import took 0.407883 seconds .

========================================================================
Received Import Request.
  Time since last request: 0.000842 seconds.
  path: Assets/Sond/vyibor-nujnoy-igrovoy-kategorii.mp3
  artifactKey: Guid(d4a2549d38babf942a02bf87b27cd8ac) Importer(815301076,1909f56bfc062723c751e8b465ee728b)
Start importing Assets/Sond/vyibor-nujnoy-igrovoy-kategorii.mp3 using Guid(d4a2549d38babf942a02bf87b27cd8ac) Importer(815301076,1909f56bfc062723c751e8b465ee728b)  -> (artifact id: '3248e4dfe717631e404dfc64f207af6f') in 0.102904 seconds 
  Import took 0.120035 seconds .

========================================================================
Received Import Request.
  Time since last request: 0.000601 seconds.
  path: Assets/Sond/stuk-s-kompyuternyim-zvuchaniem.mp3
  artifactKey: Guid(7a4e6ac7b1720554a98171b5bb248891) Importer(815301076,1909f56bfc062723c751e8b465ee728b)
Start importing Assets/Sond/stuk-s-kompyuternyim-zvuchaniem.mp3 using Guid(7a4e6ac7b1720554a98171b5bb248891) Importer(815301076,1909f56bfc062723c751e8b465ee728b)  -> (artifact id: 'cfbc88ac49b911407ba742b9f47c6d62') in 0.127859 seconds 
  Import took 0.192947 seconds .

========================================================================
Received Import Request.
  Time since last request: 2.116590 seconds.
  path: Assets/Sond/Music
  artifactKey: Guid(1545aba7bf8e123468e309da858c59f9) Importer(815301076,1909f56bfc062723c751e8b465ee728b)
Start importing Assets/Sond/Music using Guid(1545aba7bf8e123468e309da858c59f9) Importer(815301076,1909f56bfc062723c751e8b465ee728b)  -> (artifact id: '3e168c3bcf44fdfd0254faf0ab0767b2') in 0.033868 seconds 
  Import took 0.045731 seconds .

========================================================================
Received Import Request.
  Time since last request: 0.077852 seconds.
  path: Assets/Sond/Music/HOT MESS - Музыка для игры в шутеры (www.hotplayer.ru).mp3
  artifactKey: Guid(3299ebdf76b6fc840a5a104a3ba80fb2) Importer(815301076,1909f56bfc062723c751e8b465ee728b)
Start importing Assets/Sond/Music/HOT MESS - Музыка для игры в шутеры (www.hotplayer.ru).mp3 using Guid(3299ebdf76b6fc840a5a104a3ba80fb2) Importer(815301076,1909f56bfc062723c751e8b465ee728b)  -> (artifact id: '35572243e5644deb45a64dcbf0b44c6e') in 0.101693 seconds 
  Import took 0.108862 seconds .

========================================================================
Received Import Request.
  Time since last request: 0.000763 seconds.
  path: Assets/Sond/Music/TIME OF MY SINS - Для игры в Doom (www.hotplayer.ru).mp3
  artifactKey: Guid(cb4f290d83bffb54094a911f7d36f148) Importer(815301076,1909f56bfc062723c751e8b465ee728b)
Start importing Assets/Sond/Music/TIME OF MY SINS - Для игры в Doom (www.hotplayer.ru).mp3 using Guid(cb4f290d83bffb54094a911f7d36f148) Importer(815301076,1909f56bfc062723c751e8b465ee728b)  -> (artifact id: '90e12dc5ab56875250e662439ee7e8af') in 0.120824 seconds 
  Import took 0.127860 seconds .

========================================================================
Received Import Request.
  Time since last request: 0.000513 seconds.
  path: Assets/Sond/Music/Lucha - Музыка для игры в шутеры (www.hotplayer.ru).mp3
  artifactKey: Guid(37971e8f29def764fb07e80595ee77e7) Importer(815301076,1909f56bfc062723c751e8b465ee728b)
Start importing Assets/Sond/Music/Lucha - Музыка для игры в шутеры (www.hotplayer.ru).mp3 using Guid(37971e8f29def764fb07e80595ee77e7) Importer(815301076,1909f56bfc062723c751e8b465ee728b)  -> (artifact id: '69898ac346299cba0d6584216ef1af48') in 0.106897 seconds 
  Import took 0.116767 seconds .

========================================================================
Received Import Request.
  Time since last request: 0.001258 seconds.
  path: Assets/Sond/Music/Naell - Музыка для игры (www.hotplayer.ru).mp3
  artifactKey: Guid(e91987f7035cca54c87f82f18955b713) Importer(815301076,1909f56bfc062723c751e8b465ee728b)
Start importing Assets/Sond/Music/Naell - Музыка для игры (www.hotplayer.ru).mp3 using Guid(e91987f7035cca54c87f82f18955b713) Importer(815301076,1909f56bfc062723c751e8b465ee728b)  -> (artifact id: '0af47a3c880fc9681673ff8a05f2c86e') in 0.112424 seconds 
  Import took 0.121075 seconds .

========================================================================
Received Prepare
Registering precompiled user dll's ...
Registered in 0.100243 seconds.
Begin MonoManager ReloadAssembly
Native extension for LinuxStandalone target not found
Native extension for WindowsStandalone target not found
Native extension for OSXStandalone target not found
Refreshing native plugins compatible for Editor in 1.38 ms, found 3 plugins.
Preloading 0 native plugins for Editor in 0.00 ms.
Mono: successfully reloaded assembly
- Completed reload, in  4.037 seconds
Platform modules already initialized, skipping
Refreshing native plugins compatible for Editor in 1.62 ms, found 3 plugins.
Preloading 0 native plugins for Editor in 0.00 ms.
Unloading 1537 Unused Serialized files (Serialized files now loaded: 0)
System memory in use before: 156.3 MB.
System memory in use after: 156.0 MB.

Unloading 34 unused Assets to reduce memory usage. Loaded Objects now: 2104.
Total: 7.219600 ms (FindLiveObjects: 0.458000 ms CreateObjectMapping: 0.123500 ms MarkObjects: 5.577500 ms  DeleteObjects: 1.056800 ms)

AssetImportParameters requested are different than current active one (requested -> active):
  custom:framework-win-MediaFoundation: 216162199b28c13a410421893ffa2e32 -> 
  custom:video-decoder-ogg-theora: a1e56fd34408186e4bbccfd4996cb3dc -> 
  custom:container-muxer-webm: aa71ff27fc2769a1b78a27578f13a17b -> 
  custom:container-demuxer-webm: 4f35f7cbe854078d1ac9338744f61a02 -> 
  custom:container-demuxer-ogg: 62fdf1f143b41e24485cea50d1cbac27 -> 
  custom:video-encoder-webm-vp8: eb34c28f22e8b96e1ab97ce403110664 -> 
  custom:video-decoder-webm-vp8: 9c59270c3fd7afecdb556c50c9e8de78 -> 
  custom:audio-decoder-ogg-vorbis: bf7c407c2cedff20999df2af8eb42d56 -> 
  custom:audio-encoder-webm-vorbis: bf7c407c2cedff20999df2af8eb42d56 -> 
========================================================================
Received Import Request.
  Time since last request: 286.471684 seconds.
  path: Assets/Scripts/UI/PlayMusic.cs
  artifactKey: Guid(0e56d0e283a91c942bf8fdadc1aada59) Importer(815301076,1909f56bfc062723c751e8b465ee728b)
Start importing Assets/Scripts/UI/PlayMusic.cs using Guid(0e56d0e283a91c942bf8fdadc1aada59) Importer(815301076,1909f56bfc062723c751e8b465ee728b)  -> (artifact id: 'c53ffac7dbf7412f3d9c8fb75e171c03') in 0.152007 seconds 
  Import took 0.161017 seconds .

========================================================================
Received Prepare
Registering precompiled user dll's ...
Registered in 0.092987 seconds.
Begin MonoManager ReloadAssembly
Native extension for LinuxStandalone target not found
Native extension for WindowsStandalone target not found
Native extension for OSXStandalone target not found
Refreshing native plugins compatible for Editor in 1.42 ms, found 3 plugins.
Preloading 0 native plugins for Editor in 0.00 ms.
Mono: successfully reloaded assembly
- Completed reload, in  7.401 seconds
Platform modules already initialized, skipping
Refreshing native plugins compatible for Editor in 1.34 ms, found 3 plugins.
Preloading 0 native plugins for Editor in 0.00 ms.
Unloading 1538 Unused Serialized files (Serialized files now loaded: 0)
System memory in use before: 156.3 MB.
System memory in use after: 156.0 MB.

Unloading 32 unused Assets to reduce memory usage. Loaded Objects now: 2108.
Total: 5.634900 ms (FindLiveObjects: 0.467900 ms CreateObjectMapping: 0.089000 ms MarkObjects: 4.080500 ms  DeleteObjects: 0.994400 ms)

AssetImportParameters requested are different than current active one (requested -> active):
  custom:framework-win-MediaFoundation: 216162199b28c13a410421893ffa2e32 -> 
  custom:video-decoder-ogg-theora: a1e56fd34408186e4bbccfd4996cb3dc -> 
  custom:container-muxer-webm: aa71ff27fc2769a1b78a27578f13a17b -> 
  custom:container-demuxer-webm: 4f35f7cbe854078d1ac9338744f61a02 -> 
  custom:container-demuxer-ogg: 62fdf1f143b41e24485cea50d1cbac27 -> 
  custom:video-encoder-webm-vp8: eb34c28f22e8b96e1ab97ce403110664 -> 
  custom:video-decoder-webm-vp8: 9c59270c3fd7afecdb556c50c9e8de78 -> 
  custom:audio-decoder-ogg-vorbis: bf7c407c2cedff20999df2af8eb42d56 -> 
  custom:audio-encoder-webm-vorbis: bf7c407c2cedff20999df2af8eb42d56 -> 
========================================================================
Received Prepare
Registering precompiled user dll's ...
Registered in 0.044392 seconds.
Begin MonoManager ReloadAssembly
Native extension for LinuxStandalone target not found
Native extension for WindowsStandalone target not found
Native extension for OSXStandalone target not found
Refreshing native plugins compatible for Editor in 1.31 ms, found 3 plugins.
Preloading 0 native plugins for Editor in 0.00 ms.
Mono: successfully reloaded assembly
- Completed reload, in  3.626 seconds
Platform modules already initialized, skipping
Refreshing native plugins compatible for Editor in 1.58 ms, found 3 plugins.
Preloading 0 native plugins for Editor in 0.00 ms.
Unloading 1538 Unused Serialized files (Serialized files now loaded: 0)
System memory in use before: 156.3 MB.
System memory in use after: 156.0 MB.

Unloading 32 unused Assets to reduce memory usage. Loaded Objects now: 2111.
Total: 5.748300 ms (FindLiveObjects: 0.435300 ms CreateObjectMapping: 0.112600 ms MarkObjects: 4.190700 ms  DeleteObjects: 1.006400 ms)

AssetImportParameters requested are different than current active one (requested -> active):
  custom:framework-win-MediaFoundation: 216162199b28c13a410421893ffa2e32 -> 
  custom:video-decoder-ogg-theora: a1e56fd34408186e4bbccfd4996cb3dc -> 
  custom:container-muxer-webm: aa71ff27fc2769a1b78a27578f13a17b -> 
  custom:container-demuxer-webm: 4f35f7cbe854078d1ac9338744f61a02 -> 
  custom:container-demuxer-ogg: 62fdf1f143b41e24485cea50d1cbac27 -> 
  custom:video-encoder-webm-vp8: eb34c28f22e8b96e1ab97ce403110664 -> 
  custom:video-decoder-webm-vp8: 9c59270c3fd7afecdb556c50c9e8de78 -> 
  custom:audio-decoder-ogg-vorbis: bf7c407c2cedff20999df2af8eb42d56 -> 
  custom:audio-encoder-webm-vorbis: bf7c407c2cedff20999df2af8eb42d56 -> 
========================================================================
Received Import Request.
  Time since last request: 1907.829157 seconds.
  path: Assets/Prefabs/UI/SettingPanel.prefab
  artifactKey: Guid(ed8d46dd67bdb5549ba65964800cfb47) Importer(815301076,1909f56bfc062723c751e8b465ee728b)
Start importing Assets/Prefabs/UI/SettingPanel.prefab using Guid(ed8d46dd67bdb5549ba65964800cfb47) Importer(815301076,1909f56bfc062723c751e8b465ee728b)  -> (artifact id: 'ec37bf2c6f4407859c77248414e24bd1') in 0.655140 seconds 
  Import took 0.666763 seconds .

========================================================================
Received Import Request.
  Time since last request: 3.164876 seconds.
  path: Assets/Prefabs/UI/MusicOBJ.prefab
  artifactKey: Guid(c473a90d44ecb5d4980e1ad927fff73d) Importer(815301076,1909f56bfc062723c751e8b465ee728b)
Start importing Assets/Prefabs/UI/MusicOBJ.prefab using Guid(c473a90d44ecb5d4980e1ad927fff73d) Importer(815301076,1909f56bfc062723c751e8b465ee728b)  -> (artifact id: '73d43809bdc1289eabc1bd43b97ab0d3') in 0.026437 seconds 
  Import took 0.034497 seconds .

========================================================================
Received Import Request.
  Time since last request: 0.004557 seconds.
  path: Assets/Prefabs/UI/MusicOBJ.prefab
  artifactKey: Guid(c473a90d44ecb5d4980e1ad927fff73d) Importer(815301076,1909f56bfc062723c751e8b465ee728b)
Start importing Assets/Prefabs/UI/MusicOBJ.prefab using Guid(c473a90d44ecb5d4980e1ad927fff73d) Importer(815301076,1909f56bfc062723c751e8b465ee728b)  -> (artifact id: '73d43809bdc1289eabc1bd43b97ab0d3') in 0.018176 seconds 
  Import took 0.026683 seconds .

========================================================================
Received Import Request.
  Time since last request: 54.224085 seconds.
  path: Assets/Prefabs/UI/SettingPanel.prefab
  artifactKey: Guid(ed8d46dd67bdb5549ba65964800cfb47) Importer(815301076,1909f56bfc062723c751e8b465ee728b)
Start importing Assets/Prefabs/UI/SettingPanel.prefab using Guid(ed8d46dd67bdb5549ba65964800cfb47) Importer(815301076,1909f56bfc062723c751e8b465ee728b)  -> (artifact id: '2792072e13e9df86e00eb1479491e35f') in 0.063547 seconds 
  Import took 0.071476 seconds .

========================================================================
Received Import Request.
  Time since last request: 34.860070 seconds.
  path: Assets/Prefabs/UI/SettingPanel.prefab
  artifactKey: Guid(ed8d46dd67bdb5549ba65964800cfb47) Importer(815301076,1909f56bfc062723c751e8b465ee728b)
Start importing Assets/Prefabs/UI/SettingPanel.prefab using Guid(ed8d46dd67bdb5549ba65964800cfb47) Importer(815301076,1909f56bfc062723c751e8b465ee728b)  -> (artifact id: 'af87e16fe0e3b6326efe5a9ab63d7de2') in 0.054927 seconds 
  Import took 0.064360 seconds .

========================================================================
Received Import Request.
  Time since last request: 7.255650 seconds.
  path: Assets/Prefabs/UI/SettingPanel.prefab
  artifactKey: Guid(ed8d46dd67bdb5549ba65964800cfb47) Importer(815301076,1909f56bfc062723c751e8b465ee728b)
Start importing Assets/Prefabs/UI/SettingPanel.prefab using Guid(ed8d46dd67bdb5549ba65964800cfb47) Importer(815301076,1909f56bfc062723c751e8b465ee728b)  -> (artifact id: '9ac82f770aca6aff769dcbacf39a4b68') in 0.053179 seconds 
  Import took 0.071010 seconds .

========================================================================
Received Import Request.
  Time since last request: 8.193726 seconds.
  path: Assets/Prefabs/UI/SettingPanel.prefab
  artifactKey: Guid(ed8d46dd67bdb5549ba65964800cfb47) Importer(815301076,1909f56bfc062723c751e8b465ee728b)
Start importing Assets/Prefabs/UI/SettingPanel.prefab using Guid(ed8d46dd67bdb5549ba65964800cfb47) Importer(815301076,1909f56bfc062723c751e8b465ee728b)  -> (artifact id: '0288d3f50fccf42628b7103b85a46018') in 0.047964 seconds 
  Import took 0.055930 seconds .

========================================================================
Received Import Request.
  Time since last request: 10.062632 seconds.
  path: Assets/Prefabs/UI/SettingPanel.prefab
  artifactKey: Guid(ed8d46dd67bdb5549ba65964800cfb47) Importer(815301076,1909f56bfc062723c751e8b465ee728b)
Start importing Assets/Prefabs/UI/SettingPanel.prefab using Guid(ed8d46dd67bdb5549ba65964800cfb47) Importer(815301076,1909f56bfc062723c751e8b465ee728b)  -> (artifact id: '70a1f96b1a93951fe61c107d37afefbe') in 0.031134 seconds 
  Import took 0.046799 seconds .

========================================================================
Received Import Request.
  Time since last request: 14.292597 seconds.
  path: Assets/Prefabs/UI/SettingPanel.prefab
  artifactKey: Guid(ed8d46dd67bdb5549ba65964800cfb47) Importer(815301076,1909f56bfc062723c751e8b465ee728b)
Start importing Assets/Prefabs/UI/SettingPanel.prefab using Guid(ed8d46dd67bdb5549ba65964800cfb47) Importer(815301076,1909f56bfc062723c751e8b465ee728b)  -> (artifact id: 'aee27b09e319303500e8f281bdde41a7') in 0.145308 seconds 
  Import took 0.155087 seconds .

========================================================================
Received Import Request.
  Time since last request: 10.630444 seconds.
  path: Assets/Prefabs/UI/SettingPanel.prefab
  artifactKey: Guid(ed8d46dd67bdb5549ba65964800cfb47) Importer(815301076,1909f56bfc062723c751e8b465ee728b)
Start importing Assets/Prefabs/UI/SettingPanel.prefab using Guid(ed8d46dd67bdb5549ba65964800cfb47) Importer(815301076,1909f56bfc062723c751e8b465ee728b)  -> (artifact id: 'fe050fe0896853387c987d91298f1e4a') in 0.080667 seconds 
  Import took 0.093166 seconds .

========================================================================
Received Import Request.
  Time since last request: 13.230238 seconds.
  path: Assets/Prefabs/UI/SettingPanel.prefab
  artifactKey: Guid(ed8d46dd67bdb5549ba65964800cfb47) Importer(815301076,1909f56bfc062723c751e8b465ee728b)
Start importing Assets/Prefabs/UI/SettingPanel.prefab using Guid(ed8d46dd67bdb5549ba65964800cfb47) Importer(815301076,1909f56bfc062723c751e8b465ee728b)  -> (artifact id: '53bf051d60829403ec3c81f669153299') in 0.160354 seconds 
  Import took 0.170132 seconds .

========================================================================
Received Import Request.
  Time since last request: 2.632831 seconds.
  path: Assets/Prefabs/UI/SettingPanel.prefab
  artifactKey: Guid(ed8d46dd67bdb5549ba65964800cfb47) Importer(815301076,1909f56bfc062723c751e8b465ee728b)
Start importing Assets/Prefabs/UI/SettingPanel.prefab using Guid(ed8d46dd67bdb5549ba65964800cfb47) Importer(815301076,1909f56bfc062723c751e8b465ee728b)  -> (artifact id: '372a05f66f794c0b65da84e86829f513') in 0.156507 seconds 
  Import took 0.169227 seconds .

========================================================================
Received Import Request.
  Time since last request: 10.994195 seconds.
  path: Assets/Prefabs/UI/SettingPanel.prefab
  artifactKey: Guid(ed8d46dd67bdb5549ba65964800cfb47) Importer(815301076,1909f56bfc062723c751e8b465ee728b)
Start importing Assets/Prefabs/UI/SettingPanel.prefab using Guid(ed8d46dd67bdb5549ba65964800cfb47) Importer(815301076,1909f56bfc062723c751e8b465ee728b)  -> (artifact id: '09c82cb1ae28dd3ce9a1ae5377d9c04e') in 0.049706 seconds 
  Import took 0.065843 seconds .

========================================================================
Received Import Request.
  Time since last request: 17.323557 seconds.
  path: Assets/Prefabs/UI/SettingPanel.prefab
  artifactKey: Guid(ed8d46dd67bdb5549ba65964800cfb47) Importer(815301076,1909f56bfc062723c751e8b465ee728b)
Start importing Assets/Prefabs/UI/SettingPanel.prefab using Guid(ed8d46dd67bdb5549ba65964800cfb47) Importer(815301076,1909f56bfc062723c751e8b465ee728b)  -> (artifact id: '5fe6b8c5348d0fafc952bbc203331aee') in 0.144422 seconds 
  Import took 0.151887 seconds .

========================================================================
Received Import Request.
  Time since last request: 2.985110 seconds.
  path: Assets/Prefabs/UI/SettingPanel.prefab
  artifactKey: Guid(ed8d46dd67bdb5549ba65964800cfb47) Importer(815301076,1909f56bfc062723c751e8b465ee728b)
Start importing Assets/Prefabs/UI/SettingPanel.prefab using Guid(ed8d46dd67bdb5549ba65964800cfb47) Importer(815301076,1909f56bfc062723c751e8b465ee728b)  -> (artifact id: '75630889da2f5acb04f0bb64e58a849b') in 0.072659 seconds 
  Import took 0.118256 seconds .

========================================================================
Received Import Request.
  Time since last request: 2.800950 seconds.
  path: Assets/Prefabs/UI/SettingPanel.prefab
  artifactKey: Guid(ed8d46dd67bdb5549ba65964800cfb47) Importer(815301076,1909f56bfc062723c751e8b465ee728b)
Start importing Assets/Prefabs/UI/SettingPanel.prefab using Guid(ed8d46dd67bdb5549ba65964800cfb47) Importer(815301076,1909f56bfc062723c751e8b465ee728b)  -> (artifact id: 'eeaaf963c46cf8cecad0671eaabf0ffb') in 0.038834 seconds 
  Import took 0.046856 seconds .

========================================================================
Received Import Request.
  Time since last request: 15.941039 seconds.
  path: Assets/Prefabs/UI/SettingPanel.prefab
  artifactKey: Guid(ed8d46dd67bdb5549ba65964800cfb47) Importer(815301076,1909f56bfc062723c751e8b465ee728b)
Start importing Assets/Prefabs/UI/SettingPanel.prefab using Guid(ed8d46dd67bdb5549ba65964800cfb47) Importer(815301076,1909f56bfc062723c751e8b465ee728b)  -> (artifact id: 'f79c23f50531c7d2c217f90bb2f5813c') in 0.139709 seconds 
  Import took 0.146933 seconds .

========================================================================
Received Import Request.
  Time since last request: 7.421525 seconds.
  path: Assets/Prefabs/UI/SettingPanel.prefab
  artifactKey: Guid(ed8d46dd67bdb5549ba65964800cfb47) Importer(815301076,1909f56bfc062723c751e8b465ee728b)
Start importing Assets/Prefabs/UI/SettingPanel.prefab using Guid(ed8d46dd67bdb5549ba65964800cfb47) Importer(815301076,1909f56bfc062723c751e8b465ee728b)  -> (artifact id: '89866c60a13d9e85dfe88cbe48037102') in 0.040752 seconds 
  Import took 0.049211 seconds .

========================================================================
Received Import Request.
  Time since last request: 8.019472 seconds.
  path: Assets/Prefabs/UI/SettingPanel.prefab
  artifactKey: Guid(ed8d46dd67bdb5549ba65964800cfb47) Importer(815301076,1909f56bfc062723c751e8b465ee728b)
Start importing Assets/Prefabs/UI/SettingPanel.prefab using Guid(ed8d46dd67bdb5549ba65964800cfb47) Importer(815301076,1909f56bfc062723c751e8b465ee728b)  -> (artifact id: 'b5fae15f9474c55e75fd9553dfa2c2cc') in 0.075671 seconds 
  Import took 0.087771 seconds .

========================================================================
Received Import Request.
  Time since last request: 32.501072 seconds.
  path: Assets/Prefabs/UI/SettingPanel.prefab
  artifactKey: Guid(ed8d46dd67bdb5549ba65964800cfb47) Importer(815301076,1909f56bfc062723c751e8b465ee728b)
Start importing Assets/Prefabs/UI/SettingPanel.prefab using Guid(ed8d46dd67bdb5549ba65964800cfb47) Importer(815301076,1909f56bfc062723c751e8b465ee728b)  -> (artifact id: '68d6666e96acd873c9e02a7c6ab2045d') in 0.161275 seconds 
  Import took 0.168488 seconds .

========================================================================
Received Import Request.
  Time since last request: 14.470887 seconds.
  path: Assets/Prefabs/UI/SettingPanel.prefab
  artifactKey: Guid(ed8d46dd67bdb5549ba65964800cfb47) Importer(815301076,1909f56bfc062723c751e8b465ee728b)
Start importing Assets/Prefabs/UI/SettingPanel.prefab using Guid(ed8d46dd67bdb5549ba65964800cfb47) Importer(815301076,1909f56bfc062723c751e8b465ee728b)  -> (artifact id: 'f621a3315ef93a41f809869a2d18859f') in 0.046451 seconds 
  Import took 0.067832 seconds .

========================================================================
Received Import Request.
  Time since last request: 5.286063 seconds.
  path: Assets/Prefabs/UI/SettingPanel.prefab
  artifactKey: Guid(ed8d46dd67bdb5549ba65964800cfb47) Importer(815301076,1909f56bfc062723c751e8b465ee728b)
Start importing Assets/Prefabs/UI/SettingPanel.prefab using Guid(ed8d46dd67bdb5549ba65964800cfb47) Importer(815301076,1909f56bfc062723c751e8b465ee728b)  -> (artifact id: '5d169e75fb05596206b17ad4f7528255') in 0.071970 seconds 
  Import took 0.084699 seconds .

========================================================================
Received Prepare
Registering precompiled user dll's ...
Registered in 0.031700 seconds.
Begin MonoManager ReloadAssembly
Native extension for LinuxStandalone target not found
Native extension for WindowsStandalone target not found
Native extension for OSXStandalone target not found
Refreshing native plugins compatible for Editor in 1.36 ms, found 3 plugins.
Preloading 0 native plugins for Editor in 0.00 ms.
Mono: successfully reloaded assembly
- Completed reload, in  3.449 seconds
Platform modules already initialized, skipping
Refreshing native plugins compatible for Editor in 1.32 ms, found 3 plugins.
Preloading 0 native plugins for Editor in 0.00 ms.
Unloading 1538 Unused Serialized files (Serialized files now loaded: 0)
System memory in use before: 156.4 MB.
System memory in use after: 156.1 MB.

Unloading 34 unused Assets to reduce memory usage. Loaded Objects now: 2114.
Total: 6.345500 ms (FindLiveObjects: 0.440000 ms CreateObjectMapping: 0.110500 ms MarkObjects: 4.504000 ms  DeleteObjects: 1.270500 ms)

AssetImportParameters requested are different than current active one (requested -> active):
  custom:framework-win-MediaFoundation: 216162199b28c13a410421893ffa2e32 -> 
  custom:video-decoder-ogg-theora: a1e56fd34408186e4bbccfd4996cb3dc -> 
  custom:container-muxer-webm: aa71ff27fc2769a1b78a27578f13a17b -> 
  custom:container-demuxer-webm: 4f35f7cbe854078d1ac9338744f61a02 -> 
  custom:container-demuxer-ogg: 62fdf1f143b41e24485cea50d1cbac27 -> 
  custom:video-encoder-webm-vp8: eb34c28f22e8b96e1ab97ce403110664 -> 
  custom:video-decoder-webm-vp8: 9c59270c3fd7afecdb556c50c9e8de78 -> 
  custom:audio-decoder-ogg-vorbis: bf7c407c2cedff20999df2af8eb42d56 -> 
  custom:audio-encoder-webm-vorbis: bf7c407c2cedff20999df2af8eb42d56 -> 
========================================================================
Received Prepare
Registering precompiled user dll's ...
Registered in 0.049344 seconds.
Begin MonoManager ReloadAssembly
Native extension for LinuxStandalone target not found
Native extension for WindowsStandalone target not found
Native extension for OSXStandalone target not found
Refreshing native plugins compatible for Editor in 1.36 ms, found 3 plugins.
Preloading 0 native plugins for Editor in 0.00 ms.
Mono: successfully reloaded assembly
- Completed reload, in  3.308 seconds
Platform modules already initialized, skipping
Refreshing native plugins compatible for Editor in 1.71 ms, found 3 plugins.
Preloading 0 native plugins for Editor in 0.00 ms.
Unloading 1538 Unused Serialized files (Serialized files now loaded: 0)
System memory in use before: 156.4 MB.
System memory in use after: 156.1 MB.

Unloading 32 unused Assets to reduce memory usage. Loaded Objects now: 2117.
Total: 6.286100 ms (FindLiveObjects: 0.545200 ms CreateObjectMapping: 0.163500 ms MarkObjects: 4.429700 ms  DeleteObjects: 1.144500 ms)

AssetImportParameters requested are different than current active one (requested -> active):
  custom:framework-win-MediaFoundation: 216162199b28c13a410421893ffa2e32 -> 
  custom:video-decoder-ogg-theora: a1e56fd34408186e4bbccfd4996cb3dc -> 
  custom:container-muxer-webm: aa71ff27fc2769a1b78a27578f13a17b -> 
  custom:container-demuxer-webm: 4f35f7cbe854078d1ac9338744f61a02 -> 
  custom:container-demuxer-ogg: 62fdf1f143b41e24485cea50d1cbac27 -> 
  custom:video-encoder-webm-vp8: eb34c28f22e8b96e1ab97ce403110664 -> 
  custom:video-decoder-webm-vp8: 9c59270c3fd7afecdb556c50c9e8de78 -> 
  custom:audio-decoder-ogg-vorbis: bf7c407c2cedff20999df2af8eb42d56 -> 
  custom:audio-encoder-webm-vorbis: bf7c407c2cedff20999df2af8eb42d56 -> 
========================================================================
Received Import Request.
  Time since last request: 325.250358 seconds.
  path: Assets/Prefabs/UI/MusicOBJ.prefab
  artifactKey: Guid(c473a90d44ecb5d4980e1ad927fff73d) Importer(815301076,1909f56bfc062723c751e8b465ee728b)
Start importing Assets/Prefabs/UI/MusicOBJ.prefab using Guid(c473a90d44ecb5d4980e1ad927fff73d) Importer(815301076,1909f56bfc062723c751e8b465ee728b)  -> (artifact id: '77784bc5270f7eb8b6615fe856569f6b') in 0.095953 seconds 
  Import took 0.105098 seconds .

========================================================================
Received Prepare
Registering precompiled user dll's ...
Registered in 0.045505 seconds.
Begin MonoManager ReloadAssembly
Native extension for LinuxStandalone target not found
Native extension for WindowsStandalone target not found
Native extension for OSXStandalone target not found
Refreshing native plugins compatible for Editor in 1.54 ms, found 3 plugins.
Preloading 0 native plugins for Editor in 0.00 ms.
Mono: successfully reloaded assembly
- Completed reload, in  3.844 seconds
Platform modules already initialized, skipping
Refreshing native plugins compatible for Editor in 1.36 ms, found 3 plugins.
Preloading 0 native plugins for Editor in 0.00 ms.
Unloading 1538 Unused Serialized files (Serialized files now loaded: 0)
System memory in use before: 156.6 MB.
System memory in use after: 156.3 MB.

Unloading 32 unused Assets to reduce memory usage. Loaded Objects now: 2120.
Total: 5.587600 ms (FindLiveObjects: 0.438400 ms CreateObjectMapping: 0.115000 ms MarkObjects: 3.980500 ms  DeleteObjects: 1.051200 ms)

AssetImportParameters requested are different than current active one (requested -> active):
  custom:framework-win-MediaFoundation: 216162199b28c13a410421893ffa2e32 -> 
  custom:video-decoder-ogg-theora: a1e56fd34408186e4bbccfd4996cb3dc -> 
  custom:container-muxer-webm: aa71ff27fc2769a1b78a27578f13a17b -> 
  custom:container-demuxer-webm: 4f35f7cbe854078d1ac9338744f61a02 -> 
  custom:container-demuxer-ogg: 62fdf1f143b41e24485cea50d1cbac27 -> 
  custom:video-encoder-webm-vp8: eb34c28f22e8b96e1ab97ce403110664 -> 
  custom:video-decoder-webm-vp8: 9c59270c3fd7afecdb556c50c9e8de78 -> 
  custom:audio-decoder-ogg-vorbis: bf7c407c2cedff20999df2af8eb42d56 -> 
  custom:audio-encoder-webm-vorbis: bf7c407c2cedff20999df2af8eb42d56 -> 
========================================================================
Received Prepare
Registering precompiled user dll's ...
Registered in 0.062790 seconds.
Begin MonoManager ReloadAssembly
Native extension for LinuxStandalone target not found
Native extension for WindowsStandalone target not found
Native extension for OSXStandalone target not found
Refreshing native plugins compatible for Editor in 1.41 ms, found 3 plugins.
Preloading 0 native plugins for Editor in 0.00 ms.
Mono: successfully reloaded assembly
- Completed reload, in  3.744 seconds
Platform modules already initialized, skipping
Refreshing native plugins compatible for Editor in 1.33 ms, found 3 plugins.
Preloading 0 native plugins for Editor in 0.00 ms.
Unloading 1538 Unused Serialized files (Serialized files now loaded: 0)
System memory in use before: 156.6 MB.
System memory in use after: 156.3 MB.

Unloading 32 unused Assets to reduce memory usage. Loaded Objects now: 2123.
Total: 7.543000 ms (FindLiveObjects: 0.466400 ms CreateObjectMapping: 0.112600 ms MarkObjects: 5.885300 ms  DeleteObjects: 1.075200 ms)

AssetImportParameters requested are different than current active one (requested -> active):
  custom:framework-win-MediaFoundation: 216162199b28c13a410421893ffa2e32 -> 
  custom:video-decoder-ogg-theora: a1e56fd34408186e4bbccfd4996cb3dc -> 
  custom:container-muxer-webm: aa71ff27fc2769a1b78a27578f13a17b -> 
  custom:container-demuxer-webm: 4f35f7cbe854078d1ac9338744f61a02 -> 
  custom:container-demuxer-ogg: 62fdf1f143b41e24485cea50d1cbac27 -> 
  custom:video-encoder-webm-vp8: eb34c28f22e8b96e1ab97ce403110664 -> 
  custom:video-decoder-webm-vp8: 9c59270c3fd7afecdb556c50c9e8de78 -> 
  custom:audio-decoder-ogg-vorbis: bf7c407c2cedff20999df2af8eb42d56 -> 
  custom:audio-encoder-webm-vorbis: bf7c407c2cedff20999df2af8eb42d56 -> 
========================================================================
Received Prepare
Registering precompiled user dll's ...
Registered in 0.044996 seconds.
Begin MonoManager ReloadAssembly
Native extension for LinuxStandalone target not found
Native extension for WindowsStandalone target not found
Native extension for OSXStandalone target not found
Refreshing native plugins compatible for Editor in 1.87 ms, found 3 plugins.
Preloading 0 native plugins for Editor in 0.00 ms.
Mono: successfully reloaded assembly
- Completed reload, in  3.558 seconds
Platform modules already initialized, skipping
Refreshing native plugins compatible for Editor in 2.48 ms, found 3 plugins.
Preloading 0 native plugins for Editor in 0.00 ms.
Unloading 1538 Unused Serialized files (Serialized files now loaded: 0)
System memory in use before: 156.6 MB.
System memory in use after: 156.3 MB.

Unloading 32 unused Assets to reduce memory usage. Loaded Objects now: 2126.
Total: 9.627900 ms (FindLiveObjects: 1.434800 ms CreateObjectMapping: 0.298100 ms MarkObjects: 6.269800 ms  DeleteObjects: 1.619400 ms)

AssetImportParameters requested are different than current active one (requested -> active):
  custom:framework-win-MediaFoundation: 216162199b28c13a410421893ffa2e32 -> 
  custom:video-decoder-ogg-theora: a1e56fd34408186e4bbccfd4996cb3dc -> 
  custom:container-muxer-webm: aa71ff27fc2769a1b78a27578f13a17b -> 
  custom:container-demuxer-webm: 4f35f7cbe854078d1ac9338744f61a02 -> 
  custom:container-demuxer-ogg: 62fdf1f143b41e24485cea50d1cbac27 -> 
  custom:video-encoder-webm-vp8: eb34c28f22e8b96e1ab97ce403110664 -> 
  custom:video-decoder-webm-vp8: 9c59270c3fd7afecdb556c50c9e8de78 -> 
  custom:audio-decoder-ogg-vorbis: bf7c407c2cedff20999df2af8eb42d56 -> 
  custom:audio-encoder-webm-vorbis: bf7c407c2cedff20999df2af8eb42d56 -> 
========================================================================
Received Prepare
Registering precompiled user dll's ...
Registered in 0.040222 seconds.
Begin MonoManager ReloadAssembly
Native extension for LinuxStandalone target not found
Native extension for WindowsStandalone target not found
Native extension for OSXStandalone target not found
Refreshing native plugins compatible for Editor in 2.11 ms, found 3 plugins.
Preloading 0 native plugins for Editor in 0.00 ms.
Mono: successfully reloaded assembly
- Completed reload, in  3.609 seconds
Platform modules already initialized, skipping
Refreshing native plugins compatible for Editor in 1.41 ms, found 3 plugins.
Preloading 0 native plugins for Editor in 0.00 ms.
Unloading 1538 Unused Serialized files (Serialized files now loaded: 0)
System memory in use before: 156.6 MB.
System memory in use after: 156.3 MB.

Unloading 32 unused Assets to reduce memory usage. Loaded Objects now: 2129.
Total: 6.725700 ms (FindLiveObjects: 0.456000 ms CreateObjectMapping: 0.112800 ms MarkObjects: 4.640700 ms  DeleteObjects: 1.512500 ms)

AssetImportParameters requested are different than current active one (requested -> active):
  custom:framework-win-MediaFoundation: 216162199b28c13a410421893ffa2e32 -> 
  custom:video-decoder-ogg-theora: a1e56fd34408186e4bbccfd4996cb3dc -> 
  custom:container-muxer-webm: aa71ff27fc2769a1b78a27578f13a17b -> 
  custom:container-demuxer-webm: 4f35f7cbe854078d1ac9338744f61a02 -> 
  custom:container-demuxer-ogg: 62fdf1f143b41e24485cea50d1cbac27 -> 
  custom:video-encoder-webm-vp8: eb34c28f22e8b96e1ab97ce403110664 -> 
  custom:video-decoder-webm-vp8: 9c59270c3fd7afecdb556c50c9e8de78 -> 
  custom:audio-decoder-ogg-vorbis: bf7c407c2cedff20999df2af8eb42d56 -> 
  custom:audio-encoder-webm-vorbis: bf7c407c2cedff20999df2af8eb42d56 -> 
========================================================================
Received Prepare
Registering precompiled user dll's ...
Registered in 0.034172 seconds.
Begin MonoManager ReloadAssembly
Native extension for LinuxStandalone target not found
Native extension for WindowsStandalone target not found
Native extension for OSXStandalone target not found
Refreshing native plugins compatible for Editor in 1.42 ms, found 3 plugins.
Preloading 0 native plugins for Editor in 0.00 ms.
Mono: successfully reloaded assembly
- Completed reload, in  2.949 seconds
Platform modules already initialized, skipping
Refreshing native plugins compatible for Editor in 1.51 ms, found 3 plugins.
Preloading 0 native plugins for Editor in 0.00 ms.
Unloading 1538 Unused Serialized files (Serialized files now loaded: 0)
System memory in use before: 156.6 MB.
System memory in use after: 156.3 MB.

Unloading 32 unused Assets to reduce memory usage. Loaded Objects now: 2132.
Total: 6.259300 ms (FindLiveObjects: 0.442500 ms CreateObjectMapping: 0.135100 ms MarkObjects: 4.458700 ms  DeleteObjects: 1.220000 ms)

AssetImportParameters requested are different than current active one (requested -> active):
  custom:framework-win-MediaFoundation: 216162199b28c13a410421893ffa2e32 -> 
  custom:video-decoder-ogg-theora: a1e56fd34408186e4bbccfd4996cb3dc -> 
  custom:container-muxer-webm: aa71ff27fc2769a1b78a27578f13a17b -> 
  custom:container-demuxer-webm: 4f35f7cbe854078d1ac9338744f61a02 -> 
  custom:container-demuxer-ogg: 62fdf1f143b41e24485cea50d1cbac27 -> 
  custom:video-encoder-webm-vp8: eb34c28f22e8b96e1ab97ce403110664 -> 
  custom:video-decoder-webm-vp8: 9c59270c3fd7afecdb556c50c9e8de78 -> 
  custom:audio-decoder-ogg-vorbis: bf7c407c2cedff20999df2af8eb42d56 -> 
  custom:audio-encoder-webm-vorbis: bf7c407c2cedff20999df2af8eb42d56 -> 
========================================================================
Received Import Request.
  Time since last request: 478.857521 seconds.
  path: Assets/Prefabs/UI/MusicOBJ.prefab
  artifactKey: Guid(c473a90d44ecb5d4980e1ad927fff73d) Importer(815301076,1909f56bfc062723c751e8b465ee728b)
Start importing Assets/Prefabs/UI/MusicOBJ.prefab using Guid(c473a90d44ecb5d4980e1ad927fff73d) Importer(815301076,1909f56bfc062723c751e8b465ee728b)  -> (artifact id: '5121bb9054b7617432158dde97744050') in 0.069005 seconds 
  Import took 0.076095 seconds .

========================================================================
Received Prepare
Registering precompiled user dll's ...
Registered in 0.051841 seconds.
Begin MonoManager ReloadAssembly
Native extension for LinuxStandalone target not found
Native extension for WindowsStandalone target not found
Native extension for OSXStandalone target not found
Refreshing native plugins compatible for Editor in 1.52 ms, found 3 plugins.
Preloading 0 native plugins for Editor in 0.00 ms.
Mono: successfully reloaded assembly
- Completed reload, in  8.944 seconds
Platform modules already initialized, skipping
Refreshing native plugins compatible for Editor in 1.31 ms, found 3 plugins.
Preloading 0 native plugins for Editor in 0.00 ms.
Unloading 1538 Unused Serialized files (Serialized files now loaded: 0)
System memory in use before: 156.6 MB.
System memory in use after: 156.3 MB.

Unloading 32 unused Assets to reduce memory usage. Loaded Objects now: 2135.
Total: 6.392200 ms (FindLiveObjects: 0.605800 ms CreateObjectMapping: 0.177800 ms MarkObjects: 4.561900 ms  DeleteObjects: 1.042600 ms)

AssetImportParameters requested are different than current active one (requested -> active):
  custom:framework-win-MediaFoundation: 216162199b28c13a410421893ffa2e32 -> 
  custom:video-decoder-ogg-theora: a1e56fd34408186e4bbccfd4996cb3dc -> 
  custom:container-muxer-webm: aa71ff27fc2769a1b78a27578f13a17b -> 
  custom:container-demuxer-webm: 4f35f7cbe854078d1ac9338744f61a02 -> 
  custom:container-demuxer-ogg: 62fdf1f143b41e24485cea50d1cbac27 -> 
  custom:video-encoder-webm-vp8: eb34c28f22e8b96e1ab97ce403110664 -> 
  custom:video-decoder-webm-vp8: 9c59270c3fd7afecdb556c50c9e8de78 -> 
  custom:audio-decoder-ogg-vorbis: bf7c407c2cedff20999df2af8eb42d56 -> 
  custom:audio-encoder-webm-vorbis: bf7c407c2cedff20999df2af8eb42d56 -> 
========================================================================
Received Prepare
Registering precompiled user dll's ...
Registered in 0.050081 seconds.
Begin MonoManager ReloadAssembly
Native extension for LinuxStandalone target not found
Native extension for WindowsStandalone target not found
Native extension for OSXStandalone target not found
Refreshing native plugins compatible for Editor in 1.34 ms, found 3 plugins.
Preloading 0 native plugins for Editor in 0.00 ms.
Mono: successfully reloaded assembly
- Completed reload, in  3.736 seconds
Platform modules already initialized, skipping
Refreshing native plugins compatible for Editor in 1.29 ms, found 3 plugins.
Preloading 0 native plugins for Editor in 0.00 ms.
Unloading 1538 Unused Serialized files (Serialized files now loaded: 0)
System memory in use before: 156.6 MB.
System memory in use after: 156.3 MB.

Unloading 32 unused Assets to reduce memory usage. Loaded Objects now: 2138.
Total: 6.387700 ms (FindLiveObjects: 0.535300 ms CreateObjectMapping: 0.096100 ms MarkObjects: 4.351200 ms  DeleteObjects: 1.401100 ms)

AssetImportParameters requested are different than current active one (requested -> active):
  custom:framework-win-MediaFoundation: 216162199b28c13a410421893ffa2e32 -> 
  custom:video-decoder-ogg-theora: a1e56fd34408186e4bbccfd4996cb3dc -> 
  custom:container-muxer-webm: aa71ff27fc2769a1b78a27578f13a17b -> 
  custom:container-demuxer-webm: 4f35f7cbe854078d1ac9338744f61a02 -> 
  custom:container-demuxer-ogg: 62fdf1f143b41e24485cea50d1cbac27 -> 
  custom:video-encoder-webm-vp8: eb34c28f22e8b96e1ab97ce403110664 -> 
  custom:video-decoder-webm-vp8: 9c59270c3fd7afecdb556c50c9e8de78 -> 
  custom:audio-decoder-ogg-vorbis: bf7c407c2cedff20999df2af8eb42d56 -> 
  custom:audio-encoder-webm-vorbis: bf7c407c2cedff20999df2af8eb42d56 -> 
========================================================================
Received Prepare
Registering precompiled user dll's ...
Registered in 0.045435 seconds.
Begin MonoManager ReloadAssembly
Native extension for LinuxStandalone target not found
Native extension for WindowsStandalone target not found
Native extension for OSXStandalone target not found
Refreshing native plugins compatible for Editor in 1.40 ms, found 3 plugins.
Preloading 0 native plugins for Editor in 0.00 ms.
Mono: successfully reloaded assembly
- Completed reload, in  3.825 seconds
Platform modules already initialized, skipping
Refreshing native plugins compatible for Editor in 1.46 ms, found 3 plugins.
Preloading 0 native plugins for Editor in 0.00 ms.
Unloading 1538 Unused Serialized files (Serialized files now loaded: 0)
System memory in use before: 156.6 MB.
System memory in use after: 156.3 MB.

Unloading 32 unused Assets to reduce memory usage. Loaded Objects now: 2141.
Total: 6.216500 ms (FindLiveObjects: 0.521500 ms CreateObjectMapping: 0.117600 ms MarkObjects: 4.496400 ms  DeleteObjects: 1.077600 ms)

AssetImportParameters requested are different than current active one (requested -> active):
  custom:framework-win-MediaFoundation: 216162199b28c13a410421893ffa2e32 -> 
  custom:video-decoder-ogg-theora: a1e56fd34408186e4bbccfd4996cb3dc -> 
  custom:container-muxer-webm: aa71ff27fc2769a1b78a27578f13a17b -> 
  custom:container-demuxer-webm: 4f35f7cbe854078d1ac9338744f61a02 -> 
  custom:container-demuxer-ogg: 62fdf1f143b41e24485cea50d1cbac27 -> 
  custom:video-encoder-webm-vp8: eb34c28f22e8b96e1ab97ce403110664 -> 
  custom:video-decoder-webm-vp8: 9c59270c3fd7afecdb556c50c9e8de78 -> 
  custom:audio-decoder-ogg-vorbis: bf7c407c2cedff20999df2af8eb42d56 -> 
  custom:audio-encoder-webm-vorbis: bf7c407c2cedff20999df2af8eb42d56 -> 
========================================================================
Received Prepare
Registering precompiled user dll's ...
Registered in 0.050354 seconds.
Begin MonoManager ReloadAssembly
Native extension for LinuxStandalone target not found
Native extension for WindowsStandalone target not found
Native extension for OSXStandalone target not found
Refreshing native plugins compatible for Editor in 1.63 ms, found 3 plugins.
Preloading 0 native plugins for Editor in 0.00 ms.
Mono: successfully reloaded assembly
- Completed reload, in  3.630 seconds
Platform modules already initialized, skipping
Refreshing native plugins compatible for Editor in 1.73 ms, found 3 plugins.
Preloading 0 native plugins for Editor in 0.00 ms.
Unloading 1538 Unused Serialized files (Serialized files now loaded: 0)
System memory in use before: 156.6 MB.
System memory in use after: 156.3 MB.

Unloading 32 unused Assets to reduce memory usage. Loaded Objects now: 2144.
Total: 7.179200 ms (FindLiveObjects: 0.493600 ms CreateObjectMapping: 0.132300 ms MarkObjects: 5.057300 ms  DeleteObjects: 1.492300 ms)

AssetImportParameters requested are different than current active one (requested -> active):
  custom:framework-win-MediaFoundation: 216162199b28c13a410421893ffa2e32 -> 
  custom:video-decoder-ogg-theora: a1e56fd34408186e4bbccfd4996cb3dc -> 
  custom:container-muxer-webm: aa71ff27fc2769a1b78a27578f13a17b -> 
  custom:container-demuxer-webm: 4f35f7cbe854078d1ac9338744f61a02 -> 
  custom:container-demuxer-ogg: 62fdf1f143b41e24485cea50d1cbac27 -> 
  custom:video-encoder-webm-vp8: eb34c28f22e8b96e1ab97ce403110664 -> 
  custom:video-decoder-webm-vp8: 9c59270c3fd7afecdb556c50c9e8de78 -> 
  custom:audio-decoder-ogg-vorbis: bf7c407c2cedff20999df2af8eb42d56 -> 
  custom:audio-encoder-webm-vorbis: bf7c407c2cedff20999df2af8eb42d56 -> 
========================================================================
Received Prepare
Registering precompiled user dll's ...
Registered in 0.101158 seconds.
Begin MonoManager ReloadAssembly
Native extension for LinuxStandalone target not found
Native extension for WindowsStandalone target not found
Native extension for OSXStandalone target not found
Refreshing native plugins compatible for Editor in 1.55 ms, found 3 plugins.
Preloading 0 native plugins for Editor in 0.00 ms.
Mono: successfully reloaded assembly
- Completed reload, in  3.464 seconds
Platform modules already initialized, skipping
Refreshing native plugins compatible for Editor in 1.55 ms, found 3 plugins.
Preloading 0 native plugins for Editor in 0.00 ms.
Unloading 1538 Unused Serialized files (Serialized files now loaded: 0)
System memory in use before: 156.6 MB.
System memory in use after: 156.3 MB.

Unloading 32 unused Assets to reduce memory usage. Loaded Objects now: 2147.
Total: 7.451500 ms (FindLiveObjects: 0.452400 ms CreateObjectMapping: 0.113300 ms MarkObjects: 4.515100 ms  DeleteObjects: 2.366600 ms)

AssetImportParameters requested are different than current active one (requested -> active):
  custom:framework-win-MediaFoundation: 216162199b28c13a410421893ffa2e32 -> 
  custom:video-decoder-ogg-theora: a1e56fd34408186e4bbccfd4996cb3dc -> 
  custom:container-muxer-webm: aa71ff27fc2769a1b78a27578f13a17b -> 
  custom:container-demuxer-webm: 4f35f7cbe854078d1ac9338744f61a02 -> 
  custom:container-demuxer-ogg: 62fdf1f143b41e24485cea50d1cbac27 -> 
  custom:video-encoder-webm-vp8: eb34c28f22e8b96e1ab97ce403110664 -> 
  custom:video-decoder-webm-vp8: 9c59270c3fd7afecdb556c50c9e8de78 -> 
  custom:audio-decoder-ogg-vorbis: bf7c407c2cedff20999df2af8eb42d56 -> 
  custom:audio-encoder-webm-vorbis: bf7c407c2cedff20999df2af8eb42d56 -> 
========================================================================
Received Prepare
Registering precompiled user dll's ...
Registered in 0.035361 seconds.
Begin MonoManager ReloadAssembly
Native extension for LinuxStandalone target not found
Native extension for WindowsStandalone target not found
Native extension for OSXStandalone target not found
Refreshing native plugins compatible for Editor in 1.67 ms, found 3 plugins.
Preloading 0 native plugins for Editor in 0.00 ms.
Mono: successfully reloaded assembly
- Completed reload, in  4.113 seconds
Platform modules already initialized, skipping
Refreshing native plugins compatible for Editor in 1.97 ms, found 3 plugins.
Preloading 0 native plugins for Editor in 0.00 ms.
Unloading 1538 Unused Serialized files (Serialized files now loaded: 0)
System memory in use before: 156.6 MB.
System memory in use after: 156.3 MB.

Unloading 32 unused Assets to reduce memory usage. Loaded Objects now: 2150.
Total: 10.410400 ms (FindLiveObjects: 0.882500 ms CreateObjectMapping: 0.336300 ms MarkObjects: 5.983900 ms  DeleteObjects: 3.203400 ms)

AssetImportParameters requested are different than current active one (requested -> active):
  custom:framework-win-MediaFoundation: 216162199b28c13a410421893ffa2e32 -> 
  custom:video-decoder-ogg-theora: a1e56fd34408186e4bbccfd4996cb3dc -> 
  custom:container-muxer-webm: aa71ff27fc2769a1b78a27578f13a17b -> 
  custom:container-demuxer-webm: 4f35f7cbe854078d1ac9338744f61a02 -> 
  custom:container-demuxer-ogg: 62fdf1f143b41e24485cea50d1cbac27 -> 
  custom:video-encoder-webm-vp8: eb34c28f22e8b96e1ab97ce403110664 -> 
  custom:video-decoder-webm-vp8: 9c59270c3fd7afecdb556c50c9e8de78 -> 
  custom:audio-decoder-ogg-vorbis: bf7c407c2cedff20999df2af8eb42d56 -> 
  custom:audio-encoder-webm-vorbis: bf7c407c2cedff20999df2af8eb42d56 -> 
========================================================================
Received Prepare
Registering precompiled user dll's ...
Registered in 0.038433 seconds.
Begin MonoManager ReloadAssembly
Native extension for LinuxStandalone target not found
Native extension for WindowsStandalone target not found
Native extension for OSXStandalone target not found
Refreshing native plugins compatible for Editor in 1.66 ms, found 3 plugins.
Preloading 0 native plugins for Editor in 0.00 ms.
Mono: successfully reloaded assembly
- Completed reload, in  3.852 seconds
Platform modules already initialized, skipping
Refreshing native plugins compatible for Editor in 1.42 ms, found 3 plugins.
Preloading 0 native plugins for Editor in 0.00 ms.
Unloading 1538 Unused Serialized files (Serialized files now loaded: 0)
System memory in use before: 156.6 MB.
System memory in use after: 156.4 MB.

Unloading 32 unused Assets to reduce memory usage. Loaded Objects now: 2153.
Total: 7.529200 ms (FindLiveObjects: 0.542300 ms CreateObjectMapping: 0.161900 ms MarkObjects: 5.639600 ms  DeleteObjects: 1.181700 ms)

AssetImportParameters requested are different than current active one (requested -> active):
  custom:framework-win-MediaFoundation: 216162199b28c13a410421893ffa2e32 -> 
  custom:video-decoder-ogg-theora: a1e56fd34408186e4bbccfd4996cb3dc -> 
  custom:container-muxer-webm: aa71ff27fc2769a1b78a27578f13a17b -> 
  custom:container-demuxer-webm: 4f35f7cbe854078d1ac9338744f61a02 -> 
  custom:container-demuxer-ogg: 62fdf1f143b41e24485cea50d1cbac27 -> 
  custom:video-encoder-webm-vp8: eb34c28f22e8b96e1ab97ce403110664 -> 
  custom:video-decoder-webm-vp8: 9c59270c3fd7afecdb556c50c9e8de78 -> 
  custom:audio-decoder-ogg-vorbis: bf7c407c2cedff20999df2af8eb42d56 -> 
  custom:audio-encoder-webm-vorbis: bf7c407c2cedff20999df2af8eb42d56 -> 
========================================================================
Received Prepare
Registering precompiled user dll's ...
Registered in 0.034530 seconds.
Begin MonoManager ReloadAssembly
Native extension for LinuxStandalone target not found
Native extension for WindowsStandalone target not found
Native extension for OSXStandalone target not found
Refreshing native plugins compatible for Editor in 1.78 ms, found 3 plugins.
Preloading 0 native plugins for Editor in 0.00 ms.
Mono: successfully reloaded assembly
- Completed reload, in  4.087 seconds
Platform modules already initialized, skipping
Refreshing native plugins compatible for Editor in 1.90 ms, found 3 plugins.
Preloading 0 native plugins for Editor in 0.00 ms.
Unloading 1538 Unused Serialized files (Serialized files now loaded: 0)
System memory in use before: 156.7 MB.
System memory in use after: 156.4 MB.

Unloading 32 unused Assets to reduce memory usage. Loaded Objects now: 2156.
Total: 10.510900 ms (FindLiveObjects: 0.517400 ms CreateObjectMapping: 0.203300 ms MarkObjects: 6.393200 ms  DeleteObjects: 3.393200 ms)

AssetImportParameters requested are different than current active one (requested -> active):
  custom:framework-win-MediaFoundation: 216162199b28c13a410421893ffa2e32 -> 
  custom:video-decoder-ogg-theora: a1e56fd34408186e4bbccfd4996cb3dc -> 
  custom:container-muxer-webm: aa71ff27fc2769a1b78a27578f13a17b -> 
  custom:container-demuxer-webm: 4f35f7cbe854078d1ac9338744f61a02 -> 
  custom:container-demuxer-ogg: 62fdf1f143b41e24485cea50d1cbac27 -> 
  custom:video-encoder-webm-vp8: eb34c28f22e8b96e1ab97ce403110664 -> 
  custom:video-decoder-webm-vp8: 9c59270c3fd7afecdb556c50c9e8de78 -> 
  custom:audio-decoder-ogg-vorbis: bf7c407c2cedff20999df2af8eb42d56 -> 
  custom:audio-encoder-webm-vorbis: bf7c407c2cedff20999df2af8eb42d56 -> 
========================================================================
Received Prepare
Registering precompiled user dll's ...
Registered in 0.042010 seconds.
Begin MonoManager ReloadAssembly
Native extension for LinuxStandalone target not found
Native extension for WindowsStandalone target not found
Native extension for OSXStandalone target not found
Refreshing native plugins compatible for Editor in 1.88 ms, found 3 plugins.
Preloading 0 native plugins for Editor in 0.00 ms.
Mono: successfully reloaded assembly
- Completed reload, in  3.396 seconds
Platform modules already initialized, skipping
Refreshing native plugins compatible for Editor in 1.36 ms, found 3 plugins.
Preloading 0 native plugins for Editor in 0.00 ms.
Unloading 1538 Unused Serialized files (Serialized files now loaded: 0)
System memory in use before: 156.7 MB.
System memory in use after: 156.4 MB.

Unloading 32 unused Assets to reduce memory usage. Loaded Objects now: 2159.
Total: 6.263600 ms (FindLiveObjects: 0.469800 ms CreateObjectMapping: 0.114500 ms MarkObjects: 4.617800 ms  DeleteObjects: 1.058500 ms)

AssetImportParameters requested are different than current active one (requested -> active):
  custom:framework-win-MediaFoundation: 216162199b28c13a410421893ffa2e32 -> 
  custom:video-decoder-ogg-theora: a1e56fd34408186e4bbccfd4996cb3dc -> 
  custom:container-muxer-webm: aa71ff27fc2769a1b78a27578f13a17b -> 
  custom:container-demuxer-webm: 4f35f7cbe854078d1ac9338744f61a02 -> 
  custom:container-demuxer-ogg: 62fdf1f143b41e24485cea50d1cbac27 -> 
  custom:video-encoder-webm-vp8: eb34c28f22e8b96e1ab97ce403110664 -> 
  custom:video-decoder-webm-vp8: 9c59270c3fd7afecdb556c50c9e8de78 -> 
  custom:audio-decoder-ogg-vorbis: bf7c407c2cedff20999df2af8eb42d56 -> 
  custom:audio-encoder-webm-vorbis: bf7c407c2cedff20999df2af8eb42d56 -> 
========================================================================
Received Prepare
Registering precompiled user dll's ...
Registered in 0.036735 seconds.
Begin MonoManager ReloadAssembly
Native extension for LinuxStandalone target not found
Native extension for WindowsStandalone target not found
Native extension for OSXStandalone target not found
Refreshing native plugins compatible for Editor in 1.32 ms, found 3 plugins.
Preloading 0 native plugins for Editor in 0.00 ms.
Mono: successfully reloaded assembly
- Completed reload, in  3.264 seconds
Platform modules already initialized, skipping
Refreshing native plugins compatible for Editor in 1.40 ms, found 3 plugins.
Preloading 0 native plugins for Editor in 0.00 ms.
Unloading 1538 Unused Serialized files (Serialized files now loaded: 0)
System memory in use before: 156.7 MB.
System memory in use after: 156.4 MB.

Unloading 32 unused Assets to reduce memory usage. Loaded Objects now: 2162.
Total: 6.917200 ms (FindLiveObjects: 0.452800 ms CreateObjectMapping: 0.132400 ms MarkObjects: 5.101700 ms  DeleteObjects: 1.226500 ms)

AssetImportParameters requested are different than current active one (requested -> active):
  custom:framework-win-MediaFoundation: 216162199b28c13a410421893ffa2e32 -> 
  custom:video-decoder-ogg-theora: a1e56fd34408186e4bbccfd4996cb3dc -> 
  custom:container-muxer-webm: aa71ff27fc2769a1b78a27578f13a17b -> 
  custom:container-demuxer-webm: 4f35f7cbe854078d1ac9338744f61a02 -> 
  custom:container-demuxer-ogg: 62fdf1f143b41e24485cea50d1cbac27 -> 
  custom:video-encoder-webm-vp8: eb34c28f22e8b96e1ab97ce403110664 -> 
  custom:video-decoder-webm-vp8: 9c59270c3fd7afecdb556c50c9e8de78 -> 
  custom:audio-decoder-ogg-vorbis: bf7c407c2cedff20999df2af8eb42d56 -> 
  custom:audio-encoder-webm-vorbis: bf7c407c2cedff20999df2af8eb42d56 -> 
========================================================================
Received Prepare
Registering precompiled user dll's ...
Registered in 0.044168 seconds.
Begin MonoManager ReloadAssembly
Native extension for LinuxStandalone target not found
Native extension for WindowsStandalone target not found
Native extension for OSXStandalone target not found
Refreshing native plugins compatible for Editor in 1.50 ms, found 3 plugins.
Preloading 0 native plugins for Editor in 0.00 ms.
Mono: successfully reloaded assembly
- Completed reload, in  2.965 seconds
Platform modules already initialized, skipping
Refreshing native plugins compatible for Editor in 1.46 ms, found 3 plugins.
Preloading 0 native plugins for Editor in 0.00 ms.
Unloading 1538 Unused Serialized files (Serialized files now loaded: 0)
System memory in use before: 156.7 MB.
System memory in use after: 156.4 MB.

Unloading 32 unused Assets to reduce memory usage. Loaded Objects now: 2165.
Total: 5.881600 ms (FindLiveObjects: 0.517000 ms CreateObjectMapping: 0.198300 ms MarkObjects: 4.070200 ms  DeleteObjects: 1.091600 ms)

AssetImportParameters requested are different than current active one (requested -> active):
  custom:framework-win-MediaFoundation: 216162199b28c13a410421893ffa2e32 -> 
  custom:video-decoder-ogg-theora: a1e56fd34408186e4bbccfd4996cb3dc -> 
  custom:container-muxer-webm: aa71ff27fc2769a1b78a27578f13a17b -> 
  custom:container-demuxer-webm: 4f35f7cbe854078d1ac9338744f61a02 -> 
  custom:container-demuxer-ogg: 62fdf1f143b41e24485cea50d1cbac27 -> 
  custom:video-encoder-webm-vp8: eb34c28f22e8b96e1ab97ce403110664 -> 
  custom:video-decoder-webm-vp8: 9c59270c3fd7afecdb556c50c9e8de78 -> 
  custom:audio-decoder-ogg-vorbis: bf7c407c2cedff20999df2af8eb42d56 -> 
  custom:audio-encoder-webm-vorbis: bf7c407c2cedff20999df2af8eb42d56 -> 
========================================================================
Received Prepare
Registering precompiled user dll's ...
Registered in 0.051192 seconds.
Begin MonoManager ReloadAssembly
Native extension for LinuxStandalone target not found
Native extension for WindowsStandalone target not found
Native extension for OSXStandalone target not found
Refreshing native plugins compatible for Editor in 2.46 ms, found 3 plugins.
Preloading 0 native plugins for Editor in 0.00 ms.
Mono: successfully reloaded assembly
- Completed reload, in  4.410 seconds
Platform modules already initialized, skipping
Refreshing native plugins compatible for Editor in 1.46 ms, found 3 plugins.
Preloading 0 native plugins for Editor in 0.00 ms.
Unloading 1538 Unused Serialized files (Serialized files now loaded: 0)
System memory in use before: 156.7 MB.
System memory in use after: 156.4 MB.

Unloading 32 unused Assets to reduce memory usage. Loaded Objects now: 2168.
Total: 20.123700 ms (FindLiveObjects: 0.558400 ms CreateObjectMapping: 0.160300 ms MarkObjects: 11.784600 ms  DeleteObjects: 7.616600 ms)

AssetImportParameters requested are different than current active one (requested -> active):
  custom:framework-win-MediaFoundation: 216162199b28c13a410421893ffa2e32 -> 
  custom:video-decoder-ogg-theora: a1e56fd34408186e4bbccfd4996cb3dc -> 
  custom:container-muxer-webm: aa71ff27fc2769a1b78a27578f13a17b -> 
  custom:container-demuxer-webm: 4f35f7cbe854078d1ac9338744f61a02 -> 
  custom:container-demuxer-ogg: 62fdf1f143b41e24485cea50d1cbac27 -> 
  custom:video-encoder-webm-vp8: eb34c28f22e8b96e1ab97ce403110664 -> 
  custom:video-decoder-webm-vp8: 9c59270c3fd7afecdb556c50c9e8de78 -> 
  custom:audio-decoder-ogg-vorbis: bf7c407c2cedff20999df2af8eb42d56 -> 
  custom:audio-encoder-webm-vorbis: bf7c407c2cedff20999df2af8eb42d56 -> 
========================================================================
Received Import Request.
  Time since last request: 2198.318131 seconds.
  path: Assets/Prefabs/UI/SettingPanel.prefab
  artifactKey: Guid(ed8d46dd67bdb5549ba65964800cfb47) Importer(815301076,1909f56bfc062723c751e8b465ee728b)
Start importing Assets/Prefabs/UI/SettingPanel.prefab using Guid(ed8d46dd67bdb5549ba65964800cfb47) Importer(815301076,1909f56bfc062723c751e8b465ee728b)  -> (artifact id: '9f6d1193e44050aba44c4a62145459cc') in 0.136031 seconds 
  Import took 0.147429 seconds .

========================================================================
Received Prepare
Registering precompiled user dll's ...
Registered in 0.045982 seconds.
Begin MonoManager ReloadAssembly
Native extension for LinuxStandalone target not found
Native extension for WindowsStandalone target not found
Native extension for OSXStandalone target not found
Refreshing native plugins compatible for Editor in 1.71 ms, found 3 plugins.
Preloading 0 native plugins for Editor in 0.00 ms.
Mono: successfully reloaded assembly
- Completed reload, in 11.652 seconds
Platform modules already initialized, skipping
Refreshing native plugins compatible for Editor in 1.61 ms, found 3 plugins.
Preloading 0 native plugins for Editor in 0.00 ms.
Unloading 1538 Unused Serialized files (Serialized files now loaded: 0)
System memory in use before: 156.7 MB.
System memory in use after: 156.4 MB.

Unloading 34 unused Assets to reduce memory usage. Loaded Objects now: 2171.
Total: 6.071800 ms (FindLiveObjects: 0.413400 ms CreateObjectMapping: 0.087600 ms MarkObjects: 4.490200 ms  DeleteObjects: 1.076600 ms)

AssetImportParameters requested are different than current active one (requested -> active):
  custom:framework-win-MediaFoundation: 216162199b28c13a410421893ffa2e32 -> 
  custom:video-decoder-ogg-theora: a1e56fd34408186e4bbccfd4996cb3dc -> 
  custom:container-muxer-webm: aa71ff27fc2769a1b78a27578f13a17b -> 
  custom:container-demuxer-webm: 4f35f7cbe854078d1ac9338744f61a02 -> 
  custom:container-demuxer-ogg: 62fdf1f143b41e24485cea50d1cbac27 -> 
  custom:video-encoder-webm-vp8: eb34c28f22e8b96e1ab97ce403110664 -> 
  custom:video-decoder-webm-vp8: 9c59270c3fd7afecdb556c50c9e8de78 -> 
  custom:audio-decoder-ogg-vorbis: bf7c407c2cedff20999df2af8eb42d56 -> 
  custom:audio-encoder-webm-vorbis: bf7c407c2cedff20999df2af8eb42d56 -> 
AssetImportWorkerClient::OnTransportError - code=2 error=End of file
